00:00:00.000143 main     VirtualBox XPCOM Server 7.0.12 r159484 linux.amd64 (Oct 12 2023 16:34:38) release log
00:00:00.000144 main     Log opened 2024-05-18T06:18:41.529475000Z
00:00:00.000149 main     Build Type: release
00:00:00.000152 main     OS Product: Linux
00:00:00.000152 main     OS Release: 6.8.6
00:00:00.000152 main     OS Version: #1-NixOS SMP PREEMPT_DYNAMIC Sat Apr 13 11:10:12 UTC 2024
00:00:00.000165 main     DMI Product Name: MS-7E26
00:00:00.000171 main     DMI Product Version: 1.0
00:00:00.000174 main     Firmware type: UEFI
00:00:00.000233 main     Secure Boot: Disabled
00:00:00.000250 main     Host RAM: 31250MB (30.5GB) total, 26095MB (25.4GB) available
00:00:00.000251 main     Executable: /nix/store/l5sz8h1pkrvcaqds62ghli6qbhp0sx9x-virtualbox-7.0.12/libexec/virtualbox/VBoxSVC
00:00:00.000251 main     Process ID: 71960
00:00:00.000251 main     Package type: LINUX_64BITS_GENERIC (OSE)
00:00:00.000921 main     IPC socket path: /tmp/.vbox-dabs-ipc/ipcd
00:00:00.102904 nspr-2   VirtualBox: object creation starts
00:00:00.102975 nspr-2   Home directory: '/home/dabs/.config/VirtualBox'
00:00:00.103518 nspr-2   Loading settings file "/home/dabs/.config/VirtualBox/VirtualBox.xml" with version "1.12-linux"
00:00:00.105041 nspr-2   Successfully initialised host USB using sysfs
00:00:00.117665 nspr-2   NetIfAdpCtlOut: VBoxNetAdpCtl: Error while retrieving link speed for wlp14s0: VBoxNetAdpCtl: ioctl failed: Operation not supported
00:00:00.118232 nspr-2   HostDnsMonitor: initializing
00:00:00.118326 nspr-2   NAT: resolv.conf: nameserver 192.168.0.1
00:00:00.118329 nspr-2   NAT: resolv.conf: FIXME: ignoring IPv6 zone %wlp14s0
00:00:00.118330 nspr-2   NAT: resolv.conf: nameserver fe80::1e3b:f3ff:fe76:c76e
00:00:00.118331 nspr-2   NAT: resolv.conf: ignoring "options edns0"
00:00:00.118334 nspr-2   HostDnsMonitor: updating information
00:00:00.118337 nspr-2   HostDnsMonitor: old information
00:00:00.118338 nspr-2     no server entries
00:00:00.118339 nspr-2     no domain set
00:00:00.118340 nspr-2     no search string entries
00:00:00.118341 nspr-2   HostDnsMonitor: new information
00:00:00.118341 nspr-2     server 1: 192.168.0.1
00:00:00.118342 nspr-2     server 2: fe80::1e3b:f3ff:fe76:c76e%wlp14s0
00:00:00.118343 nspr-2     no domain set
00:00:00.118344 nspr-2     no search string entries
00:00:00.119651 nspr-2   VD: VDInit finished with VINF_SUCCESS
00:00:00.121171 nspr-2   Loading settings file "/home/dabs/VirtualBox VMs/Parrot Security OVA 5.3/Parrot Security OVA 5.3.vbox" with version "1.19-linux"
00:00:00.121604 nspr-2   Loading settings file "/home/dabs/VirtualBox VMs/ParrotSecurity ISO 6.0/ParrotSecurity ISO 6.0.vbox" with version "1.19-linux"
00:00:00.122161 nspr-2   Loading settings file "/home/dabs/VirtualBox VMs/Kali Linux 2024.1/Kali Linux 2024.1.vbox" with version "1.19-linux"
00:00:00.122384 nspr-2   VirtualBox: object created
00:00:00.517054 nspr-4   ERROR [COM]: aRC=VBOX_E_INVALID_VM_STATE (0x80bb0002) aIID={300763af-5d6b-46e6-aa96-273eac15538a} aComponent={MachineWrap} aText={The machine is not mutable (state is PoweredOff)}, preserve=false aResultDetail=0
00:30:20.199880 nspr-2   Unattended: RTVfsQueryPathInfo(, '\OS2IMAGE/DISK_0/OS2LDR' (from OS2SE20.SRC),) -> VERR_PATH_NOT_FOUND, fMode=0x0
00:30:20.210199 nspr-2   Saving settings file "/home/dabs/.config/VirtualBox/VirtualBox.xml" with version "1.12-linux"
00:30:20.220161 nspr-2   Finished saving settings file "/home/dabs/.config/VirtualBox/VirtualBox.xml"
00:31:45.356581 createBase Saving settings file "/home/dabs/.config/VirtualBox/VirtualBox.xml" with version "1.12-linux"
00:31:45.367045 createBase Finished saving settings file "/home/dabs/.config/VirtualBox/VirtualBox.xml"
00:31:45.370758 nspr-5   Saving settings file "/home/dabs/VirtualBox VMs/garuda hyprland/garuda hyprland.vbox" with version "1.19-linux"
00:31:45.387339 nspr-5   Finished saving settings file "/home/dabs/VirtualBox VMs/garuda hyprland/garuda hyprland.vbox"
00:31:45.387383 nspr-5   Saving settings file "/home/dabs/.config/VirtualBox/VirtualBox.xml" with version "1.12-linux"
00:31:45.397302 nspr-5   Finished saving settings file "/home/dabs/.config/VirtualBox/VirtualBox.xml"
00:31:45.399021 nspr-3   Saving settings file "/home/dabs/.config/VirtualBox/VirtualBox.xml" with version "1.12-linux"
00:31:45.409113 nspr-3   Finished saving settings file "/home/dabs/.config/VirtualBox/VirtualBox.xml"
00:31:45.410199 nspr-2   Saving settings file "/home/dabs/.config/VirtualBox/VirtualBox.xml" with version "1.12-linux"
00:31:45.420238 nspr-2   Finished saving settings file "/home/dabs/.config/VirtualBox/VirtualBox.xml"
00:31:45.420552 nspr-5   Saving settings file "/home/dabs/VirtualBox VMs/garuda hyprland/garuda hyprland.vbox" with version "1.19-linux"
00:31:45.430643 nspr-5   Finished saving settings file "/home/dabs/VirtualBox VMs/garuda hyprland/garuda hyprland.vbox"
00:31:45.447446 nspr-5   Saving settings file "/home/dabs/.config/VirtualBox/VirtualBox.xml" with version "1.12-linux"
00:31:45.457520 nspr-5   Finished saving settings file "/home/dabs/.config/VirtualBox/VirtualBox.xml"
00:31:45.473010 nspr-4   ERROR [COM]: aRC=VBOX_E_INVALID_VM_STATE (0x80bb0002) aIID={300763af-5d6b-46e6-aa96-273eac15538a} aComponent={MachineWrap} aText={The machine is not mutable (state is PoweredOff)}, preserve=false aResultDetail=0
00:31:49.548563 nspr-2   Launched VM: 4093651904 pid: 92209 (0x16831) frontend: GUI/Qt name: garuda hyprland
00:31:49.558823 nspr-2   ERROR [COM]: aRC=VBOX_E_INVALID_VM_STATE (0x80bb0002) aIID={300763af-5d6b-46e6-aa96-273eac15538a} aComponent={MachineWrap} aText={The machine is not mutable (state is PoweredOff)}, preserve=false aResultDetail=0
00:31:49.720777 nspr-7   ERROR [COM]: aRC=VBOX_E_INVALID_VM_STATE (0x80bb0002) aIID={300763af-5d6b-46e6-aa96-273eac15538a} aComponent={MachineWrap} aText={The machine is not mutable (state is PoweredOff)}, preserve=false aResultDetail=0
00:31:50.025180 nspr-5   ERROR [COM]: aRC=VBOX_E_OBJECT_NOT_FOUND (0x80bb0001) aIID={70401eef-c8e9-466b-9660-45cb3e9979e4} aComponent={ExtPackManagerWrap} aText={No extension pack by the name 'Oracle VM VirtualBox Extension Pack' was found}, preserve=false aResultDetail=0
00:31:50.057495 nspr-7   ERROR [COM]: aRC=VBOX_E_IPRT_ERROR (0x80bb0005) aIID={300763af-5d6b-46e6-aa96-273eac15538a} aComponent={SessionMachine} aText={Saved screenshot data is not available (VERR_NOT_SUPPORTED)}, preserve=false aResultDetail=-37
00:31:50.081574 nspr-7   NetIfAdpCtlOut: VBoxNetAdpCtl: Error while retrieving link speed for wlp14s0: VBoxNetAdpCtl: ioctl failed: Operation not supported
00:31:50.102866 nspr-6   ERROR [COM]: aRC=VBOX_E_INVALID_VM_STATE (0x80bb0002) aIID={300763af-5d6b-46e6-aa96-273eac15538a} aComponent={MachineWrap} aText={The machine is not mutable (state is Starting)}, preserve=false aResultDetail=0
00:31:50.213614 nspr-2   ERROR [COM]: aRC=VBOX_E_OBJECT_NOT_FOUND (0x80bb0001) aIID={ad47ad09-787b-44ab-b343-a082a3f2dfb1} aComponent={MediumWrap} aText={Property 'CRYPT/KeyId' does not exist}, preserve=false aResultDetail=0
00:31:50.214202 nspr-2   ERROR [COM]: aRC=VBOX_E_OBJECT_NOT_FOUND (0x80bb0001) aIID={ad47ad09-787b-44ab-b343-a082a3f2dfb1} aComponent={MediumWrap} aText={Property 'CRYPT/KeyId' does not exist}, preserve=false aResultDetail=0
00:31:50.231013 nspr-4   ERROR [COM]: aRC=VBOX_E_INVALID_VM_STATE (0x80bb0002) aIID={300763af-5d6b-46e6-aa96-273eac15538a} aComponent={MachineWrap} aText={The machine is not mutable (state is Running)}, preserve=false aResultDetail=0
00:31:50.345615 nspr-2   Saving settings file "/home/dabs/VirtualBox VMs/garuda hyprland/garuda hyprland.vbox" with version "1.19-linux"
00:31:50.356242 nspr-2   Finished saving settings file "/home/dabs/VirtualBox VMs/garuda hyprland/garuda hyprland.vbox"
00:31:50.361840 nspr-6   ERROR [COM]: aRC=VBOX_E_INVALID_VM_STATE (0x80bb0002) aIID={300763af-5d6b-46e6-aa96-273eac15538a} aComponent={MachineWrap} aText={The machine is not mutable (state is Running)}, preserve=false aResultDetail=0
00:31:54.037210 nspr-6   Saving settings file "/home/dabs/VirtualBox VMs/garuda hyprland/garuda hyprland.vbox" with version "1.19-linux"
00:31:54.048807 nspr-6   Finished saving settings file "/home/dabs/VirtualBox VMs/garuda hyprland/garuda hyprland.vbox"
00:31:54.054374 nspr-4   ERROR [COM]: aRC=VBOX_E_INVALID_VM_STATE (0x80bb0002) aIID={300763af-5d6b-46e6-aa96-273eac15538a} aComponent={MachineWrap} aText={The machine is not mutable (state is Running)}, preserve=false aResultDetail=0
00:31:56.337121 nspr-6   Saving settings file "/home/dabs/VirtualBox VMs/garuda hyprland/garuda hyprland.vbox" with version "1.19-linux"
00:31:56.348892 nspr-6   Finished saving settings file "/home/dabs/VirtualBox VMs/garuda hyprland/garuda hyprland.vbox"
00:31:56.354753 nspr-4   ERROR [COM]: aRC=VBOX_E_INVALID_VM_STATE (0x80bb0002) aIID={300763af-5d6b-46e6-aa96-273eac15538a} aComponent={MachineWrap} aText={The machine is not mutable (state is Running)}, preserve=false aResultDetail=0
00:31:59.609447 nspr-2   Saving settings file "/home/dabs/VirtualBox VMs/garuda hyprland/garuda hyprland.vbox" with version "1.19-linux"
00:31:59.621153 nspr-2   Finished saving settings file "/home/dabs/VirtualBox VMs/garuda hyprland/garuda hyprland.vbox"
00:31:59.627670 nspr-6   ERROR [COM]: aRC=VBOX_E_INVALID_VM_STATE (0x80bb0002) aIID={300763af-5d6b-46e6-aa96-273eac15538a} aComponent={MachineWrap} aText={The machine is not mutable (state is Running)}, preserve=false aResultDetail=0
00:32:13.127041 nspr-2   Saving settings file "/home/dabs/VirtualBox VMs/garuda hyprland/garuda hyprland.vbox" with version "1.19-linux"
00:32:13.138711 nspr-2   Finished saving settings file "/home/dabs/VirtualBox VMs/garuda hyprland/garuda hyprland.vbox"
00:32:13.144983 nspr-4   ERROR [COM]: aRC=VBOX_E_INVALID_VM_STATE (0x80bb0002) aIID={300763af-5d6b-46e6-aa96-273eac15538a} aComponent={MachineWrap} aText={The machine is not mutable (state is Running)}, preserve=false aResultDetail=0
00:32:29.670406 nspr-3   Saving settings file "/home/dabs/VirtualBox VMs/garuda hyprland/garuda hyprland.vbox" with version "1.19-linux"
00:32:29.686137 nspr-3   Finished saving settings file "/home/dabs/VirtualBox VMs/garuda hyprland/garuda hyprland.vbox"
00:32:29.692498 nspr-8   ERROR [COM]: aRC=VBOX_E_INVALID_VM_STATE (0x80bb0002) aIID={300763af-5d6b-46e6-aa96-273eac15538a} aComponent={MachineWrap} aText={The machine is not mutable (state is Running)}, preserve=false aResultDetail=0
00:32:35.660738 nspr-3   Saving settings file "/home/dabs/VirtualBox VMs/garuda hyprland/garuda hyprland.vbox" with version "1.19-linux"
00:32:35.672619 nspr-3   Finished saving settings file "/home/dabs/VirtualBox VMs/garuda hyprland/garuda hyprland.vbox"
00:32:35.678776 nspr-4   ERROR [COM]: aRC=VBOX_E_INVALID_VM_STATE (0x80bb0002) aIID={300763af-5d6b-46e6-aa96-273eac15538a} aComponent={MachineWrap} aText={The machine is not mutable (state is Running)}, preserve=false aResultDetail=0
00:32:36.117431 nspr-2   ERROR [COM]: aRC=VBOX_E_INVALID_VM_STATE (0x80bb0002) aIID={300763af-5d6b-46e6-aa96-273eac15538a} aComponent={MachineWrap} aText={The machine is not mutable (state is Stopping)}, preserve=false aResultDetail=0
00:32:36.149209 nspr-6   Saving settings file "/home/dabs/VirtualBox VMs/garuda hyprland/garuda hyprland.vbox" with version "1.19-linux"
00:32:36.164109 nspr-6   Finished saving settings file "/home/dabs/VirtualBox VMs/garuda hyprland/garuda hyprland.vbox"
00:32:36.170168 nspr-6   ERROR [COM]: aRC=VBOX_E_INVALID_VM_STATE (0x80bb0002) aIID={300763af-5d6b-46e6-aa96-273eac15538a} aComponent={MachineWrap} aText={The machine is not mutable (state is PoweredOff)}, preserve=false aResultDetail=0
00:32:37.658731 nspr-7   ERROR [COM]: aRC=VBOX_E_INVALID_VM_STATE (0x80bb0002) aIID={300763af-5d6b-46e6-aa96-273eac15538a} aComponent={MachineWrap} aText={The machine is not mutable (state is PoweredOff)}, preserve=false aResultDetail=0
00:32:43.211861 nspr-4   Saving settings file "/home/dabs/.config/VirtualBox/VirtualBox.xml" with version "1.12-linux"
00:32:43.224096 nspr-4   Finished saving settings file "/home/dabs/.config/VirtualBox/VirtualBox.xml"
00:32:43.224125 nspr-4   Saving settings file "/home/dabs/.config/VirtualBox/VirtualBox.xml" with version "1.12-linux"
00:32:43.234292 nspr-4   Finished saving settings file "/home/dabs/.config/VirtualBox/VirtualBox.xml"
00:32:43.236320 DeleteVM Saving settings file "/home/dabs/.config/VirtualBox/VirtualBox.xml" with version "1.12-linux"
00:32:43.252265 DeleteVM Finished saving settings file "/home/dabs/.config/VirtualBox/VirtualBox.xml"
00:32:43.253076 nspr-6   Saving settings file "/home/dabs/.config/VirtualBox/VirtualBox.xml" with version "1.12-linux"
00:32:43.263061 nspr-6   Finished saving settings file "/home/dabs/.config/VirtualBox/VirtualBox.xml"
00:32:43.264089 nspr-8   ERROR [COM]: aRC=VBOX_E_OBJECT_NOT_FOUND (0x80bb0001) aIID={7682d5eb-f00e-44f1-8ca2-99d08b1cd607} aComponent={VirtualBoxWrap} aText={Could not find a registered machine with UUID {5b437910-dd78-4c96-bc32-06e6d0a6c3bf}}, preserve=false aResultDetail=0
00:32:43.267917 nspr-7   ERROR [COM]: aRC=VBOX_E_OBJECT_NOT_FOUND (0x80bb0001) aIID={7682d5eb-f00e-44f1-8ca2-99d08b1cd607} aComponent={VirtualBoxWrap} aText={Could not find a registered machine with UUID {5b437910-dd78-4c96-bc32-06e6d0a6c3bf}}, preserve=false aResultDetail=0
00:32:43.280810 nspr-8   ERROR [COM]: aRC=VBOX_E_INVALID_VM_STATE (0x80bb0002) aIID={300763af-5d6b-46e6-aa96-273eac15538a} aComponent={MachineWrap} aText={The machine is not mutable (state is PoweredOff)}, preserve=false aResultDetail=0
00:32:52.557686 nspr-7   Unattended: RTVfsQueryPathInfo(, '\OS2IMAGE/DISK_0/OS2LDR' (from OS2SE20.SRC),) -> VERR_PATH_NOT_FOUND, fMode=0x0
00:33:20.198132 createBase Saving settings file "/home/dabs/.config/VirtualBox/VirtualBox.xml" with version "1.12-linux"
00:33:20.208813 createBase Finished saving settings file "/home/dabs/.config/VirtualBox/VirtualBox.xml"
00:33:20.212399 nspr-5   Saving settings file "/home/dabs/VirtualBox VMs/garuda hyprland/garuda hyprland.vbox" with version "1.19-linux"
00:33:20.222393 nspr-5   Finished saving settings file "/home/dabs/VirtualBox VMs/garuda hyprland/garuda hyprland.vbox"
00:33:20.222440 nspr-5   Saving settings file "/home/dabs/.config/VirtualBox/VirtualBox.xml" with version "1.12-linux"
00:33:20.232596 nspr-5   Finished saving settings file "/home/dabs/.config/VirtualBox/VirtualBox.xml"
00:33:20.233954 nspr-5   Saving settings file "/home/dabs/.config/VirtualBox/VirtualBox.xml" with version "1.12-linux"
00:33:20.244005 nspr-5   Finished saving settings file "/home/dabs/.config/VirtualBox/VirtualBox.xml"
00:33:20.244868 nspr-4   Saving settings file "/home/dabs/VirtualBox VMs/garuda hyprland/garuda hyprland.vbox" with version "1.19-linux"
00:33:20.254789 nspr-4   Finished saving settings file "/home/dabs/VirtualBox VMs/garuda hyprland/garuda hyprland.vbox"
00:33:20.269927 nspr-4   Saving settings file "/home/dabs/.config/VirtualBox/VirtualBox.xml" with version "1.12-linux"
00:33:20.279910 nspr-4   Finished saving settings file "/home/dabs/.config/VirtualBox/VirtualBox.xml"
00:33:20.294466 nspr-3   ERROR [COM]: aRC=VBOX_E_INVALID_VM_STATE (0x80bb0002) aIID={300763af-5d6b-46e6-aa96-273eac15538a} aComponent={MachineWrap} aText={The machine is not mutable (state is PoweredOff)}, preserve=false aResultDetail=0
00:34:01.716086 nspr-4   Launched VM: 4093660048 pid: 92329 (0x168a9) frontend: GUI/Qt name: garuda hyprland
00:34:01.726431 nspr-3   ERROR [COM]: aRC=VBOX_E_INVALID_VM_STATE (0x80bb0002) aIID={300763af-5d6b-46e6-aa96-273eac15538a} aComponent={MachineWrap} aText={The machine is not mutable (state is PoweredOff)}, preserve=false aResultDetail=0
00:34:01.878957 nspr-7   ERROR [COM]: aRC=VBOX_E_INVALID_VM_STATE (0x80bb0002) aIID={300763af-5d6b-46e6-aa96-273eac15538a} aComponent={MachineWrap} aText={The machine is not mutable (state is PoweredOff)}, preserve=false aResultDetail=0
00:34:02.181857 nspr-7   ERROR [COM]: aRC=VBOX_E_OBJECT_NOT_FOUND (0x80bb0001) aIID={70401eef-c8e9-466b-9660-45cb3e9979e4} aComponent={ExtPackManagerWrap} aText={No extension pack by the name 'Oracle VM VirtualBox Extension Pack' was found}, preserve=false aResultDetail=0
00:34:02.211468 nspr-7   ERROR [COM]: aRC=VBOX_E_IPRT_ERROR (0x80bb0005) aIID={300763af-5d6b-46e6-aa96-273eac15538a} aComponent={SessionMachine} aText={Saved screenshot data is not available (VERR_NOT_SUPPORTED)}, preserve=false aResultDetail=-37
00:34:02.237539 nspr-2   NetIfAdpCtlOut: VBoxNetAdpCtl: Error while retrieving link speed for wlp14s0: VBoxNetAdpCtl: ioctl failed: Operation not supported
00:34:02.260437 nspr-5   ERROR [COM]: aRC=VBOX_E_INVALID_VM_STATE (0x80bb0002) aIID={300763af-5d6b-46e6-aa96-273eac15538a} aComponent={MachineWrap} aText={The machine is not mutable (state is Starting)}, preserve=false aResultDetail=0
00:34:02.384016 nspr-6   ERROR [COM]: aRC=VBOX_E_OBJECT_NOT_FOUND (0x80bb0001) aIID={ad47ad09-787b-44ab-b343-a082a3f2dfb1} aComponent={MediumWrap} aText={Property 'CRYPT/KeyId' does not exist}, preserve=false aResultDetail=0
00:34:02.384623 nspr-6   ERROR [COM]: aRC=VBOX_E_OBJECT_NOT_FOUND (0x80bb0001) aIID={ad47ad09-787b-44ab-b343-a082a3f2dfb1} aComponent={MediumWrap} aText={Property 'CRYPT/KeyId' does not exist}, preserve=false aResultDetail=0
00:34:02.401163 nspr-2   ERROR [COM]: aRC=VBOX_E_INVALID_VM_STATE (0x80bb0002) aIID={300763af-5d6b-46e6-aa96-273eac15538a} aComponent={MachineWrap} aText={The machine is not mutable (state is Running)}, preserve=false aResultDetail=0
00:34:02.529467 nspr-2   Saving settings file "/home/dabs/VirtualBox VMs/garuda hyprland/garuda hyprland.vbox" with version "1.19-linux"
00:34:02.541180 nspr-2   Finished saving settings file "/home/dabs/VirtualBox VMs/garuda hyprland/garuda hyprland.vbox"
00:34:02.546412 nspr-3   ERROR [COM]: aRC=VBOX_E_INVALID_VM_STATE (0x80bb0002) aIID={300763af-5d6b-46e6-aa96-273eac15538a} aComponent={MachineWrap} aText={The machine is not mutable (state is Running)}, preserve=false aResultDetail=0
00:34:05.345114 nspr-5   Saving settings file "/home/dabs/VirtualBox VMs/garuda hyprland/garuda hyprland.vbox" with version "1.19-linux"
00:34:05.356853 nspr-5   Finished saving settings file "/home/dabs/VirtualBox VMs/garuda hyprland/garuda hyprland.vbox"
00:34:05.362527 nspr-4   ERROR [COM]: aRC=VBOX_E_INVALID_VM_STATE (0x80bb0002) aIID={300763af-5d6b-46e6-aa96-273eac15538a} aComponent={MachineWrap} aText={The machine is not mutable (state is Running)}, preserve=false aResultDetail=0
00:34:10.115033 nspr-3   Saving settings file "/home/dabs/VirtualBox VMs/garuda hyprland/garuda hyprland.vbox" with version "1.19-linux"
00:34:10.126858 nspr-3   Finished saving settings file "/home/dabs/VirtualBox VMs/garuda hyprland/garuda hyprland.vbox"
00:34:10.132568 nspr-8   ERROR [COM]: aRC=VBOX_E_INVALID_VM_STATE (0x80bb0002) aIID={300763af-5d6b-46e6-aa96-273eac15538a} aComponent={MachineWrap} aText={The machine is not mutable (state is Running)}, preserve=false aResultDetail=0
00:37:54.502591 nspr-5   ERROR [COM]: aRC=VBOX_E_INVALID_VM_STATE (0x80bb0002) aIID={300763af-5d6b-46e6-aa96-273eac15538a} aComponent={MachineWrap} aText={The machine is not mutable (state is Stopping)}, preserve=false aResultDetail=0
00:37:54.546681 nspr-2   Saving settings file "/home/dabs/VirtualBox VMs/garuda hyprland/garuda hyprland.vbox" with version "1.19-linux"
00:37:54.556912 nspr-2   Finished saving settings file "/home/dabs/VirtualBox VMs/garuda hyprland/garuda hyprland.vbox"
00:37:54.563866 nspr-5   ERROR [COM]: aRC=VBOX_E_INVALID_VM_STATE (0x80bb0002) aIID={300763af-5d6b-46e6-aa96-273eac15538a} aComponent={MachineWrap} aText={The machine is not mutable (state is PoweredOff)}, preserve=false aResultDetail=0
00:37:56.056601 nspr-6   ERROR [COM]: aRC=VBOX_E_INVALID_VM_STATE (0x80bb0002) aIID={300763af-5d6b-46e6-aa96-273eac15538a} aComponent={MachineWrap} aText={The machine is not mutable (state is PoweredOff)}, preserve=false aResultDetail=0
00:38:14.137544 nspr-3   Unattended: RTVfsQueryPathInfo(, '\OS2IMAGE/DISK_0/OS2LDR' (from OS2SE20.SRC),) -> VERR_PATH_NOT_FOUND, fMode=0x0
00:38:14.150557 nspr-7   Saving settings file "/home/dabs/.config/VirtualBox/VirtualBox.xml" with version "1.12-linux"
00:38:14.160659 nspr-7   Finished saving settings file "/home/dabs/.config/VirtualBox/VirtualBox.xml"
00:38:20.991819 nspr-7   Saving settings file "/home/dabs/.config/VirtualBox/VirtualBox.xml" with version "1.12-linux"
00:38:21.003574 nspr-7   Finished saving settings file "/home/dabs/.config/VirtualBox/VirtualBox.xml"
00:38:29.920437 nspr-4   Unattended: RTVfsQueryPathInfo(, '\OS2IMAGE/DISK_0/OS2LDR' (from OS2SE20.SRC),) -> VERR_PATH_NOT_FOUND, fMode=0x0
00:38:57.412953 createBase Saving settings file "/home/dabs/.config/VirtualBox/VirtualBox.xml" with version "1.12-linux"
00:38:57.423408 createBase Finished saving settings file "/home/dabs/.config/VirtualBox/VirtualBox.xml"
00:38:57.426781 nspr-2   Saving settings file "/home/dabs/VirtualBox VMs/archlinux bare/archlinux bare.vbox" with version "1.19-linux"
00:38:57.436807 nspr-2   Finished saving settings file "/home/dabs/VirtualBox VMs/archlinux bare/archlinux bare.vbox"
00:38:57.436868 nspr-2   Saving settings file "/home/dabs/.config/VirtualBox/VirtualBox.xml" with version "1.12-linux"
00:38:57.446907 nspr-2   Finished saving settings file "/home/dabs/.config/VirtualBox/VirtualBox.xml"
00:38:57.448339 nspr-2   Saving settings file "/home/dabs/.config/VirtualBox/VirtualBox.xml" with version "1.12-linux"
00:38:57.458392 nspr-2   Finished saving settings file "/home/dabs/.config/VirtualBox/VirtualBox.xml"
00:38:57.459453 nspr-2   Saving settings file "/home/dabs/.config/VirtualBox/VirtualBox.xml" with version "1.12-linux"
00:38:57.469517 nspr-2   Finished saving settings file "/home/dabs/.config/VirtualBox/VirtualBox.xml"
00:38:57.469764 nspr-2   Saving settings file "/home/dabs/VirtualBox VMs/archlinux bare/archlinux bare.vbox" with version "1.19-linux"
00:38:57.479772 nspr-2   Finished saving settings file "/home/dabs/VirtualBox VMs/archlinux bare/archlinux bare.vbox"
00:38:57.497814 nspr-3   Saving settings file "/home/dabs/.config/VirtualBox/VirtualBox.xml" with version "1.12-linux"
00:38:57.507878 nspr-3   Finished saving settings file "/home/dabs/.config/VirtualBox/VirtualBox.xml"
00:38:57.526802 nspr-2   ERROR [COM]: aRC=VBOX_E_INVALID_VM_STATE (0x80bb0002) aIID={300763af-5d6b-46e6-aa96-273eac15538a} aComponent={MachineWrap} aText={The machine is not mutable (state is PoweredOff)}, preserve=false aResultDetail=0
00:39:02.783511 nspr-5   Launched VM: 4093645504 pid: 92559 (0x1698f) frontend: GUI/Qt name: archlinux bare
00:39:02.795689 nspr-5   ERROR [COM]: aRC=VBOX_E_INVALID_VM_STATE (0x80bb0002) aIID={300763af-5d6b-46e6-aa96-273eac15538a} aComponent={MachineWrap} aText={The machine is not mutable (state is PoweredOff)}, preserve=false aResultDetail=0
00:39:02.950178 nspr-5   ERROR [COM]: aRC=VBOX_E_INVALID_VM_STATE (0x80bb0002) aIID={300763af-5d6b-46e6-aa96-273eac15538a} aComponent={MachineWrap} aText={The machine is not mutable (state is PoweredOff)}, preserve=false aResultDetail=0
00:39:03.254345 nspr-3   ERROR [COM]: aRC=VBOX_E_OBJECT_NOT_FOUND (0x80bb0001) aIID={70401eef-c8e9-466b-9660-45cb3e9979e4} aComponent={ExtPackManagerWrap} aText={No extension pack by the name 'Oracle VM VirtualBox Extension Pack' was found}, preserve=false aResultDetail=0
00:39:03.283721 nspr-6   ERROR [COM]: aRC=VBOX_E_IPRT_ERROR (0x80bb0005) aIID={300763af-5d6b-46e6-aa96-273eac15538a} aComponent={SessionMachine} aText={Saved screenshot data is not available (VERR_NOT_SUPPORTED)}, preserve=false aResultDetail=-37
00:39:03.310600 nspr-8   NetIfAdpCtlOut: VBoxNetAdpCtl: Error while retrieving link speed for wlp14s0: VBoxNetAdpCtl: ioctl failed: Operation not supported
00:39:03.333130 nspr-6   ERROR [COM]: aRC=VBOX_E_INVALID_VM_STATE (0x80bb0002) aIID={300763af-5d6b-46e6-aa96-273eac15538a} aComponent={MachineWrap} aText={The machine is not mutable (state is Starting)}, preserve=false aResultDetail=0
00:39:03.438234 nspr-4   ERROR [COM]: aRC=VBOX_E_OBJECT_NOT_FOUND (0x80bb0001) aIID={ad47ad09-787b-44ab-b343-a082a3f2dfb1} aComponent={MediumWrap} aText={Property 'CRYPT/KeyId' does not exist}, preserve=false aResultDetail=0
00:39:03.438842 nspr-4   ERROR [COM]: aRC=VBOX_E_OBJECT_NOT_FOUND (0x80bb0001) aIID={ad47ad09-787b-44ab-b343-a082a3f2dfb1} aComponent={MediumWrap} aText={Property 'CRYPT/KeyId' does not exist}, preserve=false aResultDetail=0
00:39:03.455696 nspr-6   ERROR [COM]: aRC=VBOX_E_INVALID_VM_STATE (0x80bb0002) aIID={300763af-5d6b-46e6-aa96-273eac15538a} aComponent={MachineWrap} aText={The machine is not mutable (state is Running)}, preserve=false aResultDetail=0
00:39:03.602234 nspr-7   Saving settings file "/home/dabs/VirtualBox VMs/archlinux bare/archlinux bare.vbox" with version "1.19-linux"
00:39:03.613984 nspr-7   Finished saving settings file "/home/dabs/VirtualBox VMs/archlinux bare/archlinux bare.vbox"
00:39:03.619456 nspr-2   ERROR [COM]: aRC=VBOX_E_INVALID_VM_STATE (0x80bb0002) aIID={300763af-5d6b-46e6-aa96-273eac15538a} aComponent={MachineWrap} aText={The machine is not mutable (state is Running)}, preserve=false aResultDetail=0
00:39:11.068558 nspr-2   Saving settings file "/home/dabs/VirtualBox VMs/archlinux bare/archlinux bare.vbox" with version "1.19-linux"
00:39:11.080505 nspr-2   Finished saving settings file "/home/dabs/VirtualBox VMs/archlinux bare/archlinux bare.vbox"
00:39:11.087043 nspr-6   ERROR [COM]: aRC=VBOX_E_INVALID_VM_STATE (0x80bb0002) aIID={300763af-5d6b-46e6-aa96-273eac15538a} aComponent={MachineWrap} aText={The machine is not mutable (state is Running)}, preserve=false aResultDetail=0
00:39:15.436847 nspr-3   Saving settings file "/home/dabs/VirtualBox VMs/archlinux bare/archlinux bare.vbox" with version "1.19-linux"
00:39:15.446927 nspr-3   Finished saving settings file "/home/dabs/VirtualBox VMs/archlinux bare/archlinux bare.vbox"
00:39:15.453477 nspr-4   ERROR [COM]: aRC=VBOX_E_INVALID_VM_STATE (0x80bb0002) aIID={300763af-5d6b-46e6-aa96-273eac15538a} aComponent={MachineWrap} aText={The machine is not mutable (state is Running)}, preserve=false aResultDetail=0
00:39:16.922109 nspr-8   Saving settings file "/home/dabs/VirtualBox VMs/archlinux bare/archlinux bare.vbox" with version "1.19-linux"
00:39:16.933935 nspr-8   Finished saving settings file "/home/dabs/VirtualBox VMs/archlinux bare/archlinux bare.vbox"
00:39:16.939988 nspr-8   ERROR [COM]: aRC=VBOX_E_INVALID_VM_STATE (0x80bb0002) aIID={300763af-5d6b-46e6-aa96-273eac15538a} aComponent={MachineWrap} aText={The machine is not mutable (state is Running)}, preserve=false aResultDetail=0
00:39:17.629065 nspr-2   Saving settings file "/home/dabs/VirtualBox VMs/archlinux bare/archlinux bare.vbox" with version "1.19-linux"
00:39:17.639321 nspr-2   Finished saving settings file "/home/dabs/VirtualBox VMs/archlinux bare/archlinux bare.vbox"
00:39:17.645456 nspr-3   ERROR [COM]: aRC=VBOX_E_INVALID_VM_STATE (0x80bb0002) aIID={300763af-5d6b-46e6-aa96-273eac15538a} aComponent={MachineWrap} aText={The machine is not mutable (state is Running)}, preserve=false aResultDetail=0
01:04:14.420251 nspr-8   ERROR [COM]: aRC=VBOX_E_INVALID_VM_STATE (0x80bb0002) aIID={300763af-5d6b-46e6-aa96-273eac15538a} aComponent={MachineWrap} aText={The machine is not mutable (state is Stopping)}, preserve=false aResultDetail=0
01:04:14.448325 nspr-4   Saving settings file "/home/dabs/VirtualBox VMs/archlinux bare/archlinux bare.vbox" with version "1.19-linux"
01:04:14.458474 nspr-4   Finished saving settings file "/home/dabs/VirtualBox VMs/archlinux bare/archlinux bare.vbox"
01:04:14.464856 nspr-2   ERROR [COM]: aRC=VBOX_E_INVALID_VM_STATE (0x80bb0002) aIID={300763af-5d6b-46e6-aa96-273eac15538a} aComponent={MachineWrap} aText={The machine is not mutable (state is PoweredOff)}, preserve=false aResultDetail=0
01:04:15.957934 nspr-5   ERROR [COM]: aRC=VBOX_E_INVALID_VM_STATE (0x80bb0002) aIID={300763af-5d6b-46e6-aa96-273eac15538a} aComponent={MachineWrap} aText={The machine is not mutable (state is PoweredOff)}, preserve=false aResultDetail=0
01:04:20.000111 nspr-5   Saving settings file "/home/dabs/.config/VirtualBox/VirtualBox.xml" with version "1.12-linux"
01:04:20.011989 nspr-5   Finished saving settings file "/home/dabs/.config/VirtualBox/VirtualBox.xml"
01:04:20.017385 nspr-3   ERROR [COM]: aRC=VBOX_E_INVALID_VM_STATE (0x80bb0002) aIID={300763af-5d6b-46e6-aa96-273eac15538a} aComponent={MachineWrap} aText={The machine is not mutable (state is PoweredOff)}, preserve=false aResultDetail=0
01:04:20.543869 nspr-6   Saving settings file "/home/dabs/.config/VirtualBox/VirtualBox.xml" with version "1.12-linux"
01:04:20.555756 nspr-6   Finished saving settings file "/home/dabs/.config/VirtualBox/VirtualBox.xml"
01:04:20.560958 nspr-3   ERROR [COM]: aRC=VBOX_E_INVALID_VM_STATE (0x80bb0002) aIID={300763af-5d6b-46e6-aa96-273eac15538a} aComponent={MachineWrap} aText={The machine is not mutable (state is PoweredOff)}, preserve=false aResultDetail=0
01:04:22.364580 nspr-5   Launched VM: 4093649264 pid: 92972 (0x16b2c) frontend: GUI/Qt name: archlinux bare
01:04:22.375287 nspr-8   ERROR [COM]: aRC=VBOX_E_INVALID_VM_STATE (0x80bb0002) aIID={300763af-5d6b-46e6-aa96-273eac15538a} aComponent={MachineWrap} aText={The machine is not mutable (state is PoweredOff)}, preserve=false aResultDetail=0
01:04:22.513692 nspr-4   ERROR [COM]: aRC=VBOX_E_INVALID_VM_STATE (0x80bb0002) aIID={300763af-5d6b-46e6-aa96-273eac15538a} aComponent={MachineWrap} aText={The machine is not mutable (state is PoweredOff)}, preserve=false aResultDetail=0
01:04:22.826063 nspr-2   ERROR [COM]: aRC=VBOX_E_OBJECT_NOT_FOUND (0x80bb0001) aIID={70401eef-c8e9-466b-9660-45cb3e9979e4} aComponent={ExtPackManagerWrap} aText={No extension pack by the name 'Oracle VM VirtualBox Extension Pack' was found}, preserve=false aResultDetail=0
01:04:22.858033 nspr-2   ERROR [COM]: aRC=VBOX_E_IPRT_ERROR (0x80bb0005) aIID={300763af-5d6b-46e6-aa96-273eac15538a} aComponent={SessionMachine} aText={Saved screenshot data is not available (VERR_NOT_SUPPORTED)}, preserve=false aResultDetail=-37
01:04:22.883187 nspr-5   NetIfAdpCtlOut: VBoxNetAdpCtl: Error while retrieving link speed for wlp14s0: VBoxNetAdpCtl: ioctl failed: Operation not supported
01:04:22.904807 nspr-8   ERROR [COM]: aRC=VBOX_E_INVALID_VM_STATE (0x80bb0002) aIID={300763af-5d6b-46e6-aa96-273eac15538a} aComponent={MachineWrap} aText={The machine is not mutable (state is Starting)}, preserve=false aResultDetail=0
01:04:23.003881 nspr-2   ERROR [COM]: aRC=VBOX_E_OBJECT_NOT_FOUND (0x80bb0001) aIID={ad47ad09-787b-44ab-b343-a082a3f2dfb1} aComponent={MediumWrap} aText={Property 'CRYPT/KeyId' does not exist}, preserve=false aResultDetail=0
01:04:23.004562 nspr-7   ERROR [COM]: aRC=VBOX_E_OBJECT_NOT_FOUND (0x80bb0001) aIID={ad47ad09-787b-44ab-b343-a082a3f2dfb1} aComponent={MediumWrap} aText={Property 'CRYPT/KeyId' does not exist}, preserve=false aResultDetail=0
01:04:23.021899 nspr-3   ERROR [COM]: aRC=VBOX_E_INVALID_VM_STATE (0x80bb0002) aIID={300763af-5d6b-46e6-aa96-273eac15538a} aComponent={MachineWrap} aText={The machine is not mutable (state is Running)}, preserve=false aResultDetail=0
01:04:53.223227 nspr-5   Saving settings file "/home/dabs/.config/VirtualBox/VirtualBox.xml" with version "1.12-linux"
01:04:53.243619 nspr-5   Finished saving settings file "/home/dabs/.config/VirtualBox/VirtualBox.xml"
01:05:11.189179 nspr-4   ERROR [COM]: aRC=VBOX_E_INVALID_VM_STATE (0x80bb0002) aIID={300763af-5d6b-46e6-aa96-273eac15538a} aComponent={MachineWrap} aText={The machine is not mutable (state is Paused)}, preserve=false aResultDetail=0
01:05:13.396225 nspr-8   ERROR [COM]: aRC=VBOX_E_INVALID_VM_STATE (0x80bb0002) aIID={300763af-5d6b-46e6-aa96-273eac15538a} aComponent={MachineWrap} aText={The machine is not mutable (state is Running)}, preserve=false aResultDetail=0
01:05:30.597032 nspr-2   ERROR [COM]: aRC=VBOX_E_INVALID_VM_STATE (0x80bb0002) aIID={300763af-5d6b-46e6-aa96-273eac15538a} aComponent={MachineWrap} aText={The machine is not mutable (state is Running)}, preserve=false aResultDetail=0
01:48:33.000954 nspr-5   ERROR [COM]: aRC=VBOX_E_INVALID_VM_STATE (0x80bb0002) aIID={300763af-5d6b-46e6-aa96-273eac15538a} aComponent={MachineWrap} aText={The machine is not mutable (state is Stopping)}, preserve=false aResultDetail=0
01:48:33.035747 nspr-4   Saving settings file "/home/dabs/VirtualBox VMs/archlinux bare/archlinux bare.vbox" with version "1.19-linux"
01:48:33.046041 nspr-4   Finished saving settings file "/home/dabs/VirtualBox VMs/archlinux bare/archlinux bare.vbox"
01:48:33.053429 nspr-2   ERROR [COM]: aRC=VBOX_E_INVALID_VM_STATE (0x80bb0002) aIID={300763af-5d6b-46e6-aa96-273eac15538a} aComponent={MachineWrap} aText={The machine is not mutable (state is PoweredOff)}, preserve=false aResultDetail=0
01:48:34.545974 nspr-4   ERROR [COM]: aRC=VBOX_E_INVALID_VM_STATE (0x80bb0002) aIID={300763af-5d6b-46e6-aa96-273eac15538a} aComponent={MachineWrap} aText={The machine is not mutable (state is PoweredOff)}, preserve=false aResultDetail=0
01:48:37.549308 nspr-4   Launched VM: 4093653776 pid: 93575 (0x16d87) frontend: GUI/Qt name: archlinux bare
01:48:37.560046 nspr-8   ERROR [COM]: aRC=VBOX_E_INVALID_VM_STATE (0x80bb0002) aIID={300763af-5d6b-46e6-aa96-273eac15538a} aComponent={MachineWrap} aText={The machine is not mutable (state is PoweredOff)}, preserve=false aResultDetail=0
01:48:37.693352 nspr-4   ERROR [COM]: aRC=VBOX_E_INVALID_VM_STATE (0x80bb0002) aIID={300763af-5d6b-46e6-aa96-273eac15538a} aComponent={MachineWrap} aText={The machine is not mutable (state is PoweredOff)}, preserve=false aResultDetail=0
01:48:37.997828 nspr-3   ERROR [COM]: aRC=VBOX_E_OBJECT_NOT_FOUND (0x80bb0001) aIID={70401eef-c8e9-466b-9660-45cb3e9979e4} aComponent={ExtPackManagerWrap} aText={No extension pack by the name 'Oracle VM VirtualBox Extension Pack' was found}, preserve=false aResultDetail=0
01:48:38.027825 nspr-3   ERROR [COM]: aRC=VBOX_E_IPRT_ERROR (0x80bb0005) aIID={300763af-5d6b-46e6-aa96-273eac15538a} aComponent={SessionMachine} aText={Saved screenshot data is not available (VERR_NOT_SUPPORTED)}, preserve=false aResultDetail=-37
01:48:38.052287 nspr-3   NetIfAdpCtlOut: VBoxNetAdpCtl: Error while retrieving link speed for wlp14s0: VBoxNetAdpCtl: ioctl failed: Operation not supported
01:48:38.074090 nspr-6   ERROR [COM]: aRC=VBOX_E_INVALID_VM_STATE (0x80bb0002) aIID={300763af-5d6b-46e6-aa96-273eac15538a} aComponent={MachineWrap} aText={The machine is not mutable (state is Starting)}, preserve=false aResultDetail=0
01:48:38.174087 nspr-3   ERROR [COM]: aRC=VBOX_E_OBJECT_NOT_FOUND (0x80bb0001) aIID={ad47ad09-787b-44ab-b343-a082a3f2dfb1} aComponent={MediumWrap} aText={Property 'CRYPT/KeyId' does not exist}, preserve=false aResultDetail=0
01:48:38.174713 nspr-3   ERROR [COM]: aRC=VBOX_E_OBJECT_NOT_FOUND (0x80bb0001) aIID={ad47ad09-787b-44ab-b343-a082a3f2dfb1} aComponent={MediumWrap} aText={Property 'CRYPT/KeyId' does not exist}, preserve=false aResultDetail=0
01:48:38.191486 nspr-2   ERROR [COM]: aRC=VBOX_E_INVALID_VM_STATE (0x80bb0002) aIID={300763af-5d6b-46e6-aa96-273eac15538a} aComponent={MachineWrap} aText={The machine is not mutable (state is Running)}, preserve=false aResultDetail=0
03:06:37.006469 nspr-5   ERROR [COM]: aRC=VBOX_E_INVALID_VM_STATE (0x80bb0002) aIID={300763af-5d6b-46e6-aa96-273eac15538a} aComponent={MachineWrap} aText={The machine is not mutable (state is Paused)}, preserve=false aResultDetail=0
03:06:38.906313 nspr-6   Saving settings file "/home/dabs/VirtualBox VMs/archlinux bare/archlinux bare.vbox" with version "1.19-linux"
03:06:38.918177 nspr-6   Finished saving settings file "/home/dabs/VirtualBox VMs/archlinux bare/archlinux bare.vbox"
03:06:38.931129 nspr-3   ERROR [COM]: aRC=VBOX_E_INVALID_VM_STATE (0x80bb0002) aIID={300763af-5d6b-46e6-aa96-273eac15538a} aComponent={MachineWrap} aText={The machine is not mutable (state is Stopping)}, preserve=false aResultDetail=0
03:06:38.978547 nspr-6   Saving settings file "/home/dabs/VirtualBox VMs/archlinux bare/archlinux bare.vbox" with version "1.19-linux"
03:06:38.988685 nspr-6   Finished saving settings file "/home/dabs/VirtualBox VMs/archlinux bare/archlinux bare.vbox"
03:06:38.996340 nspr-6   ERROR [COM]: aRC=VBOX_E_INVALID_VM_STATE (0x80bb0002) aIID={300763af-5d6b-46e6-aa96-273eac15538a} aComponent={MachineWrap} aText={The machine is not mutable (state is PoweredOff)}, preserve=false aResultDetail=0
03:06:39.987603 nspr-3   ERROR [COM]: aRC=VBOX_E_INVALID_VM_STATE (0x80bb0002) aIID={300763af-5d6b-46e6-aa96-273eac15538a} aComponent={MachineWrap} aText={The machine is not mutable (state is PoweredOff)}, preserve=false aResultDetail=0
03:06:45.547516 nspr-2   Launched VM: 4093656992 pid: 95490 (0x17502) frontend: GUI/Qt name: archlinux bare
03:06:45.557544 nspr-4   ERROR [COM]: aRC=VBOX_E_INVALID_VM_STATE (0x80bb0002) aIID={300763af-5d6b-46e6-aa96-273eac15538a} aComponent={MachineWrap} aText={The machine is not mutable (state is PoweredOff)}, preserve=false aResultDetail=0
03:06:45.695269 nspr-4   ERROR [COM]: aRC=VBOX_E_INVALID_VM_STATE (0x80bb0002) aIID={300763af-5d6b-46e6-aa96-273eac15538a} aComponent={MachineWrap} aText={The machine is not mutable (state is PoweredOff)}, preserve=false aResultDetail=0
03:06:46.000743 nspr-6   ERROR [COM]: aRC=VBOX_E_OBJECT_NOT_FOUND (0x80bb0001) aIID={70401eef-c8e9-466b-9660-45cb3e9979e4} aComponent={ExtPackManagerWrap} aText={No extension pack by the name 'Oracle VM VirtualBox Extension Pack' was found}, preserve=false aResultDetail=0
03:06:46.029177 nspr-9   ERROR [COM]: aRC=VBOX_E_IPRT_ERROR (0x80bb0005) aIID={300763af-5d6b-46e6-aa96-273eac15538a} aComponent={SessionMachine} aText={Saved screenshot data is not available (VERR_NOT_SUPPORTED)}, preserve=false aResultDetail=-37
03:06:46.053946 nspr-6   NetIfAdpCtlOut: VBoxNetAdpCtl: Error while retrieving link speed for wlp14s0: VBoxNetAdpCtl: ioctl failed: Operation not supported
03:06:46.075993 nspr-3   ERROR [COM]: aRC=VBOX_E_INVALID_VM_STATE (0x80bb0002) aIID={300763af-5d6b-46e6-aa96-273eac15538a} aComponent={MachineWrap} aText={The machine is not mutable (state is Starting)}, preserve=false aResultDetail=0
03:06:46.180949 nspr-3   ERROR [COM]: aRC=VBOX_E_OBJECT_NOT_FOUND (0x80bb0001) aIID={ad47ad09-787b-44ab-b343-a082a3f2dfb1} aComponent={MediumWrap} aText={Property 'CRYPT/KeyId' does not exist}, preserve=false aResultDetail=0
03:06:46.181491 nspr-6   ERROR [COM]: aRC=VBOX_E_OBJECT_NOT_FOUND (0x80bb0001) aIID={ad47ad09-787b-44ab-b343-a082a3f2dfb1} aComponent={MediumWrap} aText={Property 'CRYPT/KeyId' does not exist}, preserve=false aResultDetail=0
03:06:46.198372 nspr-6   ERROR [COM]: aRC=VBOX_E_INVALID_VM_STATE (0x80bb0002) aIID={300763af-5d6b-46e6-aa96-273eac15538a} aComponent={MachineWrap} aText={The machine is not mutable (state is Running)}, preserve=false aResultDetail=0
03:24:24.940124 nspr-7   ERROR [COM]: aRC=VBOX_E_INVALID_VM_STATE (0x80bb0002) aIID={300763af-5d6b-46e6-aa96-273eac15538a} aComponent={MachineWrap} aText={The machine is not mutable (state is Stopping)}, preserve=false aResultDetail=0
03:24:24.971933 nspr-4   Saving settings file "/home/dabs/VirtualBox VMs/archlinux bare/archlinux bare.vbox" with version "1.19-linux"
03:24:24.982088 nspr-4   Finished saving settings file "/home/dabs/VirtualBox VMs/archlinux bare/archlinux bare.vbox"
03:24:24.988279 nspr-3   ERROR [COM]: aRC=VBOX_E_INVALID_VM_STATE (0x80bb0002) aIID={300763af-5d6b-46e6-aa96-273eac15538a} aComponent={MachineWrap} aText={The machine is not mutable (state is PoweredOff)}, preserve=false aResultDetail=0
03:24:26.480974 nspr-9   ERROR [COM]: aRC=VBOX_E_INVALID_VM_STATE (0x80bb0002) aIID={300763af-5d6b-46e6-aa96-273eac15538a} aComponent={MachineWrap} aText={The machine is not mutable (state is PoweredOff)}, preserve=false aResultDetail=0
03:24:28.849291 nspr-6   Launched VM: 4093672096 pid: 96012 (0x1770c) frontend: GUI/Qt name: archlinux bare
03:24:28.859598 nspr-4   ERROR [COM]: aRC=VBOX_E_INVALID_VM_STATE (0x80bb0002) aIID={300763af-5d6b-46e6-aa96-273eac15538a} aComponent={MachineWrap} aText={The machine is not mutable (state is PoweredOff)}, preserve=false aResultDetail=0
03:24:28.997531 nspr-6   ERROR [COM]: aRC=VBOX_E_INVALID_VM_STATE (0x80bb0002) aIID={300763af-5d6b-46e6-aa96-273eac15538a} aComponent={MachineWrap} aText={The machine is not mutable (state is PoweredOff)}, preserve=false aResultDetail=0
03:24:29.300820 nspr-4   ERROR [COM]: aRC=VBOX_E_OBJECT_NOT_FOUND (0x80bb0001) aIID={70401eef-c8e9-466b-9660-45cb3e9979e4} aComponent={ExtPackManagerWrap} aText={No extension pack by the name 'Oracle VM VirtualBox Extension Pack' was found}, preserve=false aResultDetail=0
03:24:29.329740 nspr-9   ERROR [COM]: aRC=VBOX_E_IPRT_ERROR (0x80bb0005) aIID={300763af-5d6b-46e6-aa96-273eac15538a} aComponent={SessionMachine} aText={Saved screenshot data is not available (VERR_NOT_SUPPORTED)}, preserve=false aResultDetail=-37
03:24:29.355275 nspr-4   NetIfAdpCtlOut: VBoxNetAdpCtl: Error while retrieving link speed for wlp14s0: VBoxNetAdpCtl: ioctl failed: Operation not supported
03:24:29.377300 nspr-5   ERROR [COM]: aRC=VBOX_E_INVALID_VM_STATE (0x80bb0002) aIID={300763af-5d6b-46e6-aa96-273eac15538a} aComponent={MachineWrap} aText={The machine is not mutable (state is Starting)}, preserve=false aResultDetail=0
03:24:29.486363 nspr-4   ERROR [COM]: aRC=VBOX_E_OBJECT_NOT_FOUND (0x80bb0001) aIID={ad47ad09-787b-44ab-b343-a082a3f2dfb1} aComponent={MediumWrap} aText={Property 'CRYPT/KeyId' does not exist}, preserve=false aResultDetail=0
03:24:29.486890 nspr-5   ERROR [COM]: aRC=VBOX_E_OBJECT_NOT_FOUND (0x80bb0001) aIID={ad47ad09-787b-44ab-b343-a082a3f2dfb1} aComponent={MediumWrap} aText={Property 'CRYPT/KeyId' does not exist}, preserve=false aResultDetail=0
03:24:29.503908 nspr-8   ERROR [COM]: aRC=VBOX_E_INVALID_VM_STATE (0x80bb0002) aIID={300763af-5d6b-46e6-aa96-273eac15538a} aComponent={MachineWrap} aText={The machine is not mutable (state is Running)}, preserve=false aResultDetail=0
03:24:45.939752 nspr-2   ERROR [COM]: aRC=VBOX_E_INVALID_VM_STATE (0x80bb0002) aIID={300763af-5d6b-46e6-aa96-273eac15538a} aComponent={MachineWrap} aText={The machine is not mutable (state is Running)}, preserve=false aResultDetail=0
03:54:42.763632 nspr-9   ERROR [COM]: aRC=VBOX_E_INVALID_VM_STATE (0x80bb0002) aIID={300763af-5d6b-46e6-aa96-273eac15538a} aComponent={MachineWrap} aText={The machine is not mutable (state is Stopping)}, preserve=false aResultDetail=0
03:54:42.790441 nspr-3   Saving settings file "/home/dabs/VirtualBox VMs/archlinux bare/archlinux bare.vbox" with version "1.19-linux"
03:54:42.800623 nspr-3   Finished saving settings file "/home/dabs/VirtualBox VMs/archlinux bare/archlinux bare.vbox"
03:54:42.807726 nspr-2   ERROR [COM]: aRC=VBOX_E_INVALID_VM_STATE (0x80bb0002) aIID={300763af-5d6b-46e6-aa96-273eac15538a} aComponent={MachineWrap} aText={The machine is not mutable (state is PoweredOff)}, preserve=false aResultDetail=0
03:54:44.299308 nspr-8   ERROR [COM]: aRC=VBOX_E_INVALID_VM_STATE (0x80bb0002) aIID={300763af-5d6b-46e6-aa96-273eac15538a} aComponent={MachineWrap} aText={The machine is not mutable (state is PoweredOff)}, preserve=false aResultDetail=0
03:55:43.121084 nspr-2   Launched VM: 4093661376 pid: 98137 (0x17f59) frontend: GUI/Qt name: archlinux bare
03:55:43.132278 nspr-8   ERROR [COM]: aRC=VBOX_E_INVALID_VM_STATE (0x80bb0002) aIID={300763af-5d6b-46e6-aa96-273eac15538a} aComponent={MachineWrap} aText={The machine is not mutable (state is PoweredOff)}, preserve=false aResultDetail=0
03:55:43.281385 nspr-8   ERROR [COM]: aRC=VBOX_E_INVALID_VM_STATE (0x80bb0002) aIID={300763af-5d6b-46e6-aa96-273eac15538a} aComponent={MachineWrap} aText={The machine is not mutable (state is PoweredOff)}, preserve=false aResultDetail=0
03:55:43.584183 nspr-8   ERROR [COM]: aRC=VBOX_E_OBJECT_NOT_FOUND (0x80bb0001) aIID={70401eef-c8e9-466b-9660-45cb3e9979e4} aComponent={ExtPackManagerWrap} aText={No extension pack by the name 'Oracle VM VirtualBox Extension Pack' was found}, preserve=false aResultDetail=0
03:55:43.615708 nspr-7   ERROR [COM]: aRC=VBOX_E_IPRT_ERROR (0x80bb0005) aIID={300763af-5d6b-46e6-aa96-273eac15538a} aComponent={SessionMachine} aText={Saved screenshot data is not available (VERR_NOT_SUPPORTED)}, preserve=false aResultDetail=-37
03:55:43.640722 nspr-9   NetIfAdpCtlOut: VBoxNetAdpCtl: Error while retrieving link speed for wlp14s0: VBoxNetAdpCtl: ioctl failed: Operation not supported
03:55:43.662338 nspr-3   ERROR [COM]: aRC=VBOX_E_INVALID_VM_STATE (0x80bb0002) aIID={300763af-5d6b-46e6-aa96-273eac15538a} aComponent={MachineWrap} aText={The machine is not mutable (state is Starting)}, preserve=false aResultDetail=0
03:55:43.762277 nspr-5   ERROR [COM]: aRC=VBOX_E_OBJECT_NOT_FOUND (0x80bb0001) aIID={ad47ad09-787b-44ab-b343-a082a3f2dfb1} aComponent={MediumWrap} aText={Property 'CRYPT/KeyId' does not exist}, preserve=false aResultDetail=0
03:55:43.762859 nspr-3   ERROR [COM]: aRC=VBOX_E_OBJECT_NOT_FOUND (0x80bb0001) aIID={ad47ad09-787b-44ab-b343-a082a3f2dfb1} aComponent={MediumWrap} aText={Property 'CRYPT/KeyId' does not exist}, preserve=false aResultDetail=0
03:55:43.781124 nspr-8   ERROR [COM]: aRC=VBOX_E_INVALID_VM_STATE (0x80bb0002) aIID={300763af-5d6b-46e6-aa96-273eac15538a} aComponent={MachineWrap} aText={The machine is not mutable (state is Running)}, preserve=false aResultDetail=0
03:56:03.697418 nspr-6   ERROR [COM]: aRC=VBOX_E_INVALID_VM_STATE (0x80bb0002) aIID={300763af-5d6b-46e6-aa96-273eac15538a} aComponent={MachineWrap} aText={The machine is not mutable (state is Paused)}, preserve=false aResultDetail=0
03:56:05.131865 nspr-9   ERROR [COM]: aRC=VBOX_E_INVALID_VM_STATE (0x80bb0002) aIID={300763af-5d6b-46e6-aa96-273eac15538a} aComponent={MachineWrap} aText={The machine is not mutable (state is Stopping)}, preserve=false aResultDetail=0
03:56:05.168018 nspr-8   Saving settings file "/home/dabs/VirtualBox VMs/archlinux bare/archlinux bare.vbox" with version "1.19-linux"
03:56:05.180332 nspr-8   Finished saving settings file "/home/dabs/VirtualBox VMs/archlinux bare/archlinux bare.vbox"
03:56:05.186610 nspr-4   ERROR [COM]: aRC=VBOX_E_INVALID_VM_STATE (0x80bb0002) aIID={300763af-5d6b-46e6-aa96-273eac15538a} aComponent={MachineWrap} aText={The machine is not mutable (state is PoweredOff)}, preserve=false aResultDetail=0
03:56:06.177184 nspr-7   ERROR [COM]: aRC=VBOX_E_INVALID_VM_STATE (0x80bb0002) aIID={300763af-5d6b-46e6-aa96-273eac15538a} aComponent={MachineWrap} aText={The machine is not mutable (state is PoweredOff)}, preserve=false aResultDetail=0
03:56:07.765237 nspr-4   Launched VM: 4093653280 pid: 98211 (0x17fa3) frontend: GUI/Qt name: archlinux bare
03:56:07.774820 nspr-3   ERROR [COM]: aRC=VBOX_E_INVALID_VM_STATE (0x80bb0002) aIID={300763af-5d6b-46e6-aa96-273eac15538a} aComponent={MachineWrap} aText={The machine is not mutable (state is PoweredOff)}, preserve=false aResultDetail=0
03:56:07.912298 nspr-8   ERROR [COM]: aRC=VBOX_E_INVALID_VM_STATE (0x80bb0002) aIID={300763af-5d6b-46e6-aa96-273eac15538a} aComponent={MachineWrap} aText={The machine is not mutable (state is PoweredOff)}, preserve=false aResultDetail=0
03:56:08.218125 nspr-6   ERROR [COM]: aRC=VBOX_E_OBJECT_NOT_FOUND (0x80bb0001) aIID={70401eef-c8e9-466b-9660-45cb3e9979e4} aComponent={ExtPackManagerWrap} aText={No extension pack by the name 'Oracle VM VirtualBox Extension Pack' was found}, preserve=false aResultDetail=0
03:56:08.248161 nspr-9   ERROR [COM]: aRC=VBOX_E_IPRT_ERROR (0x80bb0005) aIID={300763af-5d6b-46e6-aa96-273eac15538a} aComponent={SessionMachine} aText={Saved screenshot data is not available (VERR_NOT_SUPPORTED)}, preserve=false aResultDetail=-37
03:56:08.272889 nspr-6   NetIfAdpCtlOut: VBoxNetAdpCtl: Error while retrieving link speed for wlp14s0: VBoxNetAdpCtl: ioctl failed: Operation not supported
03:56:08.294645 nspr-9   ERROR [COM]: aRC=VBOX_E_INVALID_VM_STATE (0x80bb0002) aIID={300763af-5d6b-46e6-aa96-273eac15538a} aComponent={MachineWrap} aText={The machine is not mutable (state is Starting)}, preserve=false aResultDetail=0
03:56:08.413274 nspr-9   ERROR [COM]: aRC=VBOX_E_OBJECT_NOT_FOUND (0x80bb0001) aIID={ad47ad09-787b-44ab-b343-a082a3f2dfb1} aComponent={MediumWrap} aText={Property 'CRYPT/KeyId' does not exist}, preserve=false aResultDetail=0
03:56:08.413928 nspr-2   ERROR [COM]: aRC=VBOX_E_OBJECT_NOT_FOUND (0x80bb0001) aIID={ad47ad09-787b-44ab-b343-a082a3f2dfb1} aComponent={MediumWrap} aText={Property 'CRYPT/KeyId' does not exist}, preserve=false aResultDetail=0
03:56:08.430611 nspr-3   ERROR [COM]: aRC=VBOX_E_INVALID_VM_STATE (0x80bb0002) aIID={300763af-5d6b-46e6-aa96-273eac15538a} aComponent={MachineWrap} aText={The machine is not mutable (state is Running)}, preserve=false aResultDetail=0
04:03:30.934354 dns-monitor NAT: resolv.conf: nameserver 213.186.33.99
04:03:30.934371 dns-monitor NAT: resolv.conf: nameserver 91.239.100.100
04:03:30.934373 dns-monitor NAT: resolv.conf: nameserver 192.168.0.1
04:03:30.934375 dns-monitor NAT: resolv.conf: too many nameserver lines, ignoring fe80::1e3b:f3ff:fe76:c76e%wlp14s0
04:03:30.934377 dns-monitor NAT: resolv.conf: ignoring "options edns0"
04:03:30.934389 dns-monitor HostDnsMonitor: updating information
04:03:30.934406 dns-monitor HostDnsMonitor: old information
04:03:30.934408 dns-monitor   server 1: 192.168.0.1
04:03:30.934409 dns-monitor   server 2: fe80::1e3b:f3ff:fe76:c76e%wlp14s0
04:03:30.934410 dns-monitor   no domain set
04:03:30.934411 dns-monitor   no search string entries
04:03:30.934412 dns-monitor HostDnsMonitor: new information
04:03:30.934412 dns-monitor   server 1: 213.186.33.99
04:03:30.934413 dns-monitor   server 2: 91.239.100.100
04:03:30.934414 dns-monitor   server 3: 192.168.0.1
04:03:30.934415 dns-monitor   no domain set
04:03:30.934416 dns-monitor   no search string entries
04:03:52.047573 dns-monitor NAT: resolv.conf: nameserver 213.186.33.99
04:03:52.047588 dns-monitor NAT: resolv.conf: nameserver 91.239.100.100
04:03:52.047591 dns-monitor NAT: resolv.conf: FIXME: ignoring IPv6 zone %wlp14s0
04:03:52.047593 dns-monitor NAT: resolv.conf: nameserver fe80::1e3b:f3ff:fe76:c76e
04:03:52.047595 dns-monitor NAT: resolv.conf: too many nameserver lines, ignoring 192.168.0.1
04:03:52.047597 dns-monitor NAT: resolv.conf: ignoring "options edns0"
04:03:52.047603 dns-monitor HostDnsMonitor: updating information
04:03:52.047605 dns-monitor HostDnsMonitor: old information
04:03:52.047607 dns-monitor   server 1: 213.186.33.99
04:03:52.047609 dns-monitor   server 2: 91.239.100.100
04:03:52.047610 dns-monitor   server 3: 192.168.0.1
04:03:52.047612 dns-monitor   no domain set
04:03:52.047613 dns-monitor   no search string entries
04:03:52.047615 dns-monitor HostDnsMonitor: new information
04:03:52.047617 dns-monitor   server 1: 213.186.33.99
04:03:52.047618 dns-monitor   server 2: 91.239.100.100
04:03:52.047619 dns-monitor   server 3: fe80::1e3b:f3ff:fe76:c76e%wlp14s0
04:03:52.047621 dns-monitor   no domain set
04:03:52.047622 dns-monitor   no search string entries
04:05:04.916623 nspr-6   ERROR [COM]: aRC=VBOX_E_INVALID_VM_STATE (0x80bb0002) aIID={300763af-5d6b-46e6-aa96-273eac15538a} aComponent={MachineWrap} aText={The machine is not mutable (state is Stopping)}, preserve=false aResultDetail=0
04:05:04.942369 nspr-2   Saving settings file "/home/dabs/VirtualBox VMs/archlinux bare/archlinux bare.vbox" with version "1.19-linux"
04:05:04.952645 nspr-2   Finished saving settings file "/home/dabs/VirtualBox VMs/archlinux bare/archlinux bare.vbox"
04:05:04.958601 nspr-4   ERROR [COM]: aRC=VBOX_E_INVALID_VM_STATE (0x80bb0002) aIID={300763af-5d6b-46e6-aa96-273eac15538a} aComponent={MachineWrap} aText={The machine is not mutable (state is PoweredOff)}, preserve=false aResultDetail=0
04:05:05.951808 nspr-4   ERROR [COM]: aRC=VBOX_E_INVALID_VM_STATE (0x80bb0002) aIID={300763af-5d6b-46e6-aa96-273eac15538a} aComponent={MachineWrap} aText={The machine is not mutable (state is PoweredOff)}, preserve=false aResultDetail=0
04:05:13.970933 main     VirtualBox: object deletion starts
04:05:13.970985 main     ERROR [COM]: aRC=VBOX_E_OBJECT_IN_USE (0x80bb000c) aIID={ad47ad09-787b-44ab-b343-a082a3f2dfb1} aComponent={MediumWrap} aText={Medium '/home/dabs/VirtualBox VMs/Parrot Security OVA 5.3/Parrot Security-disk001.vdi' cannot be closed because it is still attached to 1 virtual machines}, preserve=false aResultDetail=0
04:05:13.971111 main     ERROR [COM]: aRC=VBOX_E_OBJECT_IN_USE (0x80bb000c) aIID={ad47ad09-787b-44ab-b343-a082a3f2dfb1} aComponent={MediumWrap} aText={Medium '/home/dabs/VirtualBox VMs/ParrotSecurity ISO 6.0/parrotOS ISO 6.0.vdi' cannot be closed because it is still attached to 1 virtual machines}, preserve=false aResultDetail=0
04:05:13.971188 main     ERROR [COM]: aRC=VBOX_E_OBJECT_IN_USE (0x80bb000c) aIID={ad47ad09-787b-44ab-b343-a082a3f2dfb1} aComponent={MediumWrap} aText={Medium '/home/dabs/VirtualBox VMs/Kali Linux 2024.1/Kali Linux 2024.1.vdi' cannot be closed because it is still attached to 1 virtual machines}, preserve=false aResultDetail=0
04:05:13.971243 main     ERROR [COM]: aRC=VBOX_E_OBJECT_IN_USE (0x80bb000c) aIID={ad47ad09-787b-44ab-b343-a082a3f2dfb1} aComponent={MediumWrap} aText={Medium '/home/dabs/VirtualBox VMs/garuda hyprland/garuda hyprland.vdi' cannot be closed because it is still attached to 1 virtual machines}, preserve=false aResultDetail=0
04:05:13.971322 main     ERROR [COM]: aRC=VBOX_E_OBJECT_IN_USE (0x80bb000c) aIID={ad47ad09-787b-44ab-b343-a082a3f2dfb1} aComponent={MediumWrap} aText={Medium '/home/dabs/VirtualBox VMs/archlinux bare/archlinux bare.vdi' cannot be closed because it is still attached to 1 virtual machines}, preserve=false aResultDetail=0
04:05:13.971544 main     HostDnsMonitor: shutting down ...
04:05:13.975219 main     HostDnsMonitor: shut down
04:05:13.990034 Watcher  ERROR [COM]: aRC=E_ACCESSDENIED (0x80070005) aIID={7682d5eb-f00e-44f1-8ca2-99d08b1cd607} aComponent={VirtualBoxWrap} aText={The object is not ready}, preserve=false aResultDetail=0
04:05:13.990082 main     VirtualBox: object deleted
