2024-05-06 21:54:51 Loading main app package /nix/store/8cr9hcz6mxs2k6zvv03yrhc7fx475r1f-obsidian-1.4.16/share/obsidian/obsidian.asar
2024-05-06 21:54:52 Checking for update using Github
2024-05-06 21:54:53 Success.
2024-05-06 21:54:53 Latest version is 1.5.12
2024-05-06 21:54:53 Downloading update from https://github.com/obsidianmd/obsidian-releases/releases/download/v1.5.12/obsidian-1.5.12.asar.gz
2024-05-06 21:55:36 Verifying hash & signature. Size= 8781526
2024-05-06 21:55:36 Saving file
2024-05-06 21:55:36 Update complete.
2024-05-06 23:30:32 Loading updated app package /home/dabs/.config/obsidian/obsidian-1.5.12.asar
2024-05-06 23:30:32 Checking for update using Github
2024-05-06 23:30:33 Success.
2024-05-06 23:30:33 Latest version is 1.5.12
2024-05-06 23:30:33 App is up to date.
2024-05-06 23:36:07 Loading updated app package /home/dabs/.config/obsidian/obsidian-1.5.12.asar
2024-05-06 23:36:07 Checking for update using Github
2024-05-06 23:36:07 Success.
2024-05-06 23:36:07 Latest version is 1.5.12
2024-05-06 23:36:07 App is up to date.
2024-05-07 00:36:07 Checking for update using Github
2024-05-07 00:36:07 Success.
2024-05-07 00:36:07 Latest version is 1.5.12
2024-05-07 00:36:07 App is up to date.
2024-05-07 01:36:07 Checking for update using Github
2024-05-07 01:36:07 Success.
2024-05-07 01:36:07 Latest version is 1.5.12
2024-05-07 01:36:07 App is up to date.
2024-05-07 02:36:07 Checking for update using Github
2024-05-07 02:36:07 Success.
2024-05-07 02:36:07 Latest version is 1.5.12
2024-05-07 02:36:07 App is up to date.
2024-05-07 03:36:07 Checking for update using Github
2024-05-07 03:36:07 Success.
2024-05-07 03:36:07 Latest version is 1.5.12
2024-05-07 03:36:07 App is up to date.
2024-05-07 04:36:07 Checking for update using Github
2024-05-07 04:36:07 Success.
2024-05-07 04:36:07 Latest version is 1.5.12
2024-05-07 04:36:07 App is up to date.
2024-05-07 05:36:07 Checking for update using Github
2024-05-07 05:36:08 Success.
2024-05-07 05:36:08 Latest version is 1.5.12
2024-05-07 05:36:08 App is up to date.
2024-05-07 06:36:07 Checking for update using Github
2024-05-07 06:36:07 Success.
2024-05-07 06:36:07 Latest version is 1.5.12
2024-05-07 06:36:07 App is up to date.
2024-05-07 07:36:07 Checking for update using Github
2024-05-07 07:36:07 Success.
2024-05-07 07:36:07 Latest version is 1.5.12
2024-05-07 07:36:07 App is up to date.
2024-05-11 10:15:55 Loading updated app package /home/dabs/.config/obsidian/obsidian-1.5.12.asar
2024-05-11 10:15:55 Checking for update using Github
2024-05-11 10:15:56 Success.
2024-05-11 10:15:56 Latest version is 1.5.12
2024-05-11 10:15:56 App is up to date.
