2024-06-26 21:31:58 Loading main app package /nix/store/8cr9hcz6mxs2k6zvv03yrhc7fx475r1f-obsidian-1.4.16/share/obsidian/obsidian.asar
2024-06-26 21:31:58 Checking for update using Github
2024-06-26 21:31:59 Success.
2024-06-26 21:31:59 Latest version is 1.6.5
2024-06-26 21:31:59 Downloading update from https://github.com/obsidianmd/obsidian-releases/releases/download/v1.6.5/obsidian-1.6.5.asar.gz
2024-06-26 21:32:07 Verifying hash & signature. Size= 8839622
2024-06-26 21:32:07 Saving file
2024-06-26 21:32:08 Update complete.
2024-06-26 22:31:58 Checking for update using Github
2024-06-26 22:31:58 Success.
2024-06-26 22:31:58 Latest version is 1.6.5
2024-06-26 22:31:58 An update is already downloaded.
2024-06-26 23:31:58 Checking for update using Github
2024-06-26 23:31:58 Success.
2024-06-26 23:31:58 Latest version is 1.6.5
2024-06-26 23:31:58 An update is already downloaded.
2024-06-27 00:31:58 Checking for update using Github
2024-06-27 00:31:58 Success.
2024-06-27 00:31:58 Latest version is 1.6.5
2024-06-27 00:31:58 An update is already downloaded.
2024-06-27 01:31:58 Checking for update using Github
2024-06-27 01:31:58 Success.
2024-06-27 01:31:58 Latest version is 1.6.5
2024-06-27 01:31:58 An update is already downloaded.
2024-06-27 02:31:58 Checking for update using Github
2024-06-27 02:31:58 Success.
2024-06-27 02:31:58 Latest version is 1.6.5
2024-06-27 02:31:58 An update is already downloaded.
2024-06-27 03:31:58 Checking for update using Github
2024-06-27 03:31:59 Success.
2024-06-27 03:31:59 Latest version is 1.6.5
2024-06-27 03:31:59 An update is already downloaded.
2024-06-27 04:31:59 Checking for update using Github
2024-06-27 04:31:59 Success.
2024-06-27 04:31:59 Latest version is 1.6.5
2024-06-27 04:31:59 An update is already downloaded.
2024-06-27 05:31:59 Checking for update using Github
2024-06-27 05:31:59 Success.
2024-06-27 05:31:59 Latest version is 1.6.5
2024-06-27 05:31:59 An update is already downloaded.
2024-06-27 06:31:59 Checking for update using Github
2024-06-27 06:31:59 Success.
2024-06-27 06:31:59 Latest version is 1.6.5
2024-06-27 06:31:59 An update is already downloaded.
2024-06-27 07:31:59 Checking for update using Github
2024-06-27 07:31:59 Success.
2024-06-27 07:31:59 Latest version is 1.6.5
2024-06-27 07:31:59 An update is already downloaded.
2024-06-27 08:31:59 Checking for update using Github
2024-06-27 08:31:59 Success.
2024-06-27 08:31:59 Latest version is 1.6.5
2024-06-27 08:31:59 An update is already downloaded.
2024-06-27 09:31:59 Checking for update using Github
2024-06-27 09:31:59 Success.
2024-06-27 09:31:59 Latest version is 1.6.5
2024-06-27 09:31:59 An update is already downloaded.
2024-06-27 15:55:10 Loading updated app package /home/dabs/.config/obsidian/obsidian-1.6.5.asar
2024-06-27 15:55:11 Checking for update using Github
2024-06-27 15:55:11 Success.
2024-06-27 15:55:11 Latest version is 1.6.5
2024-06-27 15:55:11 App is up to date.
