2024-05-06 23:39:21.098 [info] Extension host with pid 16702 started
2024-05-06 23:39:21.169 [info] ExtensionService#_doActivateExtension vscode.git-base, startup: true, activationEvent: '*', root cause: vscode.git
2024-05-06 23:39:21.185 [info] ExtensionService#_doActivateExtension vscode.git, startup: true, activationEvent: '*'
2024-05-06 23:39:21.222 [info] ExtensionService#_doActivateExtension vscode.github, startup: true, activationEvent: '*'
2024-05-06 23:39:21.271 [info] Eager extensions activated
2024-05-06 23:39:21.274 [info] ExtensionService#_doActivateExtension vscode.debug-auto-launch, startup: false, activationEvent: 'onStartupFinished'
2024-05-06 23:39:21.275 [info] ExtensionService#_doActivateExtension vscode.merge-conflict, startup: false, activationEvent: 'onStartupFinished'
2024-05-06 23:39:22.444 [info] Extension host terminating: renderer closed the MessagePort
2024-05-06 23:39:22.454 [error] ProxyResolver#addCertificatesV1 Canceled: Canceled
	at new g (/nix/store/hbi5c29zfhrh4ak1bvwdk11309rmziw0-vscode-1.85.2/lib/vscode/resources/app/out/vs/workbench/api/node/extensionHostProcess.js:141:110274)
	at l.U (/nix/store/hbi5c29zfhrh4ak1bvwdk11309rmziw0-vscode-1.85.2/lib/vscode/resources/app/out/vs/workbench/api/node/extensionHostProcess.js:150:10866)
	at P.<computed>.j.charCodeAt.P.<computed> (/nix/store/hbi5c29zfhrh4ak1bvwdk11309rmziw0-vscode-1.85.2/lib/vscode/resources/app/out/vs/workbench/api/node/extensionHostProcess.js:150:8317)
	at A.loadCertificates (/nix/store/hbi5c29zfhrh4ak1bvwdk11309rmziw0-vscode-1.85.2/lib/vscode/resources/app/out/vs/workbench/api/node/extensionHostProcess.js:151:39023)
	at Object.loadAdditionalCertificates (/nix/store/hbi5c29zfhrh4ak1bvwdk11309rmziw0-vscode-1.85.2/lib/vscode/resources/app/out/vs/workbench/api/node/extensionHostProcess.js:133:34240)
	at /nix/store/hbi5c29zfhrh4ak1bvwdk11309rmziw0-vscode-1.85.2/lib/vscode/resources/app/node_modules/@vscode/proxy-agent/out/index.js:475:53
	at Generator.next (<anonymous>)
	at /nix/store/hbi5c29zfhrh4ak1bvwdk11309rmziw0-vscode-1.85.2/lib/vscode/resources/app/node_modules/@vscode/proxy-agent/out/index.js:35:71
	at new Promise (<anonymous>)
	at __awaiter (/nix/store/hbi5c29zfhrh4ak1bvwdk11309rmziw0-vscode-1.85.2/lib/vscode/resources/app/node_modules/@vscode/proxy-agent/out/index.js:31:12)
	at /nix/store/hbi5c29zfhrh4ak1bvwdk11309rmziw0-vscode-1.85.2/lib/vscode/resources/app/node_modules/@vscode/proxy-agent/out/index.js:474:43
	at /nix/store/hbi5c29zfhrh4ak1bvwdk11309rmziw0-vscode-1.85.2/lib/vscode/resources/app/node_modules/@vscode/proxy-agent/out/index.js:476:16
	at Generator.next (<anonymous>)
	at /nix/store/hbi5c29zfhrh4ak1bvwdk11309rmziw0-vscode-1.85.2/lib/vscode/resources/app/node_modules/@vscode/proxy-agent/out/index.js:35:71
	at new Promise (<anonymous>)
	at __awaiter (/nix/store/hbi5c29zfhrh4ak1bvwdk11309rmziw0-vscode-1.85.2/lib/vscode/resources/app/node_modules/@vscode/proxy-agent/out/index.js:31:12)
	at getOrLoadAdditionalCertificates (/nix/store/hbi5c29zfhrh4ak1bvwdk11309rmziw0-vscode-1.85.2/lib/vscode/resources/app/node_modules/@vscode/proxy-agent/out/index.js:472:12)
	at addCertificatesV1 (/nix/store/hbi5c29zfhrh4ak1bvwdk11309rmziw0-vscode-1.85.2/lib/vscode/resources/app/node_modules/@vscode/proxy-agent/out/index.js:456:9)
	at resolveProxy (/nix/store/hbi5c29zfhrh4ak1bvwdk11309rmziw0-vscode-1.85.2/lib/vscode/resources/app/node_modules/@vscode/proxy-agent/out/index.js:112:9)
	at /nix/store/hbi5c29zfhrh4ak1bvwdk11309rmziw0-vscode-1.85.2/lib/vscode/resources/app/node_modules/@vscode/proxy-agent/out/index.js:303:77
	at new Promise (<anonymous>)
	at _PacProxyAgent.resolveP [as resolver] (/nix/store/hbi5c29zfhrh4ak1bvwdk11309rmziw0-vscode-1.85.2/lib/vscode/resources/app/node_modules/@vscode/proxy-agent/out/index.js:303:54)
	at _PacProxyAgent.<anonymous> (/nix/store/hbi5c29zfhrh4ak1bvwdk11309rmziw0-vscode-1.85.2/lib/vscode/resources/app/node_modules/@vscode/proxy-agent/out/agent.js:70:37)
	at Generator.next (<anonymous>)
	at /nix/store/hbi5c29zfhrh4ak1bvwdk11309rmziw0-vscode-1.85.2/lib/vscode/resources/app/node_modules/@vscode/proxy-agent/out/agent.js:8:71
	at new Promise (<anonymous>)
	at __awaiter (/nix/store/hbi5c29zfhrh4ak1bvwdk11309rmziw0-vscode-1.85.2/lib/vscode/resources/app/node_modules/@vscode/proxy-agent/out/agent.js:4:12)
	at _PacProxyAgent.connect (/nix/store/hbi5c29zfhrh4ak1bvwdk11309rmziw0-vscode-1.85.2/lib/vscode/resources/app/node_modules/@vscode/proxy-agent/out/agent.js:52:16)
	at /nix/store/hbi5c29zfhrh4ak1bvwdk11309rmziw0-vscode-1.85.2/lib/vscode/resources/app/node_modules/agent-base/dist/index.js:73:30
2024-05-06 23:39:22.454 [info] Extension host with pid 16702 exiting with code 0
