2024-05-09T08:50:55.082Z - info: [ui] [AppStore] loading 9 repositories from store
2024-05-09T08:50:55.084Z - info: [ui] [AppStore] found account: dabla1710 (dabla1710)
2024-05-09T08:50:55.257Z - info: [ui] launching: 3.2.5-linux1 (Linux 6.1.86)
2024-05-09T08:50:55.257Z - info: [ui] execPath: '/nix/store/62mhhpxqbn4s9db3r2grqclcwzzgni76-github-desktop-3.2.5/opt/github-desktop'
2024-05-09T08:50:55.604Z - info: [ui] Subscribed 'dabla1710' to Alive channel
2024-05-09T08:50:55.672Z - info: [ui] Stats reported.
2024-05-09T08:51:11.253Z - info: [ui] [Timing] Action 'create commit' for 'dabla1710/go' took 0.046s
2024-05-09T08:51:12.700Z - info: [ui] [AppStore.withAuthenticatingUser] account found for repository: go - dabla1710 (has token)
2024-05-09T08:51:13.742Z - info: [ui] Executing push: git -c credential.helper= push origin main:main --progress (took 1.038s)
2024-05-09T08:51:17.624Z - info: [ui] [BranchPruner] No branches to prune.
2024-05-09T08:51:19.796Z - info: [ui] [AppStore.withAuthenticatingUser] account found for repository: java - dabla1710 (has token)
2024-05-09T08:51:41.846Z - info: [ui] [AppStore.withAuthenticatingUser] account found for repository: python_bootcamp - dabla1710 (has token)
2024-05-09T08:51:41.996Z - info: [ui] [Timing] Action 'create commit' for 'dabla1710/java' took 0.055s
2024-05-09T08:51:43.047Z - info: [ui] [AppStore.withAuthenticatingUser] account found for repository: java - dabla1710 (has token)
2024-05-09T08:51:44.050Z - info: [ui] Executing push: git -c credential.helper= push origin main:main --progress (took 1.002s)
2024-05-09T08:51:44.670Z - info: [ui] [RepositoryIndicatorUpdater]: Refreshing sidebar indicators for 8 repositories took 4.4s of which 0.0s paused, total 4.4s
2024-05-09T08:51:49.681Z - info: [ui] [BranchPruner] No branches to prune.
2024-05-09T08:51:52.106Z - info: [ui] Executing getChangesFiles: git log b3234b4a8e9ba8586147af43f106eadc4bf6a8bf -C -M -m -1 --no-show-signature --first-parent --raw --format=format: --numstat -z -- (took 2.448s)
2024-05-09T08:52:04.346Z - info: [ui] [Timing] Action 'create commit' for 'dabla1710/nixos-files' took 0.074s
2024-05-09T08:52:13.784Z - info: [ui] [BranchPruner] Last prune took place 24 seconds ago - skipping
2024-05-09T08:52:20.319Z - info: [ui] [AppStore.withAuthenticatingUser] account found for repository: nixos-files - dabla1710 (has token)
2024-05-09T08:52:21.517Z - info: [ui] Executing push: git -c credential.helper= push origin main:main --progress (took 1.191s)
2024-05-09T08:52:31.984Z - info: [ui] [BranchPruner] Last prune took place 2 minutes ago - skipping
2024-05-09T08:52:51.528Z - info: [ui] [BranchPruner] Last prune took place 2 minutes ago - skipping
2024-05-09T08:52:58.434Z - info: [ui] [BranchPruner] Last prune took place 11 seconds ago - skipping
2024-05-09T08:53:01.931Z - info: [ui] [BranchPruner] Last prune took place 2 minutes ago - skipping
2024-05-09T11:04:30.799Z - info: [ui] [AppStore] loading 9 repositories from store
2024-05-09T11:04:30.801Z - info: [ui] [AppStore] found account: dabla1710 (dabla1710)
2024-05-09T11:04:30.820Z - info: [ui] [BranchPruner] Last prune took place 2 hours ago - skipping
2024-05-09T11:04:30.993Z - info: [ui] launching: 3.2.5-linux1 (Linux 6.1.86)
2024-05-09T11:04:30.993Z - info: [ui] execPath: '/nix/store/62mhhpxqbn4s9db3r2grqclcwzzgni76-github-desktop-3.2.5/opt/github-desktop'
2024-05-09T11:04:31.238Z - info: [ui] Subscribed 'dabla1710' to Alive channel
2024-05-09T11:04:34.260Z - info: [ui] [BranchPruner] Last prune took place 2 hours ago - skipping
2024-05-09T11:04:47.625Z - info: [ui] [Timing] Action 'create commit' for 'dabla1710/nixos-files' took 0.075s
2024-05-09T11:05:57.252Z - info: [main] Received possible protocol arguments: 2
2024-05-09T11:05:58.607Z - info: [ui] [AppStore.withAuthenticatingUser] account found for repository: python_bootcamp - dabla1710 (has token)
2024-05-09T11:06:01.739Z - info: [ui] [RepositoryIndicatorUpdater]: Refreshing sidebar indicators for 8 repositories took 4.5s of which 0.0s paused, total 4.5s
2024-05-09T11:06:36.333Z - info: [ui] [Timing] Action 'create commit' for 'dabla1710/nixos-files' took 0.072s
2024-05-09T11:06:37.707Z - info: [ui] [AppStore.withAuthenticatingUser] account found for repository: nixos-files - dabla1710 (has token)
