2024-05-07T07:08:16.617Z - info: [ui] [AppStore] loading 8 repositories from store
2024-05-07T07:08:16.634Z - info: [ui] [AppStore] found account: dabla1710 (dabla1710)
2024-05-07T07:08:16.692Z - info: [ui] [BranchPruner] Last prune took place 9 hours ago - skipping
2024-05-07T07:08:16.873Z - info: [ui] launching: 3.2.5-linux1 (Linux 6.1.86)
2024-05-07T07:08:16.874Z - info: [ui] execPath: '/nix/store/62mhhpxqbn4s9db3r2grqclcwzzgni76-github-desktop-3.2.5/opt/github-desktop'
2024-05-07T07:08:17.852Z - info: [ui] Stats reported.
2024-05-07T07:08:22.555Z - info: [ui] Subscribed 'dabla1710' to Alive channel
2024-05-07T07:08:26.751Z - info: [ui] [AppStore.getAccountForRemoteURL] account found for remote: https://github.com/dabla1710/java.git - dabla1710 (has token)
2024-05-07T07:08:28.390Z - info: [ui] Executing clone: git -c credential.helper= -c init.defaultBranch=main clone --recursive --progress -- https://github.com/dabla1710/java.git /home/dabs/development/java (took 1.635s)
2024-05-07T07:08:28.406Z - info: [ui] [AppStore] adding repository at /home/dabs/development/java to store
2024-05-07T07:08:28.578Z - info: [ui] [BranchPruner] Last prune took place 9 hours ago - skipping
2024-05-07T07:08:29.331Z - info: [ui] [BranchPruner] No branches to prune.
2024-05-07T07:08:32.227Z - info: [ui] Executing fetch: git -c credential.helper= fetch --progress --prune --recurse-submodules=on-demand origin (took 3.680s)
2024-05-07T07:08:33.514Z - info: [ui] Executing updateRemoteHEAD: git -c credential.helper= remote set-head -a origin (took 1.285s)
2024-05-07T07:08:42.649Z - info: [ui] [AppStore.withAuthenticatingUser] account found for repository: python_bootcamp - dabla1710 (has token)
2024-05-07T07:08:43.879Z - info: [ui] Executing fetch: git -c credential.helper= fetch --progress --prune --recurse-submodules=on-demand origin (took 1.226s)
2024-05-07T07:08:49.790Z - info: [ui] Executing updateRemoteHEAD: git -c credential.helper= remote set-head -a origin (took 5.910s)
2024-05-07T07:08:51.084Z - info: [ui] [AppStore.withAuthenticatingUser] account found for repository: java - dabla1710 (has token)
2024-05-07T07:08:52.549Z - info: [ui] Executing fetch: git -c credential.helper= fetch --progress --prune --recurse-submodules=on-demand origin (took 1.464s)
2024-05-07T07:08:53.311Z - info: [ui] [RepositoryIndicatorUpdater]: Refreshing sidebar indicators for 9 repositories took 14.1s of which 0.0s paused, total 14.1s
2024-05-07T07:10:29.087Z - info: [ui] [AppStore] loading 9 repositories from store
2024-05-07T07:10:29.089Z - info: [ui] [AppStore] found account: dabla1710 (dabla1710)
2024-05-07T07:10:29.110Z - info: [ui] [BranchPruner] Last prune took place 2 minutes ago - skipping
2024-05-07T07:10:29.219Z - info: [ui] launching: 3.2.5-linux1 (Linux 6.1.86)
2024-05-07T07:10:29.220Z - info: [ui] execPath: '/nix/store/62mhhpxqbn4s9db3r2grqclcwzzgni76-github-desktop-3.2.5/opt/github-desktop'
2024-05-07T07:10:30.428Z - info: [ui] Subscribed 'dabla1710' to Alive channel
2024-05-07T07:15:20.260Z - info: [ui] [AppStore.withAuthenticatingUser] account found for repository: python_bootcamp - dabla1710 (has token)
2024-05-07T07:15:21.562Z - info: [ui] Executing fetch: git -c credential.helper= fetch --progress --prune --recurse-submodules=on-demand origin (took 1.300s)
2024-05-07T07:42:02.428Z - info: [ui] Executing fetch: git -c credential.helper= fetch --progress --prune --recurse-submodules=on-demand origin (took 1.437s)
2024-05-07T07:42:08.621Z - info: [ui] Executing updateRemoteHEAD: git -c credential.helper= remote set-head -a origin (took 6.192s)
2024-05-07T09:44:06.881Z - info: [ui] [AppStore] loading 9 repositories from store
2024-05-07T09:44:06.884Z - info: [ui] [AppStore] found account: dabla1710 (dabla1710)
2024-05-07T09:44:06.910Z - info: [ui] [BranchPruner] Last prune took place 3 hours ago - skipping
2024-05-07T09:44:07.128Z - info: [ui] launching: 3.2.5-linux1 (Linux 6.1.86)
2024-05-07T09:44:07.129Z - info: [ui] execPath: '/nix/store/62mhhpxqbn4s9db3r2grqclcwzzgni76-github-desktop-3.2.5/opt/github-desktop'
2024-05-07T09:44:07.652Z - info: [ui] Subscribed 'dabla1710' to Alive channel
2024-05-07T09:45:05.313Z - info: [ui] [Timing] Action 'create commit' for 'dabla1710/java' took 0.045s
2024-05-07T09:45:07.106Z - info: [ui] [AppStore.withAuthenticatingUser] account found for repository: java - dabla1710 (has token)
2024-05-07T09:45:08.185Z - info: [ui] Executing push: git -c credential.helper= push origin main:main --progress (took 1.075s)
2024-05-07T09:45:12.786Z - info: [ui] [BranchPruner] Last prune took place 12 hours ago - skipping
2024-05-07T09:45:25.653Z - info: [ui] [AppStore.withAuthenticatingUser] account found for repository: python_bootcamp - dabla1710 (has token)
2024-05-07T09:45:27.320Z - info: [ui] Executing updateRemoteHEAD: git -c credential.helper= remote set-head -a origin (took 1.061s)
2024-05-07T09:45:29.501Z - info: [ui] [RepositoryIndicatorUpdater]: Refreshing sidebar indicators for 8 repositories took 5.4s of which 0.0s paused, total 5.4s
2024-05-07T09:45:39.213Z - info: [ui] [Timing] Action 'create commit' for 'dabla1710/nixos-files' took 0.448s
2024-05-07T09:45:40.934Z - info: [ui] [AppStore.withAuthenticatingUser] account found for repository: nixos-files - dabla1710 (has token)
2024-05-07T09:45:42.269Z - info: [ui] Executing push: git -c credential.helper= push origin main:main --progress (took 1.331s)
2024-05-07T09:59:21.554Z - info: [ui] Executing updateIndex: git update-index --add --remove --replace -z --stdin (took 8.273s)
2024-05-07T09:59:23.950Z - info: [ui] Executing createCommit: git commit -F - (took 2.381s)
2024-05-07T09:59:23.987Z - info: [ui] [Timing] Action 'create commit' for 'dabla1710/nixos-files' took 10.950s
2024-05-07T09:59:26.340Z - info: [ui] [AppStore.withAuthenticatingUser] account found for repository: nixos-files - dabla1710 (has token)
2024-05-07T10:00:33.710Z - info: [ui] Executing push: git -c credential.helper= push origin main:main --progress (took 67.367s)
2024-05-07T10:01:19.151Z - info: [ui] [AppStore.withAuthenticatingUser] account found for repository: python_bootcamp - dabla1710 (has token)
2024-05-07T10:01:20.146Z - info: [ui] [BranchPruner] Last prune took place 3 hours ago - skipping
2024-05-07T10:01:22.062Z - info: [ui] [AppStore.withAuthenticatingUser] account found for repository: java - dabla1710 (has token)
2024-05-07T10:01:22.834Z - info: [ui] [RepositoryIndicatorUpdater]: Refreshing sidebar indicators for 8 repositories took 5.3s of which 16.2s paused, total 21.5s
2024-05-07T10:01:23.081Z - info: [ui] Executing fetch: git -c credential.helper= fetch --progress --prune --recurse-submodules=on-demand origin (took 1.017s)
2024-05-07T10:01:50.728Z - info: [ui] [BranchPruner] Last prune took place 13 hours ago - skipping
