2024-05-06T21:52:18.476Z [Modules] Modules initializing
2024-05-06T21:52:18.476Z [Modules] Distribution: remote
2024-05-06T21:52:18.476Z [Modules] Host updates: disabled
2024-05-06T21:52:18.476Z [Modules] Module updates: enabled
2024-05-06T21:52:18.477Z [Modules] Module install path: /home/dabs/.config/discord/0.0.49/modules
2024-05-06T21:52:18.477Z [Modules] Module installed file path: /home/dabs/.config/discord/0.0.49/modules/installed.json
2024-05-06T21:52:18.477Z [Modules] Module download path: /home/dabs/.config/discord/0.0.49/modules/pending
2024-05-06T21:52:18.635Z [Modules] Bootstrapping...
2024-05-06T21:52:18.635Z [Modules] Installing discord_desktop_core@0 from /nix/store/zs3j15nzz2chr2pg70liy6mg52r5cg29-discord-0.0.49/opt/Discord/resources/bootstrap/discord_desktop_core.zip
2024-05-06T21:52:18.637Z [Modules] Failed installing discord_desktop_core@0: Error: ENOENT: no such file or directory, open '/nix/store/zs3j15nzz2chr2pg70liy6mg52r5cg29-discord-0.0.49/opt/Discord/resources/bootstrap/discord_desktop_core.zip'
2024-05-06T21:52:18.637Z [Modules] Installing discord_erlpack@0 from /nix/store/zs3j15nzz2chr2pg70liy6mg52r5cg29-discord-0.0.49/opt/Discord/resources/bootstrap/discord_erlpack.zip
2024-05-06T21:52:18.637Z [Modules] Failed installing discord_erlpack@0: Error: ENOENT: no such file or directory, open '/nix/store/zs3j15nzz2chr2pg70liy6mg52r5cg29-discord-0.0.49/opt/Discord/resources/bootstrap/discord_erlpack.zip'
2024-05-06T21:52:18.637Z [Modules] Installing discord_spellcheck@0 from /nix/store/zs3j15nzz2chr2pg70liy6mg52r5cg29-discord-0.0.49/opt/Discord/resources/bootstrap/discord_spellcheck.zip
2024-05-06T21:52:18.638Z [Modules] Failed installing discord_spellcheck@0: Error: ENOENT: no such file or directory, open '/nix/store/zs3j15nzz2chr2pg70liy6mg52r5cg29-discord-0.0.49/opt/Discord/resources/bootstrap/discord_spellcheck.zip'
2024-05-06T21:52:18.639Z [Modules] Installing discord_utils@0 from /nix/store/zs3j15nzz2chr2pg70liy6mg52r5cg29-discord-0.0.49/opt/Discord/resources/bootstrap/discord_utils.zip
2024-05-06T21:52:18.639Z [Modules] Failed installing discord_utils@0: Error: ENOENT: no such file or directory, open '/nix/store/zs3j15nzz2chr2pg70liy6mg52r5cg29-discord-0.0.49/opt/Discord/resources/bootstrap/discord_utils.zip'
2024-05-06T21:52:18.639Z [Modules] Installing discord_voice@0 from /nix/store/zs3j15nzz2chr2pg70liy6mg52r5cg29-discord-0.0.49/opt/Discord/resources/bootstrap/discord_voice.zip
2024-05-06T21:52:18.639Z [Modules] Failed installing discord_voice@0: Error: ENOENT: no such file or directory, open '/nix/store/zs3j15nzz2chr2pg70liy6mg52r5cg29-discord-0.0.49/opt/Discord/resources/bootstrap/discord_voice.zip'
2024-05-06T21:52:18.639Z [Modules] Finished module installations. [success: 0] [failure: 5]
2024-05-06T21:52:18.639Z [Modules] Host is up to date.
2024-05-06T21:52:18.640Z [Modules] Checking for module updates at https://discord.com/api/modules/stable/versions.json
2024-05-06T21:52:19.012Z [Modules] Module update available: discord_desktop_core@1 [installed: 0]
2024-05-06T21:52:19.012Z [Modules] Module update available: discord_erlpack@1 [installed: 0]
2024-05-06T21:52:19.012Z [Modules] Module update available: discord_spellcheck@1 [installed: 0]
2024-05-06T21:52:19.012Z [Modules] Module update available: discord_utils@1 [installed: 0]
2024-05-06T21:52:19.012Z [Modules] Module update available: discord_voice@1 [installed: 0]
2024-05-06T21:52:19.013Z [Modules] Fetching discord_desktop_core@1 from https://discord.com/api/modules/stable/discord_desktop_core/1
2024-05-06T21:52:19.013Z [Modules] Streaming discord_desktop_core@1 to /home/dabs/.config/discord/0.0.49/modules/pending/discord_desktop_core-1.zip
2024-05-06T21:52:19.750Z [Modules] Streaming discord_desktop_core@1 to /home/dabs/.config/discord/0.0.49/modules/pending/discord_desktop_core-1.zip: 1%
2024-05-06T21:52:19.760Z [Modules] Streaming discord_desktop_core@1 to /home/dabs/.config/discord/0.0.49/modules/pending/discord_desktop_core-1.zip: 2%
2024-05-06T21:52:19.802Z [Modules] Streaming discord_desktop_core@1 to /home/dabs/.config/discord/0.0.49/modules/pending/discord_desktop_core-1.zip: 3%
2024-05-06T21:52:19.815Z [Modules] Streaming discord_desktop_core@1 to /home/dabs/.config/discord/0.0.49/modules/pending/discord_desktop_core-1.zip: 4%
2024-05-06T21:52:19.819Z [Modules] Streaming discord_desktop_core@1 to /home/dabs/.config/discord/0.0.49/modules/pending/discord_desktop_core-1.zip: 5%
2024-05-06T21:52:19.854Z [Modules] Streaming discord_desktop_core@1 to /home/dabs/.config/discord/0.0.49/modules/pending/discord_desktop_core-1.zip: 6%
2024-05-06T21:52:19.857Z [Modules] Streaming discord_desktop_core@1 to /home/dabs/.config/discord/0.0.49/modules/pending/discord_desktop_core-1.zip: 7%
2024-05-06T21:52:19.866Z [Modules] Streaming discord_desktop_core@1 to /home/dabs/.config/discord/0.0.49/modules/pending/discord_desktop_core-1.zip: 8%
2024-05-06T21:52:19.876Z [Modules] Streaming discord_desktop_core@1 to /home/dabs/.config/discord/0.0.49/modules/pending/discord_desktop_core-1.zip: 9%
2024-05-06T21:52:19.879Z [Modules] Streaming discord_desktop_core@1 to /home/dabs/.config/discord/0.0.49/modules/pending/discord_desktop_core-1.zip: 10%
2024-05-06T21:52:19.881Z [Modules] Streaming discord_desktop_core@1 to /home/dabs/.config/discord/0.0.49/modules/pending/discord_desktop_core-1.zip: 11%
2024-05-06T21:52:19.894Z [Modules] Streaming discord_desktop_core@1 to /home/dabs/.config/discord/0.0.49/modules/pending/discord_desktop_core-1.zip: 12%
2024-05-06T21:52:19.898Z [Modules] Streaming discord_desktop_core@1 to /home/dabs/.config/discord/0.0.49/modules/pending/discord_desktop_core-1.zip: 13%
2024-05-06T21:52:19.902Z [Modules] Streaming discord_desktop_core@1 to /home/dabs/.config/discord/0.0.49/modules/pending/discord_desktop_core-1.zip: 14%
2024-05-06T21:52:19.925Z [Modules] Streaming discord_desktop_core@1 to /home/dabs/.config/discord/0.0.49/modules/pending/discord_desktop_core-1.zip: 15%
2024-05-06T21:52:19.930Z [Modules] Streaming discord_desktop_core@1 to /home/dabs/.config/discord/0.0.49/modules/pending/discord_desktop_core-1.zip: 16%
2024-05-06T21:52:19.933Z [Modules] Streaming discord_desktop_core@1 to /home/dabs/.config/discord/0.0.49/modules/pending/discord_desktop_core-1.zip: 17%
2024-05-06T21:52:19.940Z [Modules] Streaming discord_desktop_core@1 to /home/dabs/.config/discord/0.0.49/modules/pending/discord_desktop_core-1.zip: 18%
2024-05-06T21:52:19.947Z [Modules] Streaming discord_desktop_core@1 to /home/dabs/.config/discord/0.0.49/modules/pending/discord_desktop_core-1.zip: 19%
2024-05-06T21:52:19.953Z [Modules] Streaming discord_desktop_core@1 to /home/dabs/.config/discord/0.0.49/modules/pending/discord_desktop_core-1.zip: 20%
2024-05-06T21:52:19.960Z [Modules] Streaming discord_desktop_core@1 to /home/dabs/.config/discord/0.0.49/modules/pending/discord_desktop_core-1.zip: 21%
2024-05-06T21:52:19.962Z [Modules] Streaming discord_desktop_core@1 to /home/dabs/.config/discord/0.0.49/modules/pending/discord_desktop_core-1.zip: 22%
2024-05-06T21:52:19.969Z [Modules] Streaming discord_desktop_core@1 to /home/dabs/.config/discord/0.0.49/modules/pending/discord_desktop_core-1.zip: 23%
2024-05-06T21:52:19.973Z [Modules] Streaming discord_desktop_core@1 to /home/dabs/.config/discord/0.0.49/modules/pending/discord_desktop_core-1.zip: 24%
2024-05-06T21:52:19.977Z [Modules] Streaming discord_desktop_core@1 to /home/dabs/.config/discord/0.0.49/modules/pending/discord_desktop_core-1.zip: 25%
2024-05-06T21:52:19.986Z [Modules] Streaming discord_desktop_core@1 to /home/dabs/.config/discord/0.0.49/modules/pending/discord_desktop_core-1.zip: 26%
2024-05-06T21:52:19.994Z [Modules] Streaming discord_desktop_core@1 to /home/dabs/.config/discord/0.0.49/modules/pending/discord_desktop_core-1.zip: 28%
2024-05-06T21:52:20.001Z [Modules] Streaming discord_desktop_core@1 to /home/dabs/.config/discord/0.0.49/modules/pending/discord_desktop_core-1.zip: 29%
2024-05-06T21:52:20.013Z [Modules] Streaming discord_desktop_core@1 to /home/dabs/.config/discord/0.0.49/modules/pending/discord_desktop_core-1.zip: 30%
2024-05-06T21:52:20.016Z [Modules] Streaming discord_desktop_core@1 to /home/dabs/.config/discord/0.0.49/modules/pending/discord_desktop_core-1.zip: 31%
2024-05-06T21:52:20.025Z [Modules] Streaming discord_desktop_core@1 to /home/dabs/.config/discord/0.0.49/modules/pending/discord_desktop_core-1.zip: 33%
2024-05-06T21:52:20.027Z [Modules] Streaming discord_desktop_core@1 to /home/dabs/.config/discord/0.0.49/modules/pending/discord_desktop_core-1.zip: 34%
2024-05-06T21:52:20.031Z [Modules] Streaming discord_desktop_core@1 to /home/dabs/.config/discord/0.0.49/modules/pending/discord_desktop_core-1.zip: 35%
2024-05-06T21:52:20.033Z [Modules] Streaming discord_desktop_core@1 to /home/dabs/.config/discord/0.0.49/modules/pending/discord_desktop_core-1.zip: 36%
2024-05-06T21:52:20.034Z [Modules] Streaming discord_desktop_core@1 to /home/dabs/.config/discord/0.0.49/modules/pending/discord_desktop_core-1.zip: 37%
2024-05-06T21:52:20.046Z [Modules] Streaming discord_desktop_core@1 to /home/dabs/.config/discord/0.0.49/modules/pending/discord_desktop_core-1.zip: 40%
2024-05-06T21:52:20.057Z [Modules] Streaming discord_desktop_core@1 to /home/dabs/.config/discord/0.0.49/modules/pending/discord_desktop_core-1.zip: 41%
2024-05-06T21:52:20.060Z [Modules] Streaming discord_desktop_core@1 to /home/dabs/.config/discord/0.0.49/modules/pending/discord_desktop_core-1.zip: 42%
2024-05-06T21:52:20.065Z [Modules] Streaming discord_desktop_core@1 to /home/dabs/.config/discord/0.0.49/modules/pending/discord_desktop_core-1.zip: 43%
2024-05-06T21:52:20.073Z [Modules] Streaming discord_desktop_core@1 to /home/dabs/.config/discord/0.0.49/modules/pending/discord_desktop_core-1.zip: 44%
2024-05-06T21:52:20.074Z [Modules] Streaming discord_desktop_core@1 to /home/dabs/.config/discord/0.0.49/modules/pending/discord_desktop_core-1.zip: 45%
2024-05-06T21:52:20.081Z [Modules] Streaming discord_desktop_core@1 to /home/dabs/.config/discord/0.0.49/modules/pending/discord_desktop_core-1.zip: 46%
2024-05-06T21:52:20.084Z [Modules] Streaming discord_desktop_core@1 to /home/dabs/.config/discord/0.0.49/modules/pending/discord_desktop_core-1.zip: 47%
2024-05-06T21:52:20.086Z [Modules] Streaming discord_desktop_core@1 to /home/dabs/.config/discord/0.0.49/modules/pending/discord_desktop_core-1.zip: 48%
2024-05-06T21:52:20.097Z [Modules] Streaming discord_desktop_core@1 to /home/dabs/.config/discord/0.0.49/modules/pending/discord_desktop_core-1.zip: 49%
2024-05-06T21:52:20.101Z [Modules] Streaming discord_desktop_core@1 to /home/dabs/.config/discord/0.0.49/modules/pending/discord_desktop_core-1.zip: 50%
2024-05-06T21:52:20.103Z [Modules] Streaming discord_desktop_core@1 to /home/dabs/.config/discord/0.0.49/modules/pending/discord_desktop_core-1.zip: 51%
2024-05-06T21:52:20.118Z [Modules] Streaming discord_desktop_core@1 to /home/dabs/.config/discord/0.0.49/modules/pending/discord_desktop_core-1.zip: 52%
2024-05-06T21:52:20.119Z [Modules] Streaming discord_desktop_core@1 to /home/dabs/.config/discord/0.0.49/modules/pending/discord_desktop_core-1.zip: 53%
2024-05-06T21:52:20.122Z [Modules] Streaming discord_desktop_core@1 to /home/dabs/.config/discord/0.0.49/modules/pending/discord_desktop_core-1.zip: 54%
2024-05-06T21:52:20.126Z [Modules] Streaming discord_desktop_core@1 to /home/dabs/.config/discord/0.0.49/modules/pending/discord_desktop_core-1.zip: 55%
2024-05-06T21:52:20.128Z [Modules] Streaming discord_desktop_core@1 to /home/dabs/.config/discord/0.0.49/modules/pending/discord_desktop_core-1.zip: 56%
2024-05-06T21:52:20.130Z [Modules] Streaming discord_desktop_core@1 to /home/dabs/.config/discord/0.0.49/modules/pending/discord_desktop_core-1.zip: 57%
2024-05-06T21:52:20.135Z [Modules] Streaming discord_desktop_core@1 to /home/dabs/.config/discord/0.0.49/modules/pending/discord_desktop_core-1.zip: 58%
2024-05-06T21:52:20.137Z [Modules] Streaming discord_desktop_core@1 to /home/dabs/.config/discord/0.0.49/modules/pending/discord_desktop_core-1.zip: 59%
2024-05-06T21:52:20.139Z [Modules] Streaming discord_desktop_core@1 to /home/dabs/.config/discord/0.0.49/modules/pending/discord_desktop_core-1.zip: 60%
2024-05-06T21:52:20.143Z [Modules] Streaming discord_desktop_core@1 to /home/dabs/.config/discord/0.0.49/modules/pending/discord_desktop_core-1.zip: 61%
2024-05-06T21:52:20.146Z [Modules] Streaming discord_desktop_core@1 to /home/dabs/.config/discord/0.0.49/modules/pending/discord_desktop_core-1.zip: 62%
2024-05-06T21:52:20.149Z [Modules] Streaming discord_desktop_core@1 to /home/dabs/.config/discord/0.0.49/modules/pending/discord_desktop_core-1.zip: 63%
2024-05-06T21:52:20.150Z [Modules] Streaming discord_desktop_core@1 to /home/dabs/.config/discord/0.0.49/modules/pending/discord_desktop_core-1.zip: 64%
2024-05-06T21:52:20.151Z [Modules] Streaming discord_desktop_core@1 to /home/dabs/.config/discord/0.0.49/modules/pending/discord_desktop_core-1.zip: 65%
2024-05-06T21:52:20.158Z [Modules] Streaming discord_desktop_core@1 to /home/dabs/.config/discord/0.0.49/modules/pending/discord_desktop_core-1.zip: 66%
2024-05-06T21:52:20.164Z [Modules] Streaming discord_desktop_core@1 to /home/dabs/.config/discord/0.0.49/modules/pending/discord_desktop_core-1.zip: 67%
2024-05-06T21:52:20.167Z [Modules] Streaming discord_desktop_core@1 to /home/dabs/.config/discord/0.0.49/modules/pending/discord_desktop_core-1.zip: 68%
2024-05-06T21:52:20.170Z [Modules] Streaming discord_desktop_core@1 to /home/dabs/.config/discord/0.0.49/modules/pending/discord_desktop_core-1.zip: 69%
2024-05-06T21:52:20.176Z [Modules] Streaming discord_desktop_core@1 to /home/dabs/.config/discord/0.0.49/modules/pending/discord_desktop_core-1.zip: 70%
2024-05-06T21:52:20.178Z [Modules] Streaming discord_desktop_core@1 to /home/dabs/.config/discord/0.0.49/modules/pending/discord_desktop_core-1.zip: 71%
2024-05-06T21:52:20.181Z [Modules] Streaming discord_desktop_core@1 to /home/dabs/.config/discord/0.0.49/modules/pending/discord_desktop_core-1.zip: 72%
2024-05-06T21:52:20.186Z [Modules] Streaming discord_desktop_core@1 to /home/dabs/.config/discord/0.0.49/modules/pending/discord_desktop_core-1.zip: 73%
2024-05-06T21:52:20.188Z [Modules] Streaming discord_desktop_core@1 to /home/dabs/.config/discord/0.0.49/modules/pending/discord_desktop_core-1.zip: 74%
2024-05-06T21:52:20.196Z [Modules] Streaming discord_desktop_core@1 to /home/dabs/.config/discord/0.0.49/modules/pending/discord_desktop_core-1.zip: 75%
2024-05-06T21:52:20.200Z [Modules] Streaming discord_desktop_core@1 to /home/dabs/.config/discord/0.0.49/modules/pending/discord_desktop_core-1.zip: 76%
2024-05-06T21:52:20.201Z [Modules] Streaming discord_desktop_core@1 to /home/dabs/.config/discord/0.0.49/modules/pending/discord_desktop_core-1.zip: 77%
2024-05-06T21:52:20.209Z [Modules] Streaming discord_desktop_core@1 to /home/dabs/.config/discord/0.0.49/modules/pending/discord_desktop_core-1.zip: 78%
2024-05-06T21:52:20.213Z [Modules] Streaming discord_desktop_core@1 to /home/dabs/.config/discord/0.0.49/modules/pending/discord_desktop_core-1.zip: 80%
2024-05-06T21:52:20.225Z [Modules] Streaming discord_desktop_core@1 to /home/dabs/.config/discord/0.0.49/modules/pending/discord_desktop_core-1.zip: 81%
2024-05-06T21:52:20.226Z [Modules] Streaming discord_desktop_core@1 to /home/dabs/.config/discord/0.0.49/modules/pending/discord_desktop_core-1.zip: 82%
2024-05-06T21:52:20.246Z [Modules] Streaming discord_desktop_core@1 to /home/dabs/.config/discord/0.0.49/modules/pending/discord_desktop_core-1.zip: 84%
2024-05-06T21:52:20.248Z [Modules] Streaming discord_desktop_core@1 to /home/dabs/.config/discord/0.0.49/modules/pending/discord_desktop_core-1.zip: 85%
2024-05-06T21:52:20.252Z [Modules] Streaming discord_desktop_core@1 to /home/dabs/.config/discord/0.0.49/modules/pending/discord_desktop_core-1.zip: 86%
2024-05-06T21:52:20.253Z [Modules] Streaming discord_desktop_core@1 to /home/dabs/.config/discord/0.0.49/modules/pending/discord_desktop_core-1.zip: 87%
2024-05-06T21:52:20.259Z [Modules] Streaming discord_desktop_core@1 to /home/dabs/.config/discord/0.0.49/modules/pending/discord_desktop_core-1.zip: 88%
2024-05-06T21:52:20.326Z [Modules] Streaming discord_desktop_core@1 to /home/dabs/.config/discord/0.0.49/modules/pending/discord_desktop_core-1.zip: 91%
2024-05-06T21:52:20.327Z [Modules] Streaming discord_desktop_core@1 to /home/dabs/.config/discord/0.0.49/modules/pending/discord_desktop_core-1.zip: 94%
2024-05-06T21:52:20.327Z [Modules] Streaming discord_desktop_core@1 to /home/dabs/.config/discord/0.0.49/modules/pending/discord_desktop_core-1.zip: 100%
2024-05-06T21:52:20.328Z [Modules] Fetching discord_erlpack@1 from https://discord.com/api/modules/stable/discord_erlpack/1
2024-05-06T21:52:20.328Z [Modules] Streaming discord_erlpack@1 to /home/dabs/.config/discord/0.0.49/modules/pending/discord_erlpack-1.zip
2024-05-06T21:52:20.807Z [Modules] Streaming discord_erlpack@1 to /home/dabs/.config/discord/0.0.49/modules/pending/discord_erlpack-1.zip: 1%
2024-05-06T21:52:20.809Z [Modules] Streaming discord_erlpack@1 to /home/dabs/.config/discord/0.0.49/modules/pending/discord_erlpack-1.zip: 2%
2024-05-06T21:52:20.811Z [Modules] Streaming discord_erlpack@1 to /home/dabs/.config/discord/0.0.49/modules/pending/discord_erlpack-1.zip: 3%
2024-05-06T21:52:20.814Z [Modules] Streaming discord_erlpack@1 to /home/dabs/.config/discord/0.0.49/modules/pending/discord_erlpack-1.zip: 4%
2024-05-06T21:52:20.816Z [Modules] Streaming discord_erlpack@1 to /home/dabs/.config/discord/0.0.49/modules/pending/discord_erlpack-1.zip: 5%
2024-05-06T21:52:20.822Z [Modules] Streaming discord_erlpack@1 to /home/dabs/.config/discord/0.0.49/modules/pending/discord_erlpack-1.zip: 6%
2024-05-06T21:52:20.824Z [Modules] Streaming discord_erlpack@1 to /home/dabs/.config/discord/0.0.49/modules/pending/discord_erlpack-1.zip: 7%
2024-05-06T21:52:20.831Z [Modules] Streaming discord_erlpack@1 to /home/dabs/.config/discord/0.0.49/modules/pending/discord_erlpack-1.zip: 10%
2024-05-06T21:52:20.833Z [Modules] Streaming discord_erlpack@1 to /home/dabs/.config/discord/0.0.49/modules/pending/discord_erlpack-1.zip: 11%
2024-05-06T21:52:20.841Z [Modules] Streaming discord_erlpack@1 to /home/dabs/.config/discord/0.0.49/modules/pending/discord_erlpack-1.zip: 12%
2024-05-06T21:52:20.844Z [Modules] Streaming discord_erlpack@1 to /home/dabs/.config/discord/0.0.49/modules/pending/discord_erlpack-1.zip: 13%
2024-05-06T21:52:20.846Z [Modules] Streaming discord_erlpack@1 to /home/dabs/.config/discord/0.0.49/modules/pending/discord_erlpack-1.zip: 14%
2024-05-06T21:52:20.851Z [Modules] Streaming discord_erlpack@1 to /home/dabs/.config/discord/0.0.49/modules/pending/discord_erlpack-1.zip: 15%
2024-05-06T21:52:20.855Z [Modules] Streaming discord_erlpack@1 to /home/dabs/.config/discord/0.0.49/modules/pending/discord_erlpack-1.zip: 16%
2024-05-06T21:52:20.856Z [Modules] Streaming discord_erlpack@1 to /home/dabs/.config/discord/0.0.49/modules/pending/discord_erlpack-1.zip: 17%
2024-05-06T21:52:20.861Z [Modules] Streaming discord_erlpack@1 to /home/dabs/.config/discord/0.0.49/modules/pending/discord_erlpack-1.zip: 18%
2024-05-06T21:52:20.864Z [Modules] Streaming discord_erlpack@1 to /home/dabs/.config/discord/0.0.49/modules/pending/discord_erlpack-1.zip: 19%
2024-05-06T21:52:20.867Z [Modules] Streaming discord_erlpack@1 to /home/dabs/.config/discord/0.0.49/modules/pending/discord_erlpack-1.zip: 20%
2024-05-06T21:52:20.871Z [Modules] Streaming discord_erlpack@1 to /home/dabs/.config/discord/0.0.49/modules/pending/discord_erlpack-1.zip: 21%
2024-05-06T21:52:20.873Z [Modules] Streaming discord_erlpack@1 to /home/dabs/.config/discord/0.0.49/modules/pending/discord_erlpack-1.zip: 22%
2024-05-06T21:52:20.880Z [Modules] Streaming discord_erlpack@1 to /home/dabs/.config/discord/0.0.49/modules/pending/discord_erlpack-1.zip: 23%
2024-05-06T21:52:20.882Z [Modules] Streaming discord_erlpack@1 to /home/dabs/.config/discord/0.0.49/modules/pending/discord_erlpack-1.zip: 24%
2024-05-06T21:52:20.885Z [Modules] Streaming discord_erlpack@1 to /home/dabs/.config/discord/0.0.49/modules/pending/discord_erlpack-1.zip: 25%
2024-05-06T21:52:20.887Z [Modules] Streaming discord_erlpack@1 to /home/dabs/.config/discord/0.0.49/modules/pending/discord_erlpack-1.zip: 26%
2024-05-06T21:52:20.890Z [Modules] Streaming discord_erlpack@1 to /home/dabs/.config/discord/0.0.49/modules/pending/discord_erlpack-1.zip: 27%
2024-05-06T21:52:20.892Z [Modules] Streaming discord_erlpack@1 to /home/dabs/.config/discord/0.0.49/modules/pending/discord_erlpack-1.zip: 28%
2024-05-06T21:52:20.897Z [Modules] Streaming discord_erlpack@1 to /home/dabs/.config/discord/0.0.49/modules/pending/discord_erlpack-1.zip: 29%
2024-05-06T21:52:20.900Z [Modules] Streaming discord_erlpack@1 to /home/dabs/.config/discord/0.0.49/modules/pending/discord_erlpack-1.zip: 30%
2024-05-06T21:52:20.903Z [Modules] Streaming discord_erlpack@1 to /home/dabs/.config/discord/0.0.49/modules/pending/discord_erlpack-1.zip: 31%
2024-05-06T21:52:20.904Z [Modules] Streaming discord_erlpack@1 to /home/dabs/.config/discord/0.0.49/modules/pending/discord_erlpack-1.zip: 32%
2024-05-06T21:52:20.906Z [Modules] Streaming discord_erlpack@1 to /home/dabs/.config/discord/0.0.49/modules/pending/discord_erlpack-1.zip: 33%
2024-05-06T21:52:20.908Z [Modules] Streaming discord_erlpack@1 to /home/dabs/.config/discord/0.0.49/modules/pending/discord_erlpack-1.zip: 34%
2024-05-06T21:52:20.913Z [Modules] Streaming discord_erlpack@1 to /home/dabs/.config/discord/0.0.49/modules/pending/discord_erlpack-1.zip: 35%
2024-05-06T21:52:20.915Z [Modules] Streaming discord_erlpack@1 to /home/dabs/.config/discord/0.0.49/modules/pending/discord_erlpack-1.zip: 36%
2024-05-06T21:52:20.918Z [Modules] Streaming discord_erlpack@1 to /home/dabs/.config/discord/0.0.49/modules/pending/discord_erlpack-1.zip: 37%
2024-05-06T21:52:20.921Z [Modules] Streaming discord_erlpack@1 to /home/dabs/.config/discord/0.0.49/modules/pending/discord_erlpack-1.zip: 38%
2024-05-06T21:52:20.926Z [Modules] Streaming discord_erlpack@1 to /home/dabs/.config/discord/0.0.49/modules/pending/discord_erlpack-1.zip: 39%
2024-05-06T21:52:20.930Z [Modules] Streaming discord_erlpack@1 to /home/dabs/.config/discord/0.0.49/modules/pending/discord_erlpack-1.zip: 41%
2024-05-06T21:52:20.932Z [Modules] Streaming discord_erlpack@1 to /home/dabs/.config/discord/0.0.49/modules/pending/discord_erlpack-1.zip: 42%
2024-05-06T21:52:20.935Z [Modules] Streaming discord_erlpack@1 to /home/dabs/.config/discord/0.0.49/modules/pending/discord_erlpack-1.zip: 43%
2024-05-06T21:52:20.938Z [Modules] Streaming discord_erlpack@1 to /home/dabs/.config/discord/0.0.49/modules/pending/discord_erlpack-1.zip: 44%
2024-05-06T21:52:20.940Z [Modules] Streaming discord_erlpack@1 to /home/dabs/.config/discord/0.0.49/modules/pending/discord_erlpack-1.zip: 45%
2024-05-06T21:52:20.946Z [Modules] Streaming discord_erlpack@1 to /home/dabs/.config/discord/0.0.49/modules/pending/discord_erlpack-1.zip: 46%
2024-05-06T21:52:20.947Z [Modules] Streaming discord_erlpack@1 to /home/dabs/.config/discord/0.0.49/modules/pending/discord_erlpack-1.zip: 47%
2024-05-06T21:52:20.950Z [Modules] Streaming discord_erlpack@1 to /home/dabs/.config/discord/0.0.49/modules/pending/discord_erlpack-1.zip: 48%
2024-05-06T21:52:20.952Z [Modules] Streaming discord_erlpack@1 to /home/dabs/.config/discord/0.0.49/modules/pending/discord_erlpack-1.zip: 49%
2024-05-06T21:52:20.954Z [Modules] Streaming discord_erlpack@1 to /home/dabs/.config/discord/0.0.49/modules/pending/discord_erlpack-1.zip: 50%
2024-05-06T21:52:20.957Z [Modules] Streaming discord_erlpack@1 to /home/dabs/.config/discord/0.0.49/modules/pending/discord_erlpack-1.zip: 51%
2024-05-06T21:52:20.963Z [Modules] Streaming discord_erlpack@1 to /home/dabs/.config/discord/0.0.49/modules/pending/discord_erlpack-1.zip: 52%
2024-05-06T21:52:20.965Z [Modules] Streaming discord_erlpack@1 to /home/dabs/.config/discord/0.0.49/modules/pending/discord_erlpack-1.zip: 53%
2024-05-06T21:52:20.967Z [Modules] Streaming discord_erlpack@1 to /home/dabs/.config/discord/0.0.49/modules/pending/discord_erlpack-1.zip: 54%
2024-05-06T21:52:20.968Z [Modules] Streaming discord_erlpack@1 to /home/dabs/.config/discord/0.0.49/modules/pending/discord_erlpack-1.zip: 55%
2024-05-06T21:52:20.974Z [Modules] Streaming discord_erlpack@1 to /home/dabs/.config/discord/0.0.49/modules/pending/discord_erlpack-1.zip: 56%
2024-05-06T21:52:20.976Z [Modules] Streaming discord_erlpack@1 to /home/dabs/.config/discord/0.0.49/modules/pending/discord_erlpack-1.zip: 57%
2024-05-06T21:52:20.983Z [Modules] Streaming discord_erlpack@1 to /home/dabs/.config/discord/0.0.49/modules/pending/discord_erlpack-1.zip: 58%
2024-05-06T21:52:20.985Z [Modules] Streaming discord_erlpack@1 to /home/dabs/.config/discord/0.0.49/modules/pending/discord_erlpack-1.zip: 59%
2024-05-06T21:52:20.991Z [Modules] Streaming discord_erlpack@1 to /home/dabs/.config/discord/0.0.49/modules/pending/discord_erlpack-1.zip: 60%
2024-05-06T21:52:20.997Z [Modules] Streaming discord_erlpack@1 to /home/dabs/.config/discord/0.0.49/modules/pending/discord_erlpack-1.zip: 63%
2024-05-06T21:52:21.004Z [Modules] Streaming discord_erlpack@1 to /home/dabs/.config/discord/0.0.49/modules/pending/discord_erlpack-1.zip: 64%
2024-05-06T21:52:21.006Z [Modules] Streaming discord_erlpack@1 to /home/dabs/.config/discord/0.0.49/modules/pending/discord_erlpack-1.zip: 65%
2024-05-06T21:52:21.013Z [Modules] Streaming discord_erlpack@1 to /home/dabs/.config/discord/0.0.49/modules/pending/discord_erlpack-1.zip: 67%
2024-05-06T21:52:21.016Z [Modules] Streaming discord_erlpack@1 to /home/dabs/.config/discord/0.0.49/modules/pending/discord_erlpack-1.zip: 68%
2024-05-06T21:52:21.017Z [Modules] Streaming discord_erlpack@1 to /home/dabs/.config/discord/0.0.49/modules/pending/discord_erlpack-1.zip: 69%
2024-05-06T21:52:21.024Z [Modules] Streaming discord_erlpack@1 to /home/dabs/.config/discord/0.0.49/modules/pending/discord_erlpack-1.zip: 70%
2024-05-06T21:52:21.027Z [Modules] Streaming discord_erlpack@1 to /home/dabs/.config/discord/0.0.49/modules/pending/discord_erlpack-1.zip: 71%
2024-05-06T21:52:21.029Z [Modules] Streaming discord_erlpack@1 to /home/dabs/.config/discord/0.0.49/modules/pending/discord_erlpack-1.zip: 72%
2024-05-06T21:52:21.030Z [Modules] Streaming discord_erlpack@1 to /home/dabs/.config/discord/0.0.49/modules/pending/discord_erlpack-1.zip: 73%
2024-05-06T21:52:21.032Z [Modules] Streaming discord_erlpack@1 to /home/dabs/.config/discord/0.0.49/modules/pending/discord_erlpack-1.zip: 74%
2024-05-06T21:52:21.038Z [Modules] Streaming discord_erlpack@1 to /home/dabs/.config/discord/0.0.49/modules/pending/discord_erlpack-1.zip: 75%
2024-05-06T21:52:21.040Z [Modules] Streaming discord_erlpack@1 to /home/dabs/.config/discord/0.0.49/modules/pending/discord_erlpack-1.zip: 76%
2024-05-06T21:52:21.042Z [Modules] Streaming discord_erlpack@1 to /home/dabs/.config/discord/0.0.49/modules/pending/discord_erlpack-1.zip: 77%
2024-05-06T21:52:21.051Z [Modules] Streaming discord_erlpack@1 to /home/dabs/.config/discord/0.0.49/modules/pending/discord_erlpack-1.zip: 80%
2024-05-06T21:52:21.056Z [Modules] Streaming discord_erlpack@1 to /home/dabs/.config/discord/0.0.49/modules/pending/discord_erlpack-1.zip: 81%
2024-05-06T21:52:21.062Z [Modules] Streaming discord_erlpack@1 to /home/dabs/.config/discord/0.0.49/modules/pending/discord_erlpack-1.zip: 83%
2024-05-06T21:52:21.065Z [Modules] Streaming discord_erlpack@1 to /home/dabs/.config/discord/0.0.49/modules/pending/discord_erlpack-1.zip: 84%
2024-05-06T21:52:21.066Z [Modules] Streaming discord_erlpack@1 to /home/dabs/.config/discord/0.0.49/modules/pending/discord_erlpack-1.zip: 85%
2024-05-06T21:52:21.068Z [Modules] Streaming discord_erlpack@1 to /home/dabs/.config/discord/0.0.49/modules/pending/discord_erlpack-1.zip: 86%
2024-05-06T21:52:21.072Z [Modules] Streaming discord_erlpack@1 to /home/dabs/.config/discord/0.0.49/modules/pending/discord_erlpack-1.zip: 87%
2024-05-06T21:52:21.077Z [Modules] Streaming discord_erlpack@1 to /home/dabs/.config/discord/0.0.49/modules/pending/discord_erlpack-1.zip: 88%
2024-05-06T21:52:21.079Z [Modules] Streaming discord_erlpack@1 to /home/dabs/.config/discord/0.0.49/modules/pending/discord_erlpack-1.zip: 89%
2024-05-06T21:52:21.081Z [Modules] Streaming discord_erlpack@1 to /home/dabs/.config/discord/0.0.49/modules/pending/discord_erlpack-1.zip: 90%
2024-05-06T21:52:21.082Z [Modules] Streaming discord_erlpack@1 to /home/dabs/.config/discord/0.0.49/modules/pending/discord_erlpack-1.zip: 91%
2024-05-06T21:52:21.084Z [Modules] Streaming discord_erlpack@1 to /home/dabs/.config/discord/0.0.49/modules/pending/discord_erlpack-1.zip: 92%
2024-05-06T21:52:21.088Z [Modules] Streaming discord_erlpack@1 to /home/dabs/.config/discord/0.0.49/modules/pending/discord_erlpack-1.zip: 93%
2024-05-06T21:52:21.091Z [Modules] Streaming discord_erlpack@1 to /home/dabs/.config/discord/0.0.49/modules/pending/discord_erlpack-1.zip: 94%
2024-05-06T21:52:21.096Z [Modules] Streaming discord_erlpack@1 to /home/dabs/.config/discord/0.0.49/modules/pending/discord_erlpack-1.zip: 96%
2024-05-06T21:52:21.099Z [Modules] Streaming discord_erlpack@1 to /home/dabs/.config/discord/0.0.49/modules/pending/discord_erlpack-1.zip: 97%
2024-05-06T21:52:21.101Z [Modules] Streaming discord_erlpack@1 to /home/dabs/.config/discord/0.0.49/modules/pending/discord_erlpack-1.zip: 98%
2024-05-06T21:52:21.104Z [Modules] Streaming discord_erlpack@1 to /home/dabs/.config/discord/0.0.49/modules/pending/discord_erlpack-1.zip: 100%
2024-05-06T21:52:21.105Z [Modules] Fetching discord_spellcheck@1 from https://discord.com/api/modules/stable/discord_spellcheck/1
2024-05-06T21:52:21.105Z [Modules] Streaming discord_spellcheck@1 to /home/dabs/.config/discord/0.0.49/modules/pending/discord_spellcheck-1.zip
2024-05-06T21:52:21.589Z [Modules] Streaming discord_spellcheck@1 to /home/dabs/.config/discord/0.0.49/modules/pending/discord_spellcheck-1.zip: 1%
2024-05-06T21:52:21.609Z [Modules] Streaming discord_spellcheck@1 to /home/dabs/.config/discord/0.0.49/modules/pending/discord_spellcheck-1.zip: 2%
2024-05-06T21:52:21.623Z [Modules] Streaming discord_spellcheck@1 to /home/dabs/.config/discord/0.0.49/modules/pending/discord_spellcheck-1.zip: 3%
2024-05-06T21:52:21.645Z [Modules] Streaming discord_spellcheck@1 to /home/dabs/.config/discord/0.0.49/modules/pending/discord_spellcheck-1.zip: 4%
2024-05-06T21:52:21.660Z [Modules] Streaming discord_spellcheck@1 to /home/dabs/.config/discord/0.0.49/modules/pending/discord_spellcheck-1.zip: 5%
2024-05-06T21:52:21.675Z [Modules] Streaming discord_spellcheck@1 to /home/dabs/.config/discord/0.0.49/modules/pending/discord_spellcheck-1.zip: 6%
2024-05-06T21:52:21.698Z [Modules] Streaming discord_spellcheck@1 to /home/dabs/.config/discord/0.0.49/modules/pending/discord_spellcheck-1.zip: 7%
2024-05-06T21:52:21.710Z [Modules] Streaming discord_spellcheck@1 to /home/dabs/.config/discord/0.0.49/modules/pending/discord_spellcheck-1.zip: 8%
2024-05-06T21:52:21.727Z [Modules] Streaming discord_spellcheck@1 to /home/dabs/.config/discord/0.0.49/modules/pending/discord_spellcheck-1.zip: 9%
2024-05-06T21:52:21.748Z [Modules] Streaming discord_spellcheck@1 to /home/dabs/.config/discord/0.0.49/modules/pending/discord_spellcheck-1.zip: 10%
2024-05-06T21:52:21.760Z [Modules] Streaming discord_spellcheck@1 to /home/dabs/.config/discord/0.0.49/modules/pending/discord_spellcheck-1.zip: 11%
2024-05-06T21:52:21.777Z [Modules] Streaming discord_spellcheck@1 to /home/dabs/.config/discord/0.0.49/modules/pending/discord_spellcheck-1.zip: 12%
2024-05-06T21:52:21.794Z [Modules] Streaming discord_spellcheck@1 to /home/dabs/.config/discord/0.0.49/modules/pending/discord_spellcheck-1.zip: 13%
2024-05-06T21:52:21.809Z [Modules] Streaming discord_spellcheck@1 to /home/dabs/.config/discord/0.0.49/modules/pending/discord_spellcheck-1.zip: 14%
2024-05-06T21:52:21.825Z [Modules] Streaming discord_spellcheck@1 to /home/dabs/.config/discord/0.0.49/modules/pending/discord_spellcheck-1.zip: 15%
2024-05-06T21:52:21.837Z [Modules] Streaming discord_spellcheck@1 to /home/dabs/.config/discord/0.0.49/modules/pending/discord_spellcheck-1.zip: 16%
2024-05-06T21:52:22.014Z [Modules] Streaming discord_spellcheck@1 to /home/dabs/.config/discord/0.0.49/modules/pending/discord_spellcheck-1.zip: 17%
2024-05-06T21:52:22.019Z [Modules] Streaming discord_spellcheck@1 to /home/dabs/.config/discord/0.0.49/modules/pending/discord_spellcheck-1.zip: 18%
2024-05-06T21:52:22.019Z [Modules] Streaming discord_spellcheck@1 to /home/dabs/.config/discord/0.0.49/modules/pending/discord_spellcheck-1.zip: 19%
2024-05-06T21:52:22.020Z [Modules] Streaming discord_spellcheck@1 to /home/dabs/.config/discord/0.0.49/modules/pending/discord_spellcheck-1.zip: 20%
2024-05-06T21:52:22.020Z [Modules] Streaming discord_spellcheck@1 to /home/dabs/.config/discord/0.0.49/modules/pending/discord_spellcheck-1.zip: 22%
2024-05-06T21:52:22.020Z [Modules] Streaming discord_spellcheck@1 to /home/dabs/.config/discord/0.0.49/modules/pending/discord_spellcheck-1.zip: 24%
2024-05-06T21:52:22.262Z [Modules] Streaming discord_spellcheck@1 to /home/dabs/.config/discord/0.0.49/modules/pending/discord_spellcheck-1.zip: 25%
2024-05-06T21:52:22.269Z [Modules] Streaming discord_spellcheck@1 to /home/dabs/.config/discord/0.0.49/modules/pending/discord_spellcheck-1.zip: 26%
2024-05-06T21:52:22.270Z [Modules] Streaming discord_spellcheck@1 to /home/dabs/.config/discord/0.0.49/modules/pending/discord_spellcheck-1.zip: 27%
2024-05-06T21:52:22.301Z [Modules] Streaming discord_spellcheck@1 to /home/dabs/.config/discord/0.0.49/modules/pending/discord_spellcheck-1.zip: 28%
2024-05-06T21:52:22.312Z [Modules] Streaming discord_spellcheck@1 to /home/dabs/.config/discord/0.0.49/modules/pending/discord_spellcheck-1.zip: 29%
2024-05-06T21:52:22.312Z [Modules] Streaming discord_spellcheck@1 to /home/dabs/.config/discord/0.0.49/modules/pending/discord_spellcheck-1.zip: 30%
2024-05-06T21:52:22.338Z [Modules] Streaming discord_spellcheck@1 to /home/dabs/.config/discord/0.0.49/modules/pending/discord_spellcheck-1.zip: 31%
2024-05-06T21:52:22.338Z [Modules] Streaming discord_spellcheck@1 to /home/dabs/.config/discord/0.0.49/modules/pending/discord_spellcheck-1.zip: 32%
2024-05-06T21:52:22.338Z [Modules] Streaming discord_spellcheck@1 to /home/dabs/.config/discord/0.0.49/modules/pending/discord_spellcheck-1.zip: 33%
2024-05-06T21:52:22.380Z [Modules] Streaming discord_spellcheck@1 to /home/dabs/.config/discord/0.0.49/modules/pending/discord_spellcheck-1.zip: 34%
2024-05-06T21:52:22.537Z [Modules] Streaming discord_spellcheck@1 to /home/dabs/.config/discord/0.0.49/modules/pending/discord_spellcheck-1.zip: 35%
2024-05-06T21:52:22.537Z [Modules] Streaming discord_spellcheck@1 to /home/dabs/.config/discord/0.0.49/modules/pending/discord_spellcheck-1.zip: 36%
2024-05-06T21:52:22.537Z [Modules] Streaming discord_spellcheck@1 to /home/dabs/.config/discord/0.0.49/modules/pending/discord_spellcheck-1.zip: 37%
2024-05-06T21:52:22.538Z [Modules] Streaming discord_spellcheck@1 to /home/dabs/.config/discord/0.0.49/modules/pending/discord_spellcheck-1.zip: 38%
2024-05-06T21:52:22.538Z [Modules] Streaming discord_spellcheck@1 to /home/dabs/.config/discord/0.0.49/modules/pending/discord_spellcheck-1.zip: 39%
2024-05-06T21:52:22.538Z [Modules] Streaming discord_spellcheck@1 to /home/dabs/.config/discord/0.0.49/modules/pending/discord_spellcheck-1.zip: 41%
2024-05-06T21:52:22.539Z [Modules] Streaming discord_spellcheck@1 to /home/dabs/.config/discord/0.0.49/modules/pending/discord_spellcheck-1.zip: 42%
2024-05-06T21:52:22.539Z [Modules] Streaming discord_spellcheck@1 to /home/dabs/.config/discord/0.0.49/modules/pending/discord_spellcheck-1.zip: 44%
2024-05-06T21:52:22.539Z [Modules] Streaming discord_spellcheck@1 to /home/dabs/.config/discord/0.0.49/modules/pending/discord_spellcheck-1.zip: 47%
2024-05-06T21:52:22.539Z [Modules] Streaming discord_spellcheck@1 to /home/dabs/.config/discord/0.0.49/modules/pending/discord_spellcheck-1.zip: 48%
2024-05-06T21:52:22.557Z [Modules] Streaming discord_spellcheck@1 to /home/dabs/.config/discord/0.0.49/modules/pending/discord_spellcheck-1.zip: 49%
2024-05-06T21:52:22.558Z [Modules] Streaming discord_spellcheck@1 to /home/dabs/.config/discord/0.0.49/modules/pending/discord_spellcheck-1.zip: 50%
2024-05-06T21:52:22.584Z [Modules] Streaming discord_spellcheck@1 to /home/dabs/.config/discord/0.0.49/modules/pending/discord_spellcheck-1.zip: 51%
2024-05-06T21:52:22.589Z [Modules] Streaming discord_spellcheck@1 to /home/dabs/.config/discord/0.0.49/modules/pending/discord_spellcheck-1.zip: 52%
2024-05-06T21:52:22.602Z [Modules] Streaming discord_spellcheck@1 to /home/dabs/.config/discord/0.0.49/modules/pending/discord_spellcheck-1.zip: 53%
2024-05-06T21:52:22.618Z [Modules] Streaming discord_spellcheck@1 to /home/dabs/.config/discord/0.0.49/modules/pending/discord_spellcheck-1.zip: 54%
2024-05-06T21:52:22.619Z [Modules] Streaming discord_spellcheck@1 to /home/dabs/.config/discord/0.0.49/modules/pending/discord_spellcheck-1.zip: 55%
2024-05-06T21:52:22.619Z [Modules] Streaming discord_spellcheck@1 to /home/dabs/.config/discord/0.0.49/modules/pending/discord_spellcheck-1.zip: 56%
2024-05-06T21:52:22.707Z [Modules] Streaming discord_spellcheck@1 to /home/dabs/.config/discord/0.0.49/modules/pending/discord_spellcheck-1.zip: 57%
2024-05-06T21:52:22.707Z [Modules] Streaming discord_spellcheck@1 to /home/dabs/.config/discord/0.0.49/modules/pending/discord_spellcheck-1.zip: 58%
2024-05-06T21:52:22.707Z [Modules] Streaming discord_spellcheck@1 to /home/dabs/.config/discord/0.0.49/modules/pending/discord_spellcheck-1.zip: 60%
2024-05-06T21:52:22.707Z [Modules] Streaming discord_spellcheck@1 to /home/dabs/.config/discord/0.0.49/modules/pending/discord_spellcheck-1.zip: 62%
2024-05-06T21:52:22.708Z [Modules] Streaming discord_spellcheck@1 to /home/dabs/.config/discord/0.0.49/modules/pending/discord_spellcheck-1.zip: 63%
2024-05-06T21:52:22.727Z [Modules] Streaming discord_spellcheck@1 to /home/dabs/.config/discord/0.0.49/modules/pending/discord_spellcheck-1.zip: 64%
2024-05-06T21:52:22.745Z [Modules] Streaming discord_spellcheck@1 to /home/dabs/.config/discord/0.0.49/modules/pending/discord_spellcheck-1.zip: 65%
2024-05-06T21:52:23.009Z [Modules] Streaming discord_spellcheck@1 to /home/dabs/.config/discord/0.0.49/modules/pending/discord_spellcheck-1.zip: 66%
2024-05-06T21:52:23.134Z [Modules] Streaming discord_spellcheck@1 to /home/dabs/.config/discord/0.0.49/modules/pending/discord_spellcheck-1.zip: 67%
2024-05-06T21:52:23.150Z [Modules] Streaming discord_spellcheck@1 to /home/dabs/.config/discord/0.0.49/modules/pending/discord_spellcheck-1.zip: 68%
2024-05-06T21:52:23.151Z [Modules] Streaming discord_spellcheck@1 to /home/dabs/.config/discord/0.0.49/modules/pending/discord_spellcheck-1.zip: 69%
2024-05-06T21:52:23.151Z [Modules] Streaming discord_spellcheck@1 to /home/dabs/.config/discord/0.0.49/modules/pending/discord_spellcheck-1.zip: 70%
2024-05-06T21:52:23.151Z [Modules] Streaming discord_spellcheck@1 to /home/dabs/.config/discord/0.0.49/modules/pending/discord_spellcheck-1.zip: 72%
2024-05-06T21:52:23.151Z [Modules] Streaming discord_spellcheck@1 to /home/dabs/.config/discord/0.0.49/modules/pending/discord_spellcheck-1.zip: 73%
2024-05-06T21:52:23.152Z [Modules] Streaming discord_spellcheck@1 to /home/dabs/.config/discord/0.0.49/modules/pending/discord_spellcheck-1.zip: 75%
2024-05-06T21:52:23.152Z [Modules] Streaming discord_spellcheck@1 to /home/dabs/.config/discord/0.0.49/modules/pending/discord_spellcheck-1.zip: 76%
2024-05-06T21:52:23.163Z [Modules] Streaming discord_spellcheck@1 to /home/dabs/.config/discord/0.0.49/modules/pending/discord_spellcheck-1.zip: 77%
2024-05-06T21:52:23.174Z [Modules] Streaming discord_spellcheck@1 to /home/dabs/.config/discord/0.0.49/modules/pending/discord_spellcheck-1.zip: 78%
2024-05-06T21:52:23.174Z [Modules] Streaming discord_spellcheck@1 to /home/dabs/.config/discord/0.0.49/modules/pending/discord_spellcheck-1.zip: 79%
2024-05-06T21:52:23.175Z [Modules] Streaming discord_spellcheck@1 to /home/dabs/.config/discord/0.0.49/modules/pending/discord_spellcheck-1.zip: 80%
2024-05-06T21:52:23.175Z [Modules] Streaming discord_spellcheck@1 to /home/dabs/.config/discord/0.0.49/modules/pending/discord_spellcheck-1.zip: 82%
2024-05-06T21:52:23.175Z [Modules] Streaming discord_spellcheck@1 to /home/dabs/.config/discord/0.0.49/modules/pending/discord_spellcheck-1.zip: 85%
2024-05-06T21:52:23.182Z [Modules] Streaming discord_spellcheck@1 to /home/dabs/.config/discord/0.0.49/modules/pending/discord_spellcheck-1.zip: 86%
2024-05-06T21:52:23.183Z [Modules] Streaming discord_spellcheck@1 to /home/dabs/.config/discord/0.0.49/modules/pending/discord_spellcheck-1.zip: 87%
2024-05-06T21:52:23.201Z [Modules] Streaming discord_spellcheck@1 to /home/dabs/.config/discord/0.0.49/modules/pending/discord_spellcheck-1.zip: 88%
2024-05-06T21:52:23.208Z [Modules] Streaming discord_spellcheck@1 to /home/dabs/.config/discord/0.0.49/modules/pending/discord_spellcheck-1.zip: 89%
2024-05-06T21:52:23.214Z [Modules] Streaming discord_spellcheck@1 to /home/dabs/.config/discord/0.0.49/modules/pending/discord_spellcheck-1.zip: 90%
2024-05-06T21:52:23.214Z [Modules] Streaming discord_spellcheck@1 to /home/dabs/.config/discord/0.0.49/modules/pending/discord_spellcheck-1.zip: 91%
2024-05-06T21:52:23.214Z [Modules] Streaming discord_spellcheck@1 to /home/dabs/.config/discord/0.0.49/modules/pending/discord_spellcheck-1.zip: 92%
2024-05-06T21:52:23.215Z [Modules] Streaming discord_spellcheck@1 to /home/dabs/.config/discord/0.0.49/modules/pending/discord_spellcheck-1.zip: 93%
2024-05-06T21:52:23.215Z [Modules] Streaming discord_spellcheck@1 to /home/dabs/.config/discord/0.0.49/modules/pending/discord_spellcheck-1.zip: 95%
2024-05-06T21:52:23.215Z [Modules] Streaming discord_spellcheck@1 to /home/dabs/.config/discord/0.0.49/modules/pending/discord_spellcheck-1.zip: 96%
2024-05-06T21:52:23.229Z [Modules] Streaming discord_spellcheck@1 to /home/dabs/.config/discord/0.0.49/modules/pending/discord_spellcheck-1.zip: 97%
2024-05-06T21:52:23.242Z [Modules] Streaming discord_spellcheck@1 to /home/dabs/.config/discord/0.0.49/modules/pending/discord_spellcheck-1.zip: 98%
2024-05-06T21:52:23.253Z [Modules] Streaming discord_spellcheck@1 to /home/dabs/.config/discord/0.0.49/modules/pending/discord_spellcheck-1.zip: 99%
2024-05-06T21:52:23.262Z [Modules] Streaming discord_spellcheck@1 to /home/dabs/.config/discord/0.0.49/modules/pending/discord_spellcheck-1.zip: 100%
2024-05-06T21:52:23.263Z [Modules] Fetching discord_utils@1 from https://discord.com/api/modules/stable/discord_utils/1
2024-05-06T21:52:23.263Z [Modules] Streaming discord_utils@1 to /home/dabs/.config/discord/0.0.49/modules/pending/discord_utils-1.zip
2024-05-06T21:52:23.977Z [Modules] Streaming discord_utils@1 to /home/dabs/.config/discord/0.0.49/modules/pending/discord_utils-1.zip: 1%
2024-05-06T21:52:23.981Z [Modules] Streaming discord_utils@1 to /home/dabs/.config/discord/0.0.49/modules/pending/discord_utils-1.zip: 2%
2024-05-06T21:52:23.989Z [Modules] Streaming discord_utils@1 to /home/dabs/.config/discord/0.0.49/modules/pending/discord_utils-1.zip: 3%
2024-05-06T21:52:23.993Z [Modules] Streaming discord_utils@1 to /home/dabs/.config/discord/0.0.49/modules/pending/discord_utils-1.zip: 4%
2024-05-06T21:52:23.997Z [Modules] Streaming discord_utils@1 to /home/dabs/.config/discord/0.0.49/modules/pending/discord_utils-1.zip: 5%
2024-05-06T21:52:24.001Z [Modules] Streaming discord_utils@1 to /home/dabs/.config/discord/0.0.49/modules/pending/discord_utils-1.zip: 6%
2024-05-06T21:52:24.007Z [Modules] Streaming discord_utils@1 to /home/dabs/.config/discord/0.0.49/modules/pending/discord_utils-1.zip: 7%
2024-05-06T21:52:24.011Z [Modules] Streaming discord_utils@1 to /home/dabs/.config/discord/0.0.49/modules/pending/discord_utils-1.zip: 8%
2024-05-06T21:52:24.015Z [Modules] Streaming discord_utils@1 to /home/dabs/.config/discord/0.0.49/modules/pending/discord_utils-1.zip: 9%
2024-05-06T21:52:24.020Z [Modules] Streaming discord_utils@1 to /home/dabs/.config/discord/0.0.49/modules/pending/discord_utils-1.zip: 10%
2024-05-06T21:52:24.028Z [Modules] Streaming discord_utils@1 to /home/dabs/.config/discord/0.0.49/modules/pending/discord_utils-1.zip: 11%
2024-05-06T21:52:24.029Z [Modules] Streaming discord_utils@1 to /home/dabs/.config/discord/0.0.49/modules/pending/discord_utils-1.zip: 12%
2024-05-06T21:52:24.033Z [Modules] Streaming discord_utils@1 to /home/dabs/.config/discord/0.0.49/modules/pending/discord_utils-1.zip: 13%
2024-05-06T21:52:24.037Z [Modules] Streaming discord_utils@1 to /home/dabs/.config/discord/0.0.49/modules/pending/discord_utils-1.zip: 14%
2024-05-06T21:52:24.042Z [Modules] Streaming discord_utils@1 to /home/dabs/.config/discord/0.0.49/modules/pending/discord_utils-1.zip: 15%
2024-05-06T21:52:24.049Z [Modules] Streaming discord_utils@1 to /home/dabs/.config/discord/0.0.49/modules/pending/discord_utils-1.zip: 16%
2024-05-06T21:52:24.054Z [Modules] Streaming discord_utils@1 to /home/dabs/.config/discord/0.0.49/modules/pending/discord_utils-1.zip: 17%
2024-05-06T21:52:24.061Z [Modules] Streaming discord_utils@1 to /home/dabs/.config/discord/0.0.49/modules/pending/discord_utils-1.zip: 18%
2024-05-06T21:52:24.066Z [Modules] Streaming discord_utils@1 to /home/dabs/.config/discord/0.0.49/modules/pending/discord_utils-1.zip: 19%
2024-05-06T21:52:24.070Z [Modules] Streaming discord_utils@1 to /home/dabs/.config/discord/0.0.49/modules/pending/discord_utils-1.zip: 20%
2024-05-06T21:52:24.074Z [Modules] Streaming discord_utils@1 to /home/dabs/.config/discord/0.0.49/modules/pending/discord_utils-1.zip: 21%
2024-05-06T21:52:24.078Z [Modules] Streaming discord_utils@1 to /home/dabs/.config/discord/0.0.49/modules/pending/discord_utils-1.zip: 22%
2024-05-06T21:52:24.083Z [Modules] Streaming discord_utils@1 to /home/dabs/.config/discord/0.0.49/modules/pending/discord_utils-1.zip: 23%
2024-05-06T21:52:24.087Z [Modules] Streaming discord_utils@1 to /home/dabs/.config/discord/0.0.49/modules/pending/discord_utils-1.zip: 24%
2024-05-06T21:52:24.090Z [Modules] Streaming discord_utils@1 to /home/dabs/.config/discord/0.0.49/modules/pending/discord_utils-1.zip: 25%
2024-05-06T21:52:24.094Z [Modules] Streaming discord_utils@1 to /home/dabs/.config/discord/0.0.49/modules/pending/discord_utils-1.zip: 26%
2024-05-06T21:52:24.098Z [Modules] Streaming discord_utils@1 to /home/dabs/.config/discord/0.0.49/modules/pending/discord_utils-1.zip: 27%
2024-05-06T21:52:24.102Z [Modules] Streaming discord_utils@1 to /home/dabs/.config/discord/0.0.49/modules/pending/discord_utils-1.zip: 28%
2024-05-06T21:52:24.108Z [Modules] Streaming discord_utils@1 to /home/dabs/.config/discord/0.0.49/modules/pending/discord_utils-1.zip: 29%
2024-05-06T21:52:24.112Z [Modules] Streaming discord_utils@1 to /home/dabs/.config/discord/0.0.49/modules/pending/discord_utils-1.zip: 30%
2024-05-06T21:52:24.118Z [Modules] Streaming discord_utils@1 to /home/dabs/.config/discord/0.0.49/modules/pending/discord_utils-1.zip: 31%
2024-05-06T21:52:24.121Z [Modules] Streaming discord_utils@1 to /home/dabs/.config/discord/0.0.49/modules/pending/discord_utils-1.zip: 32%
2024-05-06T21:52:24.125Z [Modules] Streaming discord_utils@1 to /home/dabs/.config/discord/0.0.49/modules/pending/discord_utils-1.zip: 33%
2024-05-06T21:52:24.129Z [Modules] Streaming discord_utils@1 to /home/dabs/.config/discord/0.0.49/modules/pending/discord_utils-1.zip: 34%
2024-05-06T21:52:24.134Z [Modules] Streaming discord_utils@1 to /home/dabs/.config/discord/0.0.49/modules/pending/discord_utils-1.zip: 35%
2024-05-06T21:52:24.138Z [Modules] Streaming discord_utils@1 to /home/dabs/.config/discord/0.0.49/modules/pending/discord_utils-1.zip: 36%
2024-05-06T21:52:24.140Z [Modules] Streaming discord_utils@1 to /home/dabs/.config/discord/0.0.49/modules/pending/discord_utils-1.zip: 37%
2024-05-06T21:52:24.145Z [Modules] Streaming discord_utils@1 to /home/dabs/.config/discord/0.0.49/modules/pending/discord_utils-1.zip: 38%
2024-05-06T21:52:24.152Z [Modules] Streaming discord_utils@1 to /home/dabs/.config/discord/0.0.49/modules/pending/discord_utils-1.zip: 39%
2024-05-06T21:52:24.155Z [Modules] Streaming discord_utils@1 to /home/dabs/.config/discord/0.0.49/modules/pending/discord_utils-1.zip: 40%
2024-05-06T21:52:24.161Z [Modules] Streaming discord_utils@1 to /home/dabs/.config/discord/0.0.49/modules/pending/discord_utils-1.zip: 41%
2024-05-06T21:52:24.166Z [Modules] Streaming discord_utils@1 to /home/dabs/.config/discord/0.0.49/modules/pending/discord_utils-1.zip: 42%
2024-05-06T21:52:24.171Z [Modules] Streaming discord_utils@1 to /home/dabs/.config/discord/0.0.49/modules/pending/discord_utils-1.zip: 43%
2024-05-06T21:52:24.177Z [Modules] Streaming discord_utils@1 to /home/dabs/.config/discord/0.0.49/modules/pending/discord_utils-1.zip: 44%
2024-05-06T21:52:24.181Z [Modules] Streaming discord_utils@1 to /home/dabs/.config/discord/0.0.49/modules/pending/discord_utils-1.zip: 45%
2024-05-06T21:52:24.184Z [Modules] Streaming discord_utils@1 to /home/dabs/.config/discord/0.0.49/modules/pending/discord_utils-1.zip: 46%
2024-05-06T21:52:24.190Z [Modules] Streaming discord_utils@1 to /home/dabs/.config/discord/0.0.49/modules/pending/discord_utils-1.zip: 47%
2024-05-06T21:52:24.192Z [Modules] Streaming discord_utils@1 to /home/dabs/.config/discord/0.0.49/modules/pending/discord_utils-1.zip: 48%
2024-05-06T21:52:24.196Z [Modules] Streaming discord_utils@1 to /home/dabs/.config/discord/0.0.49/modules/pending/discord_utils-1.zip: 49%
2024-05-06T21:52:24.201Z [Modules] Streaming discord_utils@1 to /home/dabs/.config/discord/0.0.49/modules/pending/discord_utils-1.zip: 50%
2024-05-06T21:52:24.206Z [Modules] Streaming discord_utils@1 to /home/dabs/.config/discord/0.0.49/modules/pending/discord_utils-1.zip: 51%
2024-05-06T21:52:24.210Z [Modules] Streaming discord_utils@1 to /home/dabs/.config/discord/0.0.49/modules/pending/discord_utils-1.zip: 52%
2024-05-06T21:52:24.217Z [Modules] Streaming discord_utils@1 to /home/dabs/.config/discord/0.0.49/modules/pending/discord_utils-1.zip: 53%
2024-05-06T21:52:24.221Z [Modules] Streaming discord_utils@1 to /home/dabs/.config/discord/0.0.49/modules/pending/discord_utils-1.zip: 54%
2024-05-06T21:52:24.228Z [Modules] Streaming discord_utils@1 to /home/dabs/.config/discord/0.0.49/modules/pending/discord_utils-1.zip: 55%
2024-05-06T21:52:24.232Z [Modules] Streaming discord_utils@1 to /home/dabs/.config/discord/0.0.49/modules/pending/discord_utils-1.zip: 56%
2024-05-06T21:52:24.235Z [Modules] Streaming discord_utils@1 to /home/dabs/.config/discord/0.0.49/modules/pending/discord_utils-1.zip: 57%
2024-05-06T21:52:24.242Z [Modules] Streaming discord_utils@1 to /home/dabs/.config/discord/0.0.49/modules/pending/discord_utils-1.zip: 58%
2024-05-06T21:52:24.389Z [Modules] Streaming discord_utils@1 to /home/dabs/.config/discord/0.0.49/modules/pending/discord_utils-1.zip: 59%
2024-05-06T21:52:24.394Z [Modules] Streaming discord_utils@1 to /home/dabs/.config/discord/0.0.49/modules/pending/discord_utils-1.zip: 60%
2024-05-06T21:52:24.397Z [Modules] Streaming discord_utils@1 to /home/dabs/.config/discord/0.0.49/modules/pending/discord_utils-1.zip: 61%
2024-05-06T21:52:24.400Z [Modules] Streaming discord_utils@1 to /home/dabs/.config/discord/0.0.49/modules/pending/discord_utils-1.zip: 62%
2024-05-06T21:52:24.403Z [Modules] Streaming discord_utils@1 to /home/dabs/.config/discord/0.0.49/modules/pending/discord_utils-1.zip: 63%
2024-05-06T21:52:24.405Z [Modules] Streaming discord_utils@1 to /home/dabs/.config/discord/0.0.49/modules/pending/discord_utils-1.zip: 64%
2024-05-06T21:52:24.410Z [Modules] Streaming discord_utils@1 to /home/dabs/.config/discord/0.0.49/modules/pending/discord_utils-1.zip: 65%
2024-05-06T21:52:24.412Z [Modules] Streaming discord_utils@1 to /home/dabs/.config/discord/0.0.49/modules/pending/discord_utils-1.zip: 66%
2024-05-06T21:52:24.412Z [Modules] Streaming discord_utils@1 to /home/dabs/.config/discord/0.0.49/modules/pending/discord_utils-1.zip: 67%
2024-05-06T21:52:24.412Z [Modules] Streaming discord_utils@1 to /home/dabs/.config/discord/0.0.49/modules/pending/discord_utils-1.zip: 69%
2024-05-06T21:52:24.412Z [Modules] Streaming discord_utils@1 to /home/dabs/.config/discord/0.0.49/modules/pending/discord_utils-1.zip: 74%
2024-05-06T21:52:24.412Z [Modules] Streaming discord_utils@1 to /home/dabs/.config/discord/0.0.49/modules/pending/discord_utils-1.zip: 78%
2024-05-06T21:52:24.412Z [Modules] Streaming discord_utils@1 to /home/dabs/.config/discord/0.0.49/modules/pending/discord_utils-1.zip: 82%
2024-05-06T21:52:24.413Z [Modules] Streaming discord_utils@1 to /home/dabs/.config/discord/0.0.49/modules/pending/discord_utils-1.zip: 86%
2024-05-06T21:52:24.413Z [Modules] Streaming discord_utils@1 to /home/dabs/.config/discord/0.0.49/modules/pending/discord_utils-1.zip: 92%
2024-05-06T21:52:24.416Z [Modules] Streaming discord_utils@1 to /home/dabs/.config/discord/0.0.49/modules/pending/discord_utils-1.zip: 93%
2024-05-06T21:52:24.418Z [Modules] Streaming discord_utils@1 to /home/dabs/.config/discord/0.0.49/modules/pending/discord_utils-1.zip: 94%
2024-05-06T21:52:24.422Z [Modules] Streaming discord_utils@1 to /home/dabs/.config/discord/0.0.49/modules/pending/discord_utils-1.zip: 95%
2024-05-06T21:52:24.427Z [Modules] Streaming discord_utils@1 to /home/dabs/.config/discord/0.0.49/modules/pending/discord_utils-1.zip: 96%
2024-05-06T21:52:24.433Z [Modules] Streaming discord_utils@1 to /home/dabs/.config/discord/0.0.49/modules/pending/discord_utils-1.zip: 97%
2024-05-06T21:52:24.436Z [Modules] Streaming discord_utils@1 to /home/dabs/.config/discord/0.0.49/modules/pending/discord_utils-1.zip: 98%
2024-05-06T21:52:24.443Z [Modules] Streaming discord_utils@1 to /home/dabs/.config/discord/0.0.49/modules/pending/discord_utils-1.zip: 99%
2024-05-06T21:52:24.444Z [Modules] Streaming discord_utils@1 to /home/dabs/.config/discord/0.0.49/modules/pending/discord_utils-1.zip: 100%
2024-05-06T21:52:24.444Z [Modules] Fetching discord_voice@1 from https://discord.com/api/modules/stable/discord_voice/1
2024-05-06T21:52:24.444Z [Modules] Streaming discord_voice@1 to /home/dabs/.config/discord/0.0.49/modules/pending/discord_voice-1.zip
2024-05-06T21:52:25.250Z [Modules] Streaming discord_voice@1 to /home/dabs/.config/discord/0.0.49/modules/pending/discord_voice-1.zip: 1%
2024-05-06T21:52:25.308Z [Modules] Streaming discord_voice@1 to /home/dabs/.config/discord/0.0.49/modules/pending/discord_voice-1.zip: 2%
2024-05-06T21:52:25.346Z [Modules] Streaming discord_voice@1 to /home/dabs/.config/discord/0.0.49/modules/pending/discord_voice-1.zip: 3%
2024-05-06T21:52:25.391Z [Modules] Streaming discord_voice@1 to /home/dabs/.config/discord/0.0.49/modules/pending/discord_voice-1.zip: 4%
2024-05-06T21:52:25.430Z [Modules] Streaming discord_voice@1 to /home/dabs/.config/discord/0.0.49/modules/pending/discord_voice-1.zip: 5%
2024-05-06T21:52:25.465Z [Modules] Streaming discord_voice@1 to /home/dabs/.config/discord/0.0.49/modules/pending/discord_voice-1.zip: 6%
2024-05-06T21:52:25.631Z [Modules] Streaming discord_voice@1 to /home/dabs/.config/discord/0.0.49/modules/pending/discord_voice-1.zip: 7%
2024-05-06T21:52:25.657Z [Modules] Streaming discord_voice@1 to /home/dabs/.config/discord/0.0.49/modules/pending/discord_voice-1.zip: 8%
2024-05-06T21:52:25.800Z [Modules] Streaming discord_voice@1 to /home/dabs/.config/discord/0.0.49/modules/pending/discord_voice-1.zip: 9%
2024-05-06T21:52:25.801Z [Modules] Streaming discord_voice@1 to /home/dabs/.config/discord/0.0.49/modules/pending/discord_voice-1.zip: 10%
2024-05-06T21:52:25.801Z [Modules] Streaming discord_voice@1 to /home/dabs/.config/discord/0.0.49/modules/pending/discord_voice-1.zip: 11%
2024-05-06T21:52:26.032Z [Modules] Streaming discord_voice@1 to /home/dabs/.config/discord/0.0.49/modules/pending/discord_voice-1.zip: 12%
2024-05-06T21:52:26.033Z [Modules] Streaming discord_voice@1 to /home/dabs/.config/discord/0.0.49/modules/pending/discord_voice-1.zip: 13%
2024-05-06T21:52:26.033Z [Modules] Streaming discord_voice@1 to /home/dabs/.config/discord/0.0.49/modules/pending/discord_voice-1.zip: 14%
2024-05-06T21:52:26.033Z [Modules] Streaming discord_voice@1 to /home/dabs/.config/discord/0.0.49/modules/pending/discord_voice-1.zip: 15%
2024-05-06T21:52:26.223Z [Modules] Streaming discord_voice@1 to /home/dabs/.config/discord/0.0.49/modules/pending/discord_voice-1.zip: 16%
2024-05-06T21:52:26.223Z [Modules] Streaming discord_voice@1 to /home/dabs/.config/discord/0.0.49/modules/pending/discord_voice-1.zip: 17%
2024-05-06T21:52:26.224Z [Modules] Streaming discord_voice@1 to /home/dabs/.config/discord/0.0.49/modules/pending/discord_voice-1.zip: 18%
2024-05-06T21:52:26.248Z [Modules] Streaming discord_voice@1 to /home/dabs/.config/discord/0.0.49/modules/pending/discord_voice-1.zip: 19%
2024-05-06T21:52:26.248Z [Modules] Streaming discord_voice@1 to /home/dabs/.config/discord/0.0.49/modules/pending/discord_voice-1.zip: 20%
2024-05-06T21:52:26.249Z [Modules] Streaming discord_voice@1 to /home/dabs/.config/discord/0.0.49/modules/pending/discord_voice-1.zip: 21%
2024-05-06T21:52:26.249Z [Modules] Streaming discord_voice@1 to /home/dabs/.config/discord/0.0.49/modules/pending/discord_voice-1.zip: 22%
2024-05-06T21:52:26.249Z [Modules] Streaming discord_voice@1 to /home/dabs/.config/discord/0.0.49/modules/pending/discord_voice-1.zip: 23%
2024-05-06T21:52:26.289Z [Modules] Streaming discord_voice@1 to /home/dabs/.config/discord/0.0.49/modules/pending/discord_voice-1.zip: 24%
2024-05-06T21:52:26.327Z [Modules] Streaming discord_voice@1 to /home/dabs/.config/discord/0.0.49/modules/pending/discord_voice-1.zip: 25%
2024-05-06T21:52:26.362Z [Modules] Streaming discord_voice@1 to /home/dabs/.config/discord/0.0.49/modules/pending/discord_voice-1.zip: 26%
2024-05-06T21:52:26.399Z [Modules] Streaming discord_voice@1 to /home/dabs/.config/discord/0.0.49/modules/pending/discord_voice-1.zip: 27%
2024-05-06T21:52:26.438Z [Modules] Streaming discord_voice@1 to /home/dabs/.config/discord/0.0.49/modules/pending/discord_voice-1.zip: 28%
2024-05-06T21:52:26.468Z [Modules] Streaming discord_voice@1 to /home/dabs/.config/discord/0.0.49/modules/pending/discord_voice-1.zip: 29%
2024-05-06T21:52:26.509Z [Modules] Streaming discord_voice@1 to /home/dabs/.config/discord/0.0.49/modules/pending/discord_voice-1.zip: 30%
2024-05-06T21:52:26.556Z [Modules] Streaming discord_voice@1 to /home/dabs/.config/discord/0.0.49/modules/pending/discord_voice-1.zip: 31%
2024-05-06T21:52:26.587Z [Modules] Streaming discord_voice@1 to /home/dabs/.config/discord/0.0.49/modules/pending/discord_voice-1.zip: 32%
2024-05-06T21:52:26.734Z [Modules] Streaming discord_voice@1 to /home/dabs/.config/discord/0.0.49/modules/pending/discord_voice-1.zip: 33%
2024-05-06T21:52:26.768Z [Modules] Streaming discord_voice@1 to /home/dabs/.config/discord/0.0.49/modules/pending/discord_voice-1.zip: 34%
2024-05-06T21:52:26.775Z [Modules] Streaming discord_voice@1 to /home/dabs/.config/discord/0.0.49/modules/pending/discord_voice-1.zip: 35%
2024-05-06T21:52:26.775Z [Modules] Streaming discord_voice@1 to /home/dabs/.config/discord/0.0.49/modules/pending/discord_voice-1.zip: 36%
2024-05-06T21:52:26.775Z [Modules] Streaming discord_voice@1 to /home/dabs/.config/discord/0.0.49/modules/pending/discord_voice-1.zip: 37%
2024-05-06T21:52:26.804Z [Modules] Streaming discord_voice@1 to /home/dabs/.config/discord/0.0.49/modules/pending/discord_voice-1.zip: 38%
2024-05-06T21:52:26.836Z [Modules] Streaming discord_voice@1 to /home/dabs/.config/discord/0.0.49/modules/pending/discord_voice-1.zip: 39%
2024-05-06T21:52:26.876Z [Modules] Streaming discord_voice@1 to /home/dabs/.config/discord/0.0.49/modules/pending/discord_voice-1.zip: 40%
2024-05-06T21:52:26.906Z [Modules] Streaming discord_voice@1 to /home/dabs/.config/discord/0.0.49/modules/pending/discord_voice-1.zip: 41%
2024-05-06T21:52:27.058Z [Modules] Streaming discord_voice@1 to /home/dabs/.config/discord/0.0.49/modules/pending/discord_voice-1.zip: 42%
2024-05-06T21:52:27.199Z [Modules] Streaming discord_voice@1 to /home/dabs/.config/discord/0.0.49/modules/pending/discord_voice-1.zip: 43%
2024-05-06T21:52:27.200Z [Modules] Streaming discord_voice@1 to /home/dabs/.config/discord/0.0.49/modules/pending/discord_voice-1.zip: 44%
2024-05-06T21:52:27.200Z [Modules] Streaming discord_voice@1 to /home/dabs/.config/discord/0.0.49/modules/pending/discord_voice-1.zip: 45%
2024-05-06T21:52:27.200Z [Modules] Streaming discord_voice@1 to /home/dabs/.config/discord/0.0.49/modules/pending/discord_voice-1.zip: 46%
2024-05-06T21:52:27.227Z [Modules] Streaming discord_voice@1 to /home/dabs/.config/discord/0.0.49/modules/pending/discord_voice-1.zip: 47%
2024-05-06T21:52:27.227Z [Modules] Streaming discord_voice@1 to /home/dabs/.config/discord/0.0.49/modules/pending/discord_voice-1.zip: 48%
2024-05-06T21:52:27.228Z [Modules] Streaming discord_voice@1 to /home/dabs/.config/discord/0.0.49/modules/pending/discord_voice-1.zip: 49%
2024-05-06T21:52:27.236Z [Modules] Streaming discord_voice@1 to /home/dabs/.config/discord/0.0.49/modules/pending/discord_voice-1.zip: 50%
2024-05-06T21:52:27.269Z [Modules] Streaming discord_voice@1 to /home/dabs/.config/discord/0.0.49/modules/pending/discord_voice-1.zip: 51%
2024-05-06T21:52:27.415Z [Modules] Streaming discord_voice@1 to /home/dabs/.config/discord/0.0.49/modules/pending/discord_voice-1.zip: 52%
2024-05-06T21:52:27.449Z [Modules] Streaming discord_voice@1 to /home/dabs/.config/discord/0.0.49/modules/pending/discord_voice-1.zip: 53%
2024-05-06T21:52:27.450Z [Modules] Streaming discord_voice@1 to /home/dabs/.config/discord/0.0.49/modules/pending/discord_voice-1.zip: 54%
2024-05-06T21:52:27.450Z [Modules] Streaming discord_voice@1 to /home/dabs/.config/discord/0.0.49/modules/pending/discord_voice-1.zip: 55%
2024-05-06T21:52:27.544Z [Modules] Streaming discord_voice@1 to /home/dabs/.config/discord/0.0.49/modules/pending/discord_voice-1.zip: 56%
2024-05-06T21:52:27.544Z [Modules] Streaming discord_voice@1 to /home/dabs/.config/discord/0.0.49/modules/pending/discord_voice-1.zip: 57%
2024-05-06T21:52:27.545Z [Modules] Streaming discord_voice@1 to /home/dabs/.config/discord/0.0.49/modules/pending/discord_voice-1.zip: 58%
2024-05-06T21:52:27.643Z [Modules] Streaming discord_voice@1 to /home/dabs/.config/discord/0.0.49/modules/pending/discord_voice-1.zip: 59%
2024-05-06T21:52:27.643Z [Modules] Streaming discord_voice@1 to /home/dabs/.config/discord/0.0.49/modules/pending/discord_voice-1.zip: 60%
2024-05-06T21:52:27.734Z [Modules] Streaming discord_voice@1 to /home/dabs/.config/discord/0.0.49/modules/pending/discord_voice-1.zip: 61%
2024-05-06T21:52:27.748Z [Modules] Streaming discord_voice@1 to /home/dabs/.config/discord/0.0.49/modules/pending/discord_voice-1.zip: 62%
2024-05-06T21:52:27.749Z [Modules] Streaming discord_voice@1 to /home/dabs/.config/discord/0.0.49/modules/pending/discord_voice-1.zip: 63%
2024-05-06T21:52:27.749Z [Modules] Streaming discord_voice@1 to /home/dabs/.config/discord/0.0.49/modules/pending/discord_voice-1.zip: 64%
2024-05-06T21:52:27.862Z [Modules] Streaming discord_voice@1 to /home/dabs/.config/discord/0.0.49/modules/pending/discord_voice-1.zip: 65%
2024-05-06T21:52:27.863Z [Modules] Streaming discord_voice@1 to /home/dabs/.config/discord/0.0.49/modules/pending/discord_voice-1.zip: 66%
2024-05-06T21:52:27.863Z [Modules] Streaming discord_voice@1 to /home/dabs/.config/discord/0.0.49/modules/pending/discord_voice-1.zip: 67%
2024-05-06T21:52:27.959Z [Modules] Streaming discord_voice@1 to /home/dabs/.config/discord/0.0.49/modules/pending/discord_voice-1.zip: 68%
2024-05-06T21:52:27.959Z [Modules] Streaming discord_voice@1 to /home/dabs/.config/discord/0.0.49/modules/pending/discord_voice-1.zip: 69%
2024-05-06T21:52:27.960Z [Modules] Streaming discord_voice@1 to /home/dabs/.config/discord/0.0.49/modules/pending/discord_voice-1.zip: 70%
2024-05-06T21:52:27.967Z [Modules] Streaming discord_voice@1 to /home/dabs/.config/discord/0.0.49/modules/pending/discord_voice-1.zip: 71%
2024-05-06T21:52:27.997Z [Modules] Streaming discord_voice@1 to /home/dabs/.config/discord/0.0.49/modules/pending/discord_voice-1.zip: 72%
2024-05-06T21:52:28.031Z [Modules] Streaming discord_voice@1 to /home/dabs/.config/discord/0.0.49/modules/pending/discord_voice-1.zip: 73%
2024-05-06T21:52:28.066Z [Modules] Streaming discord_voice@1 to /home/dabs/.config/discord/0.0.49/modules/pending/discord_voice-1.zip: 74%
2024-05-06T21:52:28.099Z [Modules] Streaming discord_voice@1 to /home/dabs/.config/discord/0.0.49/modules/pending/discord_voice-1.zip: 75%
2024-05-06T21:52:28.126Z [Modules] Streaming discord_voice@1 to /home/dabs/.config/discord/0.0.49/modules/pending/discord_voice-1.zip: 76%
2024-05-06T21:52:28.161Z [Modules] Streaming discord_voice@1 to /home/dabs/.config/discord/0.0.49/modules/pending/discord_voice-1.zip: 77%
2024-05-06T21:52:28.192Z [Modules] Streaming discord_voice@1 to /home/dabs/.config/discord/0.0.49/modules/pending/discord_voice-1.zip: 78%
2024-05-06T21:52:28.221Z [Modules] Streaming discord_voice@1 to /home/dabs/.config/discord/0.0.49/modules/pending/discord_voice-1.zip: 79%
2024-05-06T21:52:28.254Z [Modules] Streaming discord_voice@1 to /home/dabs/.config/discord/0.0.49/modules/pending/discord_voice-1.zip: 80%
2024-05-06T21:52:28.290Z [Modules] Streaming discord_voice@1 to /home/dabs/.config/discord/0.0.49/modules/pending/discord_voice-1.zip: 81%
2024-05-06T21:52:28.321Z [Modules] Streaming discord_voice@1 to /home/dabs/.config/discord/0.0.49/modules/pending/discord_voice-1.zip: 82%
2024-05-06T21:52:28.351Z [Modules] Streaming discord_voice@1 to /home/dabs/.config/discord/0.0.49/modules/pending/discord_voice-1.zip: 83%
2024-05-06T21:52:28.385Z [Modules] Streaming discord_voice@1 to /home/dabs/.config/discord/0.0.49/modules/pending/discord_voice-1.zip: 84%
2024-05-06T21:52:28.419Z [Modules] Streaming discord_voice@1 to /home/dabs/.config/discord/0.0.49/modules/pending/discord_voice-1.zip: 85%
2024-05-06T21:52:28.454Z [Modules] Streaming discord_voice@1 to /home/dabs/.config/discord/0.0.49/modules/pending/discord_voice-1.zip: 86%
2024-05-06T21:52:28.485Z [Modules] Streaming discord_voice@1 to /home/dabs/.config/discord/0.0.49/modules/pending/discord_voice-1.zip: 87%
2024-05-06T21:52:28.620Z [Modules] Streaming discord_voice@1 to /home/dabs/.config/discord/0.0.49/modules/pending/discord_voice-1.zip: 88%
2024-05-06T21:52:28.621Z [Modules] Streaming discord_voice@1 to /home/dabs/.config/discord/0.0.49/modules/pending/discord_voice-1.zip: 89%
2024-05-06T21:52:28.621Z [Modules] Streaming discord_voice@1 to /home/dabs/.config/discord/0.0.49/modules/pending/discord_voice-1.zip: 90%
2024-05-06T21:52:28.621Z [Modules] Streaming discord_voice@1 to /home/dabs/.config/discord/0.0.49/modules/pending/discord_voice-1.zip: 91%
2024-05-06T21:52:28.646Z [Modules] Streaming discord_voice@1 to /home/dabs/.config/discord/0.0.49/modules/pending/discord_voice-1.zip: 92%
2024-05-06T21:52:28.784Z [Modules] Streaming discord_voice@1 to /home/dabs/.config/discord/0.0.49/modules/pending/discord_voice-1.zip: 93%
2024-05-06T21:52:28.785Z [Modules] Streaming discord_voice@1 to /home/dabs/.config/discord/0.0.49/modules/pending/discord_voice-1.zip: 94%
2024-05-06T21:52:28.785Z [Modules] Streaming discord_voice@1 to /home/dabs/.config/discord/0.0.49/modules/pending/discord_voice-1.zip: 95%
2024-05-06T21:52:28.785Z [Modules] Streaming discord_voice@1 to /home/dabs/.config/discord/0.0.49/modules/pending/discord_voice-1.zip: 96%
2024-05-06T21:52:28.815Z [Modules] Streaming discord_voice@1 to /home/dabs/.config/discord/0.0.49/modules/pending/discord_voice-1.zip: 97%
2024-05-06T21:52:28.848Z [Modules] Streaming discord_voice@1 to /home/dabs/.config/discord/0.0.49/modules/pending/discord_voice-1.zip: 98%
2024-05-06T21:52:28.881Z [Modules] Streaming discord_voice@1 to /home/dabs/.config/discord/0.0.49/modules/pending/discord_voice-1.zip: 99%
2024-05-06T21:52:28.906Z [Modules] Streaming discord_voice@1 to /home/dabs/.config/discord/0.0.49/modules/pending/discord_voice-1.zip: 100%
2024-05-06T21:52:28.907Z [Modules] Finished module downloads. [success: 5] [failure: 0]
2024-05-06T21:52:28.907Z [Modules] Installing updates...
2024-05-06T21:52:28.907Z [Modules] Installing discord_desktop_core@1 from /home/dabs/.config/discord/0.0.49/modules/pending/discord_desktop_core-1.zip
2024-05-06T21:52:28.951Z [Modules] Installing discord_erlpack@1 from /home/dabs/.config/discord/0.0.49/modules/pending/discord_erlpack-1.zip
2024-05-06T21:52:28.978Z [Modules] Installing discord_spellcheck@1 from /home/dabs/.config/discord/0.0.49/modules/pending/discord_spellcheck-1.zip
2024-05-06T21:52:29.294Z [Modules] Installing discord_utils@1 from /home/dabs/.config/discord/0.0.49/modules/pending/discord_utils-1.zip
2024-05-06T21:52:29.357Z [Modules] Installing discord_voice@1 from /home/dabs/.config/discord/0.0.49/modules/pending/discord_voice-1.zip
2024-05-06T21:52:29.688Z [Modules] Finished module installations. [success: 5] [failure: 0]
2024-05-06T21:52:29.688Z [Modules] Host is up to date.
2024-05-06T21:52:29.688Z [Modules] Checking for module updates at https://discord.com/api/modules/stable/versions.json
2024-05-06T21:52:29.691Z [Modules] No module updates available.
2024-05-06T21:52:31.464Z [Modules] Starting to install discord_krisp...
2024-05-06T21:52:31.464Z [Modules] Fetching discord_krisp@1 from https://discord.com/api/modules/stable/discord_krisp/1
2024-05-06T21:52:31.465Z [Modules] Streaming discord_krisp@1 to /home/dabs/.config/discord/0.0.49/modules/pending/discord_krisp-1.zip
2024-05-06T21:52:31.468Z [Modules] Starting to install discord_game_utils...
2024-05-06T21:52:31.489Z [Modules] Starting to install discord_zstd...
2024-05-06T21:52:32.191Z [Modules] Streaming discord_krisp@1 to /home/dabs/.config/discord/0.0.49/modules/pending/discord_krisp-1.zip: 1%
2024-05-06T21:52:32.194Z [Modules] Streaming discord_krisp@1 to /home/dabs/.config/discord/0.0.49/modules/pending/discord_krisp-1.zip: 2%
2024-05-06T21:52:32.207Z [Modules] Host is up to date.
2024-05-06T21:52:32.207Z [Modules] Checking for module updates at https://discord.com/api/modules/stable/versions.json
2024-05-06T21:52:32.208Z [Modules] No module updates available.
2024-05-06T21:52:32.242Z [Modules] Streaming discord_krisp@1 to /home/dabs/.config/discord/0.0.49/modules/pending/discord_krisp-1.zip: 3%
2024-05-06T21:52:32.255Z [Modules] Starting to install discord_rpc...
2024-05-06T21:52:32.402Z [Modules] Streaming discord_krisp@1 to /home/dabs/.config/discord/0.0.49/modules/pending/discord_krisp-1.zip: 4%
2024-05-06T21:52:32.402Z [Modules] Streaming discord_krisp@1 to /home/dabs/.config/discord/0.0.49/modules/pending/discord_krisp-1.zip: 5%
2024-05-06T21:52:32.502Z [Modules] Streaming discord_krisp@1 to /home/dabs/.config/discord/0.0.49/modules/pending/discord_krisp-1.zip: 6%
2024-05-06T21:52:32.604Z [Modules] Streaming discord_krisp@1 to /home/dabs/.config/discord/0.0.49/modules/pending/discord_krisp-1.zip: 7%
2024-05-06T21:52:32.605Z [Modules] Streaming discord_krisp@1 to /home/dabs/.config/discord/0.0.49/modules/pending/discord_krisp-1.zip: 8%
2024-05-06T21:52:32.605Z [Modules] Streaming discord_krisp@1 to /home/dabs/.config/discord/0.0.49/modules/pending/discord_krisp-1.zip: 9%
2024-05-06T21:52:32.606Z [Modules] Streaming discord_krisp@1 to /home/dabs/.config/discord/0.0.49/modules/pending/discord_krisp-1.zip: 10%
2024-05-06T21:52:32.609Z [Modules] Streaming discord_krisp@1 to /home/dabs/.config/discord/0.0.49/modules/pending/discord_krisp-1.zip: 11%
2024-05-06T21:52:32.609Z [Modules] Streaming discord_krisp@1 to /home/dabs/.config/discord/0.0.49/modules/pending/discord_krisp-1.zip: 12%
2024-05-06T21:52:32.643Z [Modules] Streaming discord_krisp@1 to /home/dabs/.config/discord/0.0.49/modules/pending/discord_krisp-1.zip: 13%
2024-05-06T21:52:32.644Z [Modules] Streaming discord_krisp@1 to /home/dabs/.config/discord/0.0.49/modules/pending/discord_krisp-1.zip: 14%
2024-05-06T21:52:32.644Z [Modules] Streaming discord_krisp@1 to /home/dabs/.config/discord/0.0.49/modules/pending/discord_krisp-1.zip: 15%
2024-05-06T21:52:32.695Z [Modules] Streaming discord_krisp@1 to /home/dabs/.config/discord/0.0.49/modules/pending/discord_krisp-1.zip: 16%
2024-05-06T21:52:32.722Z [Modules] Streaming discord_krisp@1 to /home/dabs/.config/discord/0.0.49/modules/pending/discord_krisp-1.zip: 17%
2024-05-06T21:52:32.755Z [Modules] Streaming discord_krisp@1 to /home/dabs/.config/discord/0.0.49/modules/pending/discord_krisp-1.zip: 18%
2024-05-06T21:52:32.789Z [Modules] Streaming discord_krisp@1 to /home/dabs/.config/discord/0.0.49/modules/pending/discord_krisp-1.zip: 19%
2024-05-06T21:52:33.114Z [Modules] Streaming discord_krisp@1 to /home/dabs/.config/discord/0.0.49/modules/pending/discord_krisp-1.zip: 20%
2024-05-06T21:52:33.115Z [Modules] Streaming discord_krisp@1 to /home/dabs/.config/discord/0.0.49/modules/pending/discord_krisp-1.zip: 21%
2024-05-06T21:52:33.161Z [Modules] Streaming discord_krisp@1 to /home/dabs/.config/discord/0.0.49/modules/pending/discord_krisp-1.zip: 22%
2024-05-06T21:52:33.162Z [Modules] Streaming discord_krisp@1 to /home/dabs/.config/discord/0.0.49/modules/pending/discord_krisp-1.zip: 23%
2024-05-06T21:52:33.162Z [Modules] Streaming discord_krisp@1 to /home/dabs/.config/discord/0.0.49/modules/pending/discord_krisp-1.zip: 24%
2024-05-06T21:52:33.166Z [Modules] Streaming discord_krisp@1 to /home/dabs/.config/discord/0.0.49/modules/pending/discord_krisp-1.zip: 25%
2024-05-06T21:52:33.174Z [Modules] Streaming discord_krisp@1 to /home/dabs/.config/discord/0.0.49/modules/pending/discord_krisp-1.zip: 26%
2024-05-06T21:52:33.174Z [Modules] Streaming discord_krisp@1 to /home/dabs/.config/discord/0.0.49/modules/pending/discord_krisp-1.zip: 27%
2024-05-06T21:52:33.175Z [Modules] Streaming discord_krisp@1 to /home/dabs/.config/discord/0.0.49/modules/pending/discord_krisp-1.zip: 28%
2024-05-06T21:52:33.175Z [Modules] Streaming discord_krisp@1 to /home/dabs/.config/discord/0.0.49/modules/pending/discord_krisp-1.zip: 29%
2024-05-06T21:52:33.199Z [Modules] Streaming discord_krisp@1 to /home/dabs/.config/discord/0.0.49/modules/pending/discord_krisp-1.zip: 30%
2024-05-06T21:52:33.349Z [Modules] Streaming discord_krisp@1 to /home/dabs/.config/discord/0.0.49/modules/pending/discord_krisp-1.zip: 31%
2024-05-06T21:52:33.499Z [Modules] Streaming discord_krisp@1 to /home/dabs/.config/discord/0.0.49/modules/pending/discord_krisp-1.zip: 32%
2024-05-06T21:52:33.499Z [Modules] Streaming discord_krisp@1 to /home/dabs/.config/discord/0.0.49/modules/pending/discord_krisp-1.zip: 33%
2024-05-06T21:52:33.500Z [Modules] Streaming discord_krisp@1 to /home/dabs/.config/discord/0.0.49/modules/pending/discord_krisp-1.zip: 34%
2024-05-06T21:52:33.500Z [Modules] Streaming discord_krisp@1 to /home/dabs/.config/discord/0.0.49/modules/pending/discord_krisp-1.zip: 35%
2024-05-06T21:52:33.500Z [Modules] Streaming discord_krisp@1 to /home/dabs/.config/discord/0.0.49/modules/pending/discord_krisp-1.zip: 36%
2024-05-06T21:52:33.530Z [Modules] Streaming discord_krisp@1 to /home/dabs/.config/discord/0.0.49/modules/pending/discord_krisp-1.zip: 37%
2024-05-06T21:52:33.554Z [Modules] Streaming discord_krisp@1 to /home/dabs/.config/discord/0.0.49/modules/pending/discord_krisp-1.zip: 38%
2024-05-06T21:52:33.555Z [Modules] Streaming discord_krisp@1 to /home/dabs/.config/discord/0.0.49/modules/pending/discord_krisp-1.zip: 39%
2024-05-06T21:52:33.555Z [Modules] Streaming discord_krisp@1 to /home/dabs/.config/discord/0.0.49/modules/pending/discord_krisp-1.zip: 40%
2024-05-06T21:52:33.555Z [Modules] Streaming discord_krisp@1 to /home/dabs/.config/discord/0.0.49/modules/pending/discord_krisp-1.zip: 41%
2024-05-06T21:52:33.561Z [Modules] Streaming discord_krisp@1 to /home/dabs/.config/discord/0.0.49/modules/pending/discord_krisp-1.zip: 42%
2024-05-06T21:52:33.596Z [Modules] Streaming discord_krisp@1 to /home/dabs/.config/discord/0.0.49/modules/pending/discord_krisp-1.zip: 43%
2024-05-06T21:52:33.627Z [Modules] Streaming discord_krisp@1 to /home/dabs/.config/discord/0.0.49/modules/pending/discord_krisp-1.zip: 44%
2024-05-06T21:52:33.656Z [Modules] Streaming discord_krisp@1 to /home/dabs/.config/discord/0.0.49/modules/pending/discord_krisp-1.zip: 45%
2024-05-06T21:52:33.684Z [Modules] Streaming discord_krisp@1 to /home/dabs/.config/discord/0.0.49/modules/pending/discord_krisp-1.zip: 46%
2024-05-06T21:52:33.711Z [Modules] Streaming discord_krisp@1 to /home/dabs/.config/discord/0.0.49/modules/pending/discord_krisp-1.zip: 47%
2024-05-06T21:52:33.736Z [Modules] Streaming discord_krisp@1 to /home/dabs/.config/discord/0.0.49/modules/pending/discord_krisp-1.zip: 48%
2024-05-06T21:52:33.767Z [Modules] Streaming discord_krisp@1 to /home/dabs/.config/discord/0.0.49/modules/pending/discord_krisp-1.zip: 49%
2024-05-06T21:52:33.813Z [Modules] Streaming discord_krisp@1 to /home/dabs/.config/discord/0.0.49/modules/pending/discord_krisp-1.zip: 50%
2024-05-06T21:52:34.384Z [Modules] Streaming discord_krisp@1 to /home/dabs/.config/discord/0.0.49/modules/pending/discord_krisp-1.zip: 51%
2024-05-06T21:52:34.385Z [Modules] Streaming discord_krisp@1 to /home/dabs/.config/discord/0.0.49/modules/pending/discord_krisp-1.zip: 52%
2024-05-06T21:52:34.385Z [Modules] Streaming discord_krisp@1 to /home/dabs/.config/discord/0.0.49/modules/pending/discord_krisp-1.zip: 53%
2024-05-06T21:52:34.385Z [Modules] Streaming discord_krisp@1 to /home/dabs/.config/discord/0.0.49/modules/pending/discord_krisp-1.zip: 54%
2024-05-06T21:52:34.418Z [Modules] Streaming discord_krisp@1 to /home/dabs/.config/discord/0.0.49/modules/pending/discord_krisp-1.zip: 55%
2024-05-06T21:52:34.609Z [Modules] Streaming discord_krisp@1 to /home/dabs/.config/discord/0.0.49/modules/pending/discord_krisp-1.zip: 56%
2024-05-06T21:52:34.609Z [Modules] Streaming discord_krisp@1 to /home/dabs/.config/discord/0.0.49/modules/pending/discord_krisp-1.zip: 57%
2024-05-06T21:52:34.610Z [Modules] Streaming discord_krisp@1 to /home/dabs/.config/discord/0.0.49/modules/pending/discord_krisp-1.zip: 58%
2024-05-06T21:52:34.641Z [Modules] Streaming discord_krisp@1 to /home/dabs/.config/discord/0.0.49/modules/pending/discord_krisp-1.zip: 59%
2024-05-06T21:52:34.668Z [Modules] Streaming discord_krisp@1 to /home/dabs/.config/discord/0.0.49/modules/pending/discord_krisp-1.zip: 60%
2024-05-06T21:52:34.703Z [Modules] Streaming discord_krisp@1 to /home/dabs/.config/discord/0.0.49/modules/pending/discord_krisp-1.zip: 61%
2024-05-06T21:52:34.733Z [Modules] Streaming discord_krisp@1 to /home/dabs/.config/discord/0.0.49/modules/pending/discord_krisp-1.zip: 62%
2024-05-06T21:52:34.773Z [Modules] Streaming discord_krisp@1 to /home/dabs/.config/discord/0.0.49/modules/pending/discord_krisp-1.zip: 63%
2024-05-06T21:52:34.806Z [Modules] Streaming discord_krisp@1 to /home/dabs/.config/discord/0.0.49/modules/pending/discord_krisp-1.zip: 64%
2024-05-06T21:52:34.836Z [Modules] Streaming discord_krisp@1 to /home/dabs/.config/discord/0.0.49/modules/pending/discord_krisp-1.zip: 65%
2024-05-06T21:52:34.874Z [Modules] Streaming discord_krisp@1 to /home/dabs/.config/discord/0.0.49/modules/pending/discord_krisp-1.zip: 66%
2024-05-06T21:52:35.050Z [Modules] Streaming discord_krisp@1 to /home/dabs/.config/discord/0.0.49/modules/pending/discord_krisp-1.zip: 67%
2024-05-06T21:52:35.051Z [Modules] Streaming discord_krisp@1 to /home/dabs/.config/discord/0.0.49/modules/pending/discord_krisp-1.zip: 68%
2024-05-06T21:52:35.051Z [Modules] Streaming discord_krisp@1 to /home/dabs/.config/discord/0.0.49/modules/pending/discord_krisp-1.zip: 69%
2024-05-06T21:52:35.052Z [Modules] Streaming discord_krisp@1 to /home/dabs/.config/discord/0.0.49/modules/pending/discord_krisp-1.zip: 70%
2024-05-06T21:52:35.052Z [Modules] Streaming discord_krisp@1 to /home/dabs/.config/discord/0.0.49/modules/pending/discord_krisp-1.zip: 71%
2024-05-06T21:52:35.088Z [Modules] Streaming discord_krisp@1 to /home/dabs/.config/discord/0.0.49/modules/pending/discord_krisp-1.zip: 72%
2024-05-06T21:52:35.120Z [Modules] Streaming discord_krisp@1 to /home/dabs/.config/discord/0.0.49/modules/pending/discord_krisp-1.zip: 73%
2024-05-06T21:52:35.402Z [Modules] Streaming discord_krisp@1 to /home/dabs/.config/discord/0.0.49/modules/pending/discord_krisp-1.zip: 74%
2024-05-06T21:52:35.403Z [Modules] Streaming discord_krisp@1 to /home/dabs/.config/discord/0.0.49/modules/pending/discord_krisp-1.zip: 75%
2024-05-06T21:52:35.403Z [Modules] Streaming discord_krisp@1 to /home/dabs/.config/discord/0.0.49/modules/pending/discord_krisp-1.zip: 76%
2024-05-06T21:52:35.404Z [Modules] Streaming discord_krisp@1 to /home/dabs/.config/discord/0.0.49/modules/pending/discord_krisp-1.zip: 77%
2024-05-06T21:52:35.404Z [Modules] Streaming discord_krisp@1 to /home/dabs/.config/discord/0.0.49/modules/pending/discord_krisp-1.zip: 78%
2024-05-06T21:52:35.426Z [Modules] Streaming discord_krisp@1 to /home/dabs/.config/discord/0.0.49/modules/pending/discord_krisp-1.zip: 79%
2024-05-06T21:52:35.427Z [Modules] Streaming discord_krisp@1 to /home/dabs/.config/discord/0.0.49/modules/pending/discord_krisp-1.zip: 80%
2024-05-06T21:52:35.427Z [Modules] Streaming discord_krisp@1 to /home/dabs/.config/discord/0.0.49/modules/pending/discord_krisp-1.zip: 81%
2024-05-06T21:52:35.458Z [Modules] Streaming discord_krisp@1 to /home/dabs/.config/discord/0.0.49/modules/pending/discord_krisp-1.zip: 82%
2024-05-06T21:52:35.608Z [Modules] Streaming discord_krisp@1 to /home/dabs/.config/discord/0.0.49/modules/pending/discord_krisp-1.zip: 83%
2024-05-06T21:52:35.754Z [Modules] Streaming discord_krisp@1 to /home/dabs/.config/discord/0.0.49/modules/pending/discord_krisp-1.zip: 84%
2024-05-06T21:52:35.754Z [Modules] Streaming discord_krisp@1 to /home/dabs/.config/discord/0.0.49/modules/pending/discord_krisp-1.zip: 85%
2024-05-06T21:52:35.755Z [Modules] Streaming discord_krisp@1 to /home/dabs/.config/discord/0.0.49/modules/pending/discord_krisp-1.zip: 86%
2024-05-06T21:52:35.768Z [Modules] Streaming discord_krisp@1 to /home/dabs/.config/discord/0.0.49/modules/pending/discord_krisp-1.zip: 87%
2024-05-06T21:52:35.816Z [Modules] Streaming discord_krisp@1 to /home/dabs/.config/discord/0.0.49/modules/pending/discord_krisp-1.zip: 88%
2024-05-06T21:52:35.817Z [Modules] Streaming discord_krisp@1 to /home/dabs/.config/discord/0.0.49/modules/pending/discord_krisp-1.zip: 89%
2024-05-06T21:52:35.884Z [Modules] Streaming discord_krisp@1 to /home/dabs/.config/discord/0.0.49/modules/pending/discord_krisp-1.zip: 90%
2024-05-06T21:52:35.884Z [Modules] Streaming discord_krisp@1 to /home/dabs/.config/discord/0.0.49/modules/pending/discord_krisp-1.zip: 91%
2024-05-06T21:52:35.884Z [Modules] Streaming discord_krisp@1 to /home/dabs/.config/discord/0.0.49/modules/pending/discord_krisp-1.zip: 92%
2024-05-06T21:52:36.053Z [Modules] Streaming discord_krisp@1 to /home/dabs/.config/discord/0.0.49/modules/pending/discord_krisp-1.zip: 93%
2024-05-06T21:52:36.054Z [Modules] Streaming discord_krisp@1 to /home/dabs/.config/discord/0.0.49/modules/pending/discord_krisp-1.zip: 94%
2024-05-06T21:52:36.054Z [Modules] Streaming discord_krisp@1 to /home/dabs/.config/discord/0.0.49/modules/pending/discord_krisp-1.zip: 95%
2024-05-06T21:52:36.054Z [Modules] Streaming discord_krisp@1 to /home/dabs/.config/discord/0.0.49/modules/pending/discord_krisp-1.zip: 96%
2024-05-06T21:52:36.054Z [Modules] Streaming discord_krisp@1 to /home/dabs/.config/discord/0.0.49/modules/pending/discord_krisp-1.zip: 97%
2024-05-06T21:52:36.080Z [Modules] Streaming discord_krisp@1 to /home/dabs/.config/discord/0.0.49/modules/pending/discord_krisp-1.zip: 98%
2024-05-06T21:52:36.113Z [Modules] Streaming discord_krisp@1 to /home/dabs/.config/discord/0.0.49/modules/pending/discord_krisp-1.zip: 99%
2024-05-06T21:52:36.179Z [Modules] Streaming discord_krisp@1 to /home/dabs/.config/discord/0.0.49/modules/pending/discord_krisp-1.zip: 100%
2024-05-06T21:52:36.180Z [Modules] Fetching discord_game_utils@1 from https://discord.com/api/modules/stable/discord_game_utils/1
2024-05-06T21:52:36.180Z [Modules] Streaming discord_game_utils@1 to /home/dabs/.config/discord/0.0.49/modules/pending/discord_game_utils-1.zip
2024-05-06T21:52:36.180Z [Modules] Installing discord_krisp@1 from /home/dabs/.config/discord/0.0.49/modules/pending/discord_krisp-1.zip
2024-05-06T21:52:36.410Z [Modules] Finished module installations. [success: 1] [failure: 0]
2024-05-06T21:52:36.607Z [Modules] Streaming discord_game_utils@1 to /home/dabs/.config/discord/0.0.49/modules/pending/discord_game_utils-1.zip: 1%
2024-05-06T21:52:36.612Z [Modules] Streaming discord_game_utils@1 to /home/dabs/.config/discord/0.0.49/modules/pending/discord_game_utils-1.zip: 2%
2024-05-06T21:52:36.614Z [Modules] Streaming discord_game_utils@1 to /home/dabs/.config/discord/0.0.49/modules/pending/discord_game_utils-1.zip: 3%
2024-05-06T21:52:36.621Z [Modules] Streaming discord_game_utils@1 to /home/dabs/.config/discord/0.0.49/modules/pending/discord_game_utils-1.zip: 5%
2024-05-06T21:52:36.626Z [Modules] Streaming discord_game_utils@1 to /home/dabs/.config/discord/0.0.49/modules/pending/discord_game_utils-1.zip: 6%
2024-05-06T21:52:36.631Z [Modules] Streaming discord_game_utils@1 to /home/dabs/.config/discord/0.0.49/modules/pending/discord_game_utils-1.zip: 7%
2024-05-06T21:52:36.634Z [Modules] Streaming discord_game_utils@1 to /home/dabs/.config/discord/0.0.49/modules/pending/discord_game_utils-1.zip: 8%
2024-05-06T21:52:36.635Z [Modules] Streaming discord_game_utils@1 to /home/dabs/.config/discord/0.0.49/modules/pending/discord_game_utils-1.zip: 9%
2024-05-06T21:52:36.642Z [Modules] Streaming discord_game_utils@1 to /home/dabs/.config/discord/0.0.49/modules/pending/discord_game_utils-1.zip: 10%
2024-05-06T21:52:36.651Z [Modules] Streaming discord_game_utils@1 to /home/dabs/.config/discord/0.0.49/modules/pending/discord_game_utils-1.zip: 12%
2024-05-06T21:52:36.659Z [Modules] Streaming discord_game_utils@1 to /home/dabs/.config/discord/0.0.49/modules/pending/discord_game_utils-1.zip: 13%
2024-05-06T21:52:36.662Z [Modules] Streaming discord_game_utils@1 to /home/dabs/.config/discord/0.0.49/modules/pending/discord_game_utils-1.zip: 14%
2024-05-06T21:52:36.665Z [Modules] Streaming discord_game_utils@1 to /home/dabs/.config/discord/0.0.49/modules/pending/discord_game_utils-1.zip: 15%
2024-05-06T21:52:36.668Z [Modules] Streaming discord_game_utils@1 to /home/dabs/.config/discord/0.0.49/modules/pending/discord_game_utils-1.zip: 16%
2024-05-06T21:52:36.672Z [Modules] Streaming discord_game_utils@1 to /home/dabs/.config/discord/0.0.49/modules/pending/discord_game_utils-1.zip: 17%
2024-05-06T21:52:36.676Z [Modules] Streaming discord_game_utils@1 to /home/dabs/.config/discord/0.0.49/modules/pending/discord_game_utils-1.zip: 18%
2024-05-06T21:52:36.679Z [Modules] Streaming discord_game_utils@1 to /home/dabs/.config/discord/0.0.49/modules/pending/discord_game_utils-1.zip: 19%
2024-05-06T21:52:36.682Z [Modules] Streaming discord_game_utils@1 to /home/dabs/.config/discord/0.0.49/modules/pending/discord_game_utils-1.zip: 20%
2024-05-06T21:52:36.688Z [Modules] Streaming discord_game_utils@1 to /home/dabs/.config/discord/0.0.49/modules/pending/discord_game_utils-1.zip: 21%
2024-05-06T21:52:36.691Z [Modules] Streaming discord_game_utils@1 to /home/dabs/.config/discord/0.0.49/modules/pending/discord_game_utils-1.zip: 22%
2024-05-06T21:52:36.696Z [Modules] Streaming discord_game_utils@1 to /home/dabs/.config/discord/0.0.49/modules/pending/discord_game_utils-1.zip: 23%
2024-05-06T21:52:36.698Z [Modules] Streaming discord_game_utils@1 to /home/dabs/.config/discord/0.0.49/modules/pending/discord_game_utils-1.zip: 24%
2024-05-06T21:52:36.702Z [Modules] Streaming discord_game_utils@1 to /home/dabs/.config/discord/0.0.49/modules/pending/discord_game_utils-1.zip: 25%
2024-05-06T21:52:36.707Z [Modules] Streaming discord_game_utils@1 to /home/dabs/.config/discord/0.0.49/modules/pending/discord_game_utils-1.zip: 26%
2024-05-06T21:52:36.709Z [Modules] Streaming discord_game_utils@1 to /home/dabs/.config/discord/0.0.49/modules/pending/discord_game_utils-1.zip: 27%
2024-05-06T21:52:36.713Z [Modules] Streaming discord_game_utils@1 to /home/dabs/.config/discord/0.0.49/modules/pending/discord_game_utils-1.zip: 28%
2024-05-06T21:52:36.716Z [Modules] Streaming discord_game_utils@1 to /home/dabs/.config/discord/0.0.49/modules/pending/discord_game_utils-1.zip: 29%
2024-05-06T21:52:36.718Z [Modules] Streaming discord_game_utils@1 to /home/dabs/.config/discord/0.0.49/modules/pending/discord_game_utils-1.zip: 30%
2024-05-06T21:52:36.721Z [Modules] Streaming discord_game_utils@1 to /home/dabs/.config/discord/0.0.49/modules/pending/discord_game_utils-1.zip: 31%
2024-05-06T21:52:36.726Z [Modules] Streaming discord_game_utils@1 to /home/dabs/.config/discord/0.0.49/modules/pending/discord_game_utils-1.zip: 32%
2024-05-06T21:52:36.729Z [Modules] Streaming discord_game_utils@1 to /home/dabs/.config/discord/0.0.49/modules/pending/discord_game_utils-1.zip: 33%
2024-05-06T21:52:36.731Z [Modules] Streaming discord_game_utils@1 to /home/dabs/.config/discord/0.0.49/modules/pending/discord_game_utils-1.zip: 34%
2024-05-06T21:52:36.735Z [Modules] Streaming discord_game_utils@1 to /home/dabs/.config/discord/0.0.49/modules/pending/discord_game_utils-1.zip: 35%
2024-05-06T21:52:36.740Z [Modules] Streaming discord_game_utils@1 to /home/dabs/.config/discord/0.0.49/modules/pending/discord_game_utils-1.zip: 36%
2024-05-06T21:52:36.751Z [Modules] Streaming discord_game_utils@1 to /home/dabs/.config/discord/0.0.49/modules/pending/discord_game_utils-1.zip: 37%
2024-05-06T21:52:36.754Z [Modules] Streaming discord_game_utils@1 to /home/dabs/.config/discord/0.0.49/modules/pending/discord_game_utils-1.zip: 38%
2024-05-06T21:52:36.756Z [Modules] Streaming discord_game_utils@1 to /home/dabs/.config/discord/0.0.49/modules/pending/discord_game_utils-1.zip: 39%
2024-05-06T21:52:36.758Z [Modules] Streaming discord_game_utils@1 to /home/dabs/.config/discord/0.0.49/modules/pending/discord_game_utils-1.zip: 40%
2024-05-06T21:52:36.763Z [Modules] Streaming discord_game_utils@1 to /home/dabs/.config/discord/0.0.49/modules/pending/discord_game_utils-1.zip: 41%
2024-05-06T21:52:36.765Z [Modules] Streaming discord_game_utils@1 to /home/dabs/.config/discord/0.0.49/modules/pending/discord_game_utils-1.zip: 42%
2024-05-06T21:52:36.769Z [Modules] Streaming discord_game_utils@1 to /home/dabs/.config/discord/0.0.49/modules/pending/discord_game_utils-1.zip: 43%
2024-05-06T21:52:36.774Z [Modules] Streaming discord_game_utils@1 to /home/dabs/.config/discord/0.0.49/modules/pending/discord_game_utils-1.zip: 44%
2024-05-06T21:52:36.779Z [Modules] Streaming discord_game_utils@1 to /home/dabs/.config/discord/0.0.49/modules/pending/discord_game_utils-1.zip: 45%
2024-05-06T21:52:36.784Z [Modules] Streaming discord_game_utils@1 to /home/dabs/.config/discord/0.0.49/modules/pending/discord_game_utils-1.zip: 46%
2024-05-06T21:52:36.786Z [Modules] Streaming discord_game_utils@1 to /home/dabs/.config/discord/0.0.49/modules/pending/discord_game_utils-1.zip: 47%
2024-05-06T21:52:36.795Z [Modules] Streaming discord_game_utils@1 to /home/dabs/.config/discord/0.0.49/modules/pending/discord_game_utils-1.zip: 48%
2024-05-06T21:52:36.801Z [Modules] Streaming discord_game_utils@1 to /home/dabs/.config/discord/0.0.49/modules/pending/discord_game_utils-1.zip: 49%
2024-05-06T21:52:36.804Z [Modules] Streaming discord_game_utils@1 to /home/dabs/.config/discord/0.0.49/modules/pending/discord_game_utils-1.zip: 50%
2024-05-06T21:52:36.805Z [Modules] Streaming discord_game_utils@1 to /home/dabs/.config/discord/0.0.49/modules/pending/discord_game_utils-1.zip: 51%
2024-05-06T21:52:36.815Z [Modules] Streaming discord_game_utils@1 to /home/dabs/.config/discord/0.0.49/modules/pending/discord_game_utils-1.zip: 53%
2024-05-06T21:52:36.821Z [Modules] Streaming discord_game_utils@1 to /home/dabs/.config/discord/0.0.49/modules/pending/discord_game_utils-1.zip: 54%
2024-05-06T21:52:36.823Z [Modules] Streaming discord_game_utils@1 to /home/dabs/.config/discord/0.0.49/modules/pending/discord_game_utils-1.zip: 55%
2024-05-06T21:52:36.830Z [Modules] Streaming discord_game_utils@1 to /home/dabs/.config/discord/0.0.49/modules/pending/discord_game_utils-1.zip: 56%
2024-05-06T21:52:36.831Z [Modules] Streaming discord_game_utils@1 to /home/dabs/.config/discord/0.0.49/modules/pending/discord_game_utils-1.zip: 57%
2024-05-06T21:52:36.833Z [Modules] Streaming discord_game_utils@1 to /home/dabs/.config/discord/0.0.49/modules/pending/discord_game_utils-1.zip: 58%
2024-05-06T21:52:36.837Z [Modules] Streaming discord_game_utils@1 to /home/dabs/.config/discord/0.0.49/modules/pending/discord_game_utils-1.zip: 59%
2024-05-06T21:52:36.840Z [Modules] Streaming discord_game_utils@1 to /home/dabs/.config/discord/0.0.49/modules/pending/discord_game_utils-1.zip: 60%
2024-05-06T21:52:36.844Z [Modules] Streaming discord_game_utils@1 to /home/dabs/.config/discord/0.0.49/modules/pending/discord_game_utils-1.zip: 61%
2024-05-06T21:52:36.848Z [Modules] Streaming discord_game_utils@1 to /home/dabs/.config/discord/0.0.49/modules/pending/discord_game_utils-1.zip: 62%
2024-05-06T21:52:36.852Z [Modules] Streaming discord_game_utils@1 to /home/dabs/.config/discord/0.0.49/modules/pending/discord_game_utils-1.zip: 63%
2024-05-06T21:52:36.854Z [Modules] Streaming discord_game_utils@1 to /home/dabs/.config/discord/0.0.49/modules/pending/discord_game_utils-1.zip: 64%
2024-05-06T21:52:36.858Z [Modules] Streaming discord_game_utils@1 to /home/dabs/.config/discord/0.0.49/modules/pending/discord_game_utils-1.zip: 65%
2024-05-06T21:52:36.865Z [Modules] Streaming discord_game_utils@1 to /home/dabs/.config/discord/0.0.49/modules/pending/discord_game_utils-1.zip: 66%
2024-05-06T21:52:36.868Z [Modules] Streaming discord_game_utils@1 to /home/dabs/.config/discord/0.0.49/modules/pending/discord_game_utils-1.zip: 67%
2024-05-06T21:52:36.872Z [Modules] Streaming discord_game_utils@1 to /home/dabs/.config/discord/0.0.49/modules/pending/discord_game_utils-1.zip: 68%
2024-05-06T21:52:36.873Z [Modules] Streaming discord_game_utils@1 to /home/dabs/.config/discord/0.0.49/modules/pending/discord_game_utils-1.zip: 69%
2024-05-06T21:52:36.882Z [Modules] Streaming discord_game_utils@1 to /home/dabs/.config/discord/0.0.49/modules/pending/discord_game_utils-1.zip: 70%
2024-05-06T21:52:36.883Z [Modules] Streaming discord_game_utils@1 to /home/dabs/.config/discord/0.0.49/modules/pending/discord_game_utils-1.zip: 71%
2024-05-06T21:52:37.001Z [Modules] Streaming discord_game_utils@1 to /home/dabs/.config/discord/0.0.49/modules/pending/discord_game_utils-1.zip: 73%
2024-05-06T21:52:37.005Z [Modules] Streaming discord_game_utils@1 to /home/dabs/.config/discord/0.0.49/modules/pending/discord_game_utils-1.zip: 75%
2024-05-06T21:52:37.007Z [Modules] Streaming discord_game_utils@1 to /home/dabs/.config/discord/0.0.49/modules/pending/discord_game_utils-1.zip: 78%
2024-05-06T21:52:37.012Z [Modules] Streaming discord_game_utils@1 to /home/dabs/.config/discord/0.0.49/modules/pending/discord_game_utils-1.zip: 80%
2024-05-06T21:52:37.012Z [Modules] Streaming discord_game_utils@1 to /home/dabs/.config/discord/0.0.49/modules/pending/discord_game_utils-1.zip: 81%
2024-05-06T21:52:37.016Z [Modules] Streaming discord_game_utils@1 to /home/dabs/.config/discord/0.0.49/modules/pending/discord_game_utils-1.zip: 82%
2024-05-06T21:52:37.016Z [Modules] Streaming discord_game_utils@1 to /home/dabs/.config/discord/0.0.49/modules/pending/discord_game_utils-1.zip: 83%
2024-05-06T21:52:37.025Z [Modules] Streaming discord_game_utils@1 to /home/dabs/.config/discord/0.0.49/modules/pending/discord_game_utils-1.zip: 86%
2024-05-06T21:52:37.025Z [Modules] Streaming discord_game_utils@1 to /home/dabs/.config/discord/0.0.49/modules/pending/discord_game_utils-1.zip: 88%
2024-05-06T21:52:37.029Z [Modules] Streaming discord_game_utils@1 to /home/dabs/.config/discord/0.0.49/modules/pending/discord_game_utils-1.zip: 90%
2024-05-06T21:52:37.033Z [Modules] Streaming discord_game_utils@1 to /home/dabs/.config/discord/0.0.49/modules/pending/discord_game_utils-1.zip: 93%
2024-05-06T21:52:37.033Z [Modules] Streaming discord_game_utils@1 to /home/dabs/.config/discord/0.0.49/modules/pending/discord_game_utils-1.zip: 96%
2024-05-06T21:52:37.033Z [Modules] Streaming discord_game_utils@1 to /home/dabs/.config/discord/0.0.49/modules/pending/discord_game_utils-1.zip: 100%
2024-05-06T21:52:37.034Z [Modules] Fetching discord_zstd@0 from https://discord.com/api/modules/stable/discord_zstd/0
2024-05-06T21:52:37.034Z [Modules] Streaming discord_zstd@0 to /home/dabs/.config/discord/0.0.49/modules/pending/discord_zstd-0.zip
2024-05-06T21:52:37.034Z [Modules] Installing discord_game_utils@1 from /home/dabs/.config/discord/0.0.49/modules/pending/discord_game_utils-1.zip
2024-05-06T21:52:37.064Z [Modules] Finished module installations. [success: 1] [failure: 0]
2024-05-06T21:52:38.539Z [Modules] Failed fetching module discord_zstd@0: Error: HTTP Error: Status Code 403
2024-05-06T21:52:38.539Z [Modules] Waiting 1000ms before next download.
2024-05-06T21:52:40.331Z [Modules] Fetching discord_rpc@1 from https://discord.com/api/modules/stable/discord_rpc/1
2024-05-06T21:52:40.331Z [Modules] Streaming discord_rpc@1 to /home/dabs/.config/discord/0.0.49/modules/pending/discord_rpc-1.zip
2024-05-06T21:52:41.176Z [Modules] Streaming discord_rpc@1 to /home/dabs/.config/discord/0.0.49/modules/pending/discord_rpc-1.zip: 38%
2024-05-06T21:52:41.178Z [Modules] Streaming discord_rpc@1 to /home/dabs/.config/discord/0.0.49/modules/pending/discord_rpc-1.zip: 75%
2024-05-06T21:52:41.182Z [Modules] Streaming discord_rpc@1 to /home/dabs/.config/discord/0.0.49/modules/pending/discord_rpc-1.zip: 100%
2024-05-06T21:52:41.183Z [Modules] Finished module downloads. [success: 3] [failure: 1]
2024-05-06T21:52:41.183Z [Modules] Installing discord_rpc@1 from /home/dabs/.config/discord/0.0.49/modules/pending/discord_rpc-1.zip
2024-05-06T21:52:41.190Z [Modules] Finished module installations. [success: 1] [failure: 0]
