2024-05-06T21:52:18.512Z 0: 

----------------------------------------------
2024-05-06T21:52:18.522Z 1: Discord starting: {"releaseChannel":"stable","version":"0.0.49"}, modulepath: /home/dabs/.config/discord/0.0.49/modules
2024-05-06T21:52:18.531Z 2: ✅ webContents.created web1 ""
2024-05-06T21:52:18.542Z 3: ✅ window.created win1 "discord"
2024-05-06T21:52:18.702Z 4: ✅ webContents.did-finish-load web1
2024-05-06T21:52:29.732Z 5: ✅ webContents.created web2 ""
2024-05-06T21:52:29.738Z 6: ✅ window.created win2 "Discord"
2024-05-06T21:52:31.589Z 7: ✅ webContents.did-finish-load web2
2024-05-06T21:52:31.689Z 8: window.close win1
2024-05-06T21:52:31.713Z 9: webContents.destroyed web1
2024-05-06T21:52:31.723Z 10: window.closed win1
2024-05-06T21:53:37.146Z 11: window.close win2
2024-05-06T21:53:37.153Z 12: before-quit
2024-05-06T21:53:37.158Z 13: window.close win2
2024-05-06T21:53:37.182Z 14: webContents.destroyed web2
2024-05-12T12:41:51.777Z 0: 

----------------------------------------------
2024-05-12T12:41:51.796Z 1: Discord starting: {"releaseChannel":"stable","version":"0.0.49"}, modulepath: /home/dabs/.config/discord/0.0.49/modules
2024-05-12T12:41:51.805Z 2: ✅ webContents.created web1 ""
2024-05-12T12:41:51.817Z 3: ✅ window.created win1 "discord"
2024-05-12T12:41:51.974Z 4: ✅ webContents.did-finish-load web1
2024-05-12T12:41:52.208Z 5: ✅ webContents.created web2 ""
2024-05-12T12:41:52.214Z 6: ✅ window.created win2 "Discord"
2024-05-12T12:41:54.698Z 7: ✅ webContents.did-finish-load web2
2024-05-12T12:41:54.798Z 8: window.close win1
2024-05-12T12:41:54.831Z 9: webContents.destroyed web1
2024-05-12T12:41:54.839Z 10: window.closed win1
2024-05-12T12:41:56.549Z 11: ✅ webContents.did-finish-load web2
2024-05-12T12:42:12.788Z 12: window.close win2
2024-05-16T12:02:46.909Z 0: 

----------------------------------------------
2024-05-16T12:02:46.928Z 1: Discord starting: {"releaseChannel":"stable","version":"0.0.49"}, modulepath: /home/dabs/.config/discord/0.0.49/modules
2024-05-16T12:02:46.934Z 2: ✅ webContents.created web1 ""
2024-05-16T12:02:46.939Z 3: ✅ window.created win1 "discord"
2024-05-16T12:02:47.094Z 4: ✅ webContents.did-finish-load web1
2024-05-16T12:02:47.349Z 5: ✅ webContents.created web2 ""
2024-05-16T12:02:47.355Z 6: ✅ window.created win2 "Discord"
2024-05-16T12:02:49.287Z 7: ✅ webContents.did-finish-load web2
2024-05-16T12:02:49.386Z 8: window.close win1
2024-05-16T12:02:49.406Z 9: webContents.destroyed web1
2024-05-16T12:02:49.412Z 10: window.closed win1
2024-05-16T12:10:06.556Z 11: window.close win2
2024-05-16T12:10:06.563Z 12: before-quit
2024-05-16T12:10:06.568Z 13: window.close win2
2024-05-16T12:10:06.585Z 14: webContents.destroyed web2
2024-05-16T12:28:18.456Z 0: 

----------------------------------------------
2024-05-16T12:28:18.502Z 1: Discord starting: {"releaseChannel":"stable","version":"0.0.49"}, modulepath: /home/dabs/.config/discord/0.0.49/modules
2024-05-16T12:28:18.508Z 2: ✅ webContents.created web1 ""
2024-05-16T12:28:18.513Z 3: ✅ window.created win1 "discord"
2024-05-16T12:28:18.669Z 4: ✅ webContents.did-finish-load web1
2024-05-16T12:28:18.901Z 5: ✅ webContents.created web2 ""
2024-05-16T12:28:18.912Z 6: ✅ window.created win2 "Discord"
2024-05-16T12:28:20.561Z 7: ✅ webContents.did-finish-load web2
2024-05-16T12:28:20.661Z 8: window.close win1
2024-05-16T12:28:20.684Z 9: webContents.destroyed web1
2024-05-16T12:28:20.690Z 10: window.closed win1
2024-05-16T12:28:39.754Z 11: window.close win2
2024-05-16T12:28:39.762Z 12: before-quit
2024-05-16T12:28:39.767Z 13: window.close win2
2024-05-16T12:28:39.805Z 14: webContents.destroyed web2
2024-05-16T12:28:48.785Z 0: 

----------------------------------------------
2024-05-16T12:28:48.830Z 1: Discord starting: {"releaseChannel":"stable","version":"0.0.49"}, modulepath: /home/dabs/.config/discord/0.0.49/modules
2024-05-16T12:28:48.836Z 2: ✅ webContents.created web1 ""
2024-05-16T12:28:48.842Z 3: ✅ window.created win1 "discord"
2024-05-16T12:28:49.012Z 4: ✅ webContents.created web2 ""
2024-05-16T12:28:49.025Z 5: ✅ window.created win2 "Discord"
2024-05-16T12:28:49.035Z 6: ✅ webContents.did-finish-load web1
2024-05-16T12:28:51.589Z 7: ✅ webContents.did-finish-load web2
2024-05-16T12:28:51.689Z 8: window.close win1
2024-05-16T12:28:51.715Z 9: webContents.destroyed web1
2024-05-16T12:28:51.721Z 10: window.closed win1
2024-05-16T12:29:03.608Z 11: window.close win2
2024-05-16T12:29:03.613Z 12: before-quit
2024-05-16T12:29:03.618Z 13: window.close win2
2024-05-16T12:29:03.635Z 14: webContents.destroyed web2
2024-05-18T22:26:20.507Z 0: 

----------------------------------------------
2024-05-18T22:26:20.521Z 1: Discord starting: {"releaseChannel":"stable","version":"0.0.49"}, modulepath: /home/dabs/.config/discord/0.0.49/modules
2024-05-18T22:26:20.526Z 2: ✅ webContents.created web1 ""
2024-05-18T22:26:20.531Z 3: ✅ window.created win1 "discord"
2024-05-18T22:26:20.653Z 4: ✅ webContents.did-finish-load web1
2024-05-18T22:26:20.857Z 5: ✅ webContents.created web2 ""
2024-05-18T22:26:20.867Z 6: ✅ window.created win2 "Discord"
2024-05-18T22:26:23.409Z 7: ✅ webContents.did-finish-load web2
2024-05-18T22:26:23.509Z 8: window.close win1
2024-05-18T22:26:23.534Z 9: webContents.destroyed web1
2024-05-18T22:26:23.540Z 10: window.closed win1
2024-05-18T22:51:06.048Z 11: window.close win2
2024-05-18T22:51:06.063Z 12: before-quit
2024-05-18T22:51:06.069Z 13: window.close win2
2024-05-18T22:51:06.098Z 14: webContents.destroyed web2
